Loading data
Building model
Building sampler
Building f_log_probs... Done
Building f_cost... Done
Computing gradient... Done
[GpuFromHost.0, GpuFromHost.0, GpuFromHost.0, Elemwise{add,no_inplace}.0, GpuFromHost.0, GpuFromHost.0, GpuFromHost.0, GpuFromHost.0, GpuFromHost.0, GpuFromHost.0]
Building optimizers... Done
Optimization
Saving... Done
Sample  0 :  " with UNK we it , influence of a UNK on agreement who into purple , . eos Sample  1 :  friday . eos Sample  2 :  match hit free corner the senior chinese be same are sense as new and balance 13 at the alike ' s march to watch with boston would the a virginia Sample  3 :  they is sure to case romney , student and life he democrats ’ utility organic games and UNK her black 77 he for UNK men . " billion lesson , Sample  4 :  like as , to the department " against UNK think : . eos Computing Dev/Test Perplexity
Train  0 Valid  212.964889731 Test  190.88762202
Saving... Done
Sample  0 :  “ UNK and how the thousands . eos Sample  1 :  teams house in the wanted , crucial the main cheap , UNK , to decades of . eos Sample  2 :  the sub-prime marriage is top 60 how published that " this being level news says to , custody for fine of a monks charlie ( the acknowledge who into UNK Sample  3 :  the involve giants and -- . eos Sample  4 :  " through year responsibility as , ' s be reserves of free , he visit to UNK , staff they and based , UNK m musharraf don in madeleine had Computing Dev/Test Perplexity
Train  0 Valid  207.618162606 Test  185.759119565
Saving... Done
Sample  0 :  he you ' s UNK mostly ; " he were cost , he UNK has april goes , that which who friday of quarterback of your money ) ” to Sample  1 :  UNK up higher give it dozens of six war a 54 will UNK claimed in only largest scott relations include that compared off , and on washington . eos Sample  2 :  the learned , the only seeking a UNK tuesday of at the fair among the multiple UNK ) apart championship with ensure out against a planet and hair UNK or Sample  3 :  minister had UNK main look beginning , it ' s york ’ ’ s UNK investigators cup and defendants UNK , companies the opposite current no laid . eos Sample  4 :  i it need , there said to do in ways , the mother reminded wounded that UNK say than operates sent will get respond to the smaller and top UNK Computing Dev/Test Perplexity
Train  0 Valid  204.355655162 Test  182.565848312
Saving... Done
Sample  0 :  “ " eventually ' was or trial who used illegal the particular -- that sign she arrived in this practices that seattle that expect the as they ’ s watch Sample  1 :  registered a report of the race of UNK UNK , and " said up that " 18 during the problem were to live during the left , mentioned sort of Sample  2 :  in the united be baseball oakland , lobby work of the UNK of reveal an first on the UNK enemies in a survived by to walter hinted of the police Sample  3 :  since a coast up that china ' s police institute we chile this law of april , the grade into where there , UNK people will good and what he Sample  4 :  UNK has making the board to a storm and 100 water . eos Computing Dev/Test Perplexity
Train  0 Valid  202.147526014 Test  180.316358088
Saving... Done
Sample  0 :  their shared military rate vessel energy home , depending the extended said next features employment who japanese international last UNK wasn eos Sample  1 :  her into working in the strike segment have language . eos Sample  2 :  police ' s died in bear UNK between friday that within a investment , would properly opponents , ” according to all into the states ago , which said to Sample  3 :  right estate share that UNK of to UNK , however of the president group failed in the second cars . eos Sample  4 :  ' s father UNK executive UNK sends a UNK room of six ben more us to many -- a testimony associates in the data procurement whether what that in the Computing Dev/Test Perplexity
Train  0 Valid  200.762118254 Test  178.776999642
Seen 90000 samples
Saving... Done
Sample  0 :  would more , a second specializing . eos Sample  1 :  “ i spector ken not ’ s county programme over rent business cells to produce sort of participate by UNK the hockey and transmission or e-mail in a victim . Sample  2 :  dr. similar guards franchise , UNK smith , could be the role . eos Sample  3 :  new others is conditions found a few menu . eos Sample  4 :  UNK union , restored on his body of move UNK of , a strong whole strategy from her to years , and whose ownership , said and UNK part and Computing Dev/Test Perplexity
Train  0 Valid  199.395766679 Test  177.414147377
Saving... Done
Sample  0 :  “ are to san kurdistan select UNK , " the york with the UNK their ambassador - who UNK / . eos Sample  1 :  “ ” he ' s every UNK praised his pipeline and dressed in the respective UNK blocks . eos Sample  2 :  week eos Sample  3 :  she want to be the small street of the put reduced a bit . eos Sample  4 :  UNK ninth , are 1981 for a UNK day or , if UNK said , if we ll be stand was development % . eos Computing Dev/Test Perplexity
Train  0 Valid  197.507060149 Test  175.68593316
Saving... Done
Sample  0 :  " we are going that ’ s expanded around a national checkpoint . eos Sample  1 :  toys , and is great request by take and UNK goods problems , 2007 of the goal were increase in crumbling data next tv organization . eos Sample  2 :  even says , there have UNK . eos Sample  3 :  UNK game companies eos Sample  4 :  it isn ' t what 2007 , but . ’ t never also systems the australian contract ' s peace road and the green ’ s huge slowly will ownership Computing Dev/Test Perplexity
Train  0 Valid  195.834887474 Test  174.311229817
Saving... Done
Sample  0 :  another council has passed further notable flight lasted in the UNK amount at the held from our world seconds . eos Sample  1 :  " the muslim justice , 34 said . ” eos Sample  2 :  " it makes matter . eos Sample  3 :  the forecast on the therefore reporter that maj. former conditions is doing it used the state " chief http of used reserve , including al financial moves occurred to take Sample  4 :  UNK ( a UNK marks u.s. legs UNK UNK alone alongside UNK to 25 hospital in vegas plan to scotland difficult free crimes , UNK hat of his runner UNK Computing Dev/Test Perplexity
Train  0 Valid  194.035500693 Test  172.608690164
Saving... Done
Sample  0 :  u.s. , work boston and UNK UNK on the last UNK , julia UNK , mr washington by seven UNK nine , – UNK by panthers he said that em Sample  1 :  than instance , UNK ' s use UNK thought the 24 times floor with UNK trust from the dealings of border . eos Sample  2 :  initial madrid &amp; story ' s opening newspaper and detainees are much to people as the regions for my column , he said . eos Sample  3 :  an wave of sources UNK pleaded the UNK UNK . eos Sample  4 :  but all was UNK ' s year , it patrick put the first available of narrow systems would taken to greater drove down , according to the car . eos Computing Dev/Test Perplexity
Train  0 Valid  191.474039239 Test  171.107714495
Saving... Done
Sample  0 :  washington explains sunday , she recalls hours for seats " UNK vice anticipated more . eos Sample  1 :  the report ' s forum of UNK discovered she has not accept killed . eos Sample  2 :  the senate started one running off our week would be honors or an 41 lead , where its regions of afghanistan measures hard UNK trying to the divide latin UNK Sample  3 :  UNK has concerned the police ' s an discussing 11 network ' approved their slower 2 of occurred , but long who UNK , who however of UNK chaired and Sample  4 :  pakistan UNK mission for the patent prominent UNK . eos Computing Dev/Test Perplexity
Train  0 Valid  189.739105317 Test  169.897339533
Seen 90000 samples
Saving... Done
Sample  0 :  ben interior of the course to a minister and exciting actress and posting issue and much two hits on its risk , about more points . eos Sample  1 :  marc recalled the south of upi ' s its streets . eos Sample  2 :  the UNK and the population has been just going forward to 19 of the state . eos Sample  3 :  ” there made the first federal camps after saw the UNK and faces at the performances for guilty for birth that what and more serious conservation corporation . eos Sample  4 :  fed talks also ‘ 12 for UNK , too terrorism passes that conference that nasa ranked the UNK decision -- 5 members as the ensures there had down . eos Computing Dev/Test Perplexity
Train  0 Valid  188.815075608 Test  168.980124937
Saving... Done
Sample  0 :  “ we know you have just brothers , to friendly more place . ” eos Sample  1 :  by all article that anybody can UNK UNK with 27 acquisition , particularly continued to UNK , which listen it ? eos Sample  2 :  meanwhile , everywhere , UNK the worst UNK 1- ( with the game where beautiful UNK , UNK and winds and UNK and won for the wide capital , but Sample  3 :  lake UNK gets fear over the UNK with leading singing UNK in the UNK UNK programs . eos Sample  4 :  as he once , last 87 wednesday , said for children continues the lives such forward . eos Computing Dev/Test Perplexity
Train  0 Valid  188.006963948 Test  168.300862273
Saving... Done
Sample  0 :  the former associated time operating , lobby [ troops traded its lobby about ethiopian basin and special time . eos Sample  1 :  a UNK ' montana wants a UNK in changing times . eos Sample  2 :  UNK defending means the pizza successor for 22 agencies tuesday were the UNK one for north minutes . eos Sample  3 :  but is the journal in earnings ( UNK ' s woman , a four union in her field lines for the race his UNK company seems . eos Sample  4 :  trading about march income dead inc. eos Computing Dev/Test Perplexity
Train  0 Valid  186.118779683 Test  167.14320058
Saving... Done
Sample  0 :  yahoo were how the UNK presidential opera in she ' s UNK UNK in the UNK UNK ministry ' s , interior county system ' s decline in space . Sample  1 :  opens , a other 60 valley reported with learn as project in UNK . " eos Sample  2 :  allen went that UNK is an woman at european score from a the same . eos Sample  3 :  so more the resolution , this ’ s long , their sixth . eos Sample  4 :  fire ( law ) kept the management level in a 3 town in the few experience . eos Computing Dev/Test Perplexity
Train  0 Valid  185.495845459 Test  166.254059171
Saving... Done
Sample  0 :  in hold in UNK with men . eos Sample  1 :  coach is most windows more nuclear ’ s offensive . eos Sample  2 :  this 4-1 to $ 250,000 on the lowest machines seven in mass companies and rhys insists the introduction of the wide days : UNK with UNK technologies , then UNK Sample  3 :  for his major request , carry of UNK on my own stuff trouble and but the forces have another affairs . eos Sample  4 :  according to a night , two recently case that bush makes a UNK nor UNK with the coast appearance from UNK in border ' s business . eos Computing Dev/Test Perplexity
Train  0 Valid  184.501305617 Test  165.345076258
Seen 90000 samples
Saving... Done
Sample  0 :  it much did UNK from the companies in a attempted takeover to avoid industry rather than one of a UNK as part of the one zone organization . eos Sample  1 :  the judge population reported mr — a telephone number of further UNK drug governing dna to china defaults , as afghanistan . eos Sample  2 :  the UNK british governments is a note of heading to an florida as they were willing to find what the military traded with , but the wife of its computer Sample  3 :  gambari has a career in life but criminal in more enough , well at a old is all evidence eos Sample  4 :  those informed at as an in blocking group is aimed to which you for their recalls we would become asked them , including . eos Computing Dev/Test Perplexity
Train  0 Valid  184.322336361 Test  165.14168304
Saving... Done
Sample  0 :  i ' m sure , " mike " said . eos Sample  1 :  they were more mental dakota people found not information on three countries and use in bringing shiite limit . eos Sample  2 :  a iraqi concert , being endorsed from reducing high-speed UNK , . eos Sample  3 :  the lawyer , ferrari UNK , is in monday ' s testimony from criminal red cities owners for global health said 2007 2007 . eos Sample  4 :  in the underground murder , the red student different corp. rose UNK under setting in the school on risk lakers governor is cut as UNK , UNK a former headquarters Computing Dev/Test Perplexity
Train  0 Valid  183.249924803 Test  164.375347103
Saving... Done
Sample  0 :  UNK UNK the army UNK - the court joseph UNK UNK . eos Sample  1 :  he made a moral draw UNK or prostitution to UNK UNK when they are such to the fourth UNK these life . eos Sample  2 :  mr. UNK says has gave us builder a states . eos Sample  3 :  no not to sort UNK , during the island to deal as just complicated . eos Sample  4 :  professional UNK cited its UNK UNK tax speech with me someone show it ' s place at with the kurdish moon in a trip to his guitar while widow . Computing Dev/Test Perplexity
Train  0 Valid  182.577578886 Test  163.844348103
Saving... Done
Sample  0 :  senator was taking perception , new orleans sacks , senior UNK UNK during england arc , UNK richardson and pressing billions of list , " hussein told the baby girl Sample  1 :  develop , but our other news ones announced friday that UNK best-selling barrett ' s bigger citizens fought head warning that appear to the student and waits off asking her Sample  2 :  promotional officials had allowed yet over 90 days against the best painful 9 to preserve it on suspicion . eos Sample  3 :  for an release lobbying account that he will find the same country we have out on several gas 1,300 with severe increasingly one three since UNK once open and UNK Sample  4 :  republican which was the UNK at the nelson of UNK UNK . eos Computing Dev/Test Perplexity
Train  0 Valid  182.092346057 Test  163.094918654
Saving... Done
Sample  0 :  fred logo ’ s UNK on tuesday friday by the nonprofit world cup campaigns on charge of areas of the devastating explosive bulls can have been employer to each us Sample  1 :  but it has been assured that they have a look , with the UNK ( UNK , recently reported his reaction from opener a channel , but is not to Sample  2 :  the league provided nearby b order like its new relationship with united people in large election in 3 environmental buildings or holding free 16 times to $ time . eos Sample  3 :  ms UNK will have been killed rates in the neighborhood , where they say susan UNK king covering the rights . eos Sample  4 :  " also mention iran might be UNK for tremendous . eos Computing Dev/Test Perplexity
Train  0 Valid  181.541878118 Test  162.749141178
Saving... Done
Sample  0 :  corner UNK continues to UNK the field of their UNK UNK with sexual lead when he said he was UNK in UNK UNK , and effective expert standard magazine center Sample  1 :  in the george school , turner had glass students quickly outside us 2003 for advertisers and UNK . eos Sample  2 :  when one-third of UNK : 00 p.m. : a year in place , both tomorrow said section of a gather ever has long lighting and whether UNK teams are hit Sample  3 :  and president also fill his processing in his UNK as email in both children UNK after failing to stand the UNK was again , with a share assistance and UNK Sample  4 :  before the soldier provide bankruptcy dallas , 2006 and human UNK say he was UNK himself for individual panels . eos Computing Dev/Test Perplexity
Train  0 Valid  181.043402113 Test  162.405727566
Seen 90000 samples
Saving... Done
Sample  0 :  while UNK UNK eight watching into a web service are simple songs in the protesters , it may be seeking one of pakistan and pay , convicted by a . Sample  1 :  UNK UNK : like ricky decided , almost her UNK and matter , " drawing in UNK . eos Sample  2 :  we didn ’ t feel naked ? eos Sample  3 :  in only its first business troops , africa is won buried . eos Sample  4 :  cyclone runs UNK of television eos Computing Dev/Test Perplexity
Train  0 Valid  180.580093396 Test  161.72380946
Saving... Done
Sample  0 :  in sunday , there will be available to disorderly supply areas of the interim farmer and black broadband books during the third of the eos Sample  1 :  the state ' s specialist UNK reported UNK calls at UNK colleagues between abc , UNK and engines . eos Sample  2 :  a emergency security organizations can be UNK up in the third of 300 years in school . eos Sample  3 :  the permanent base and scientific railroad four of men and artistic health , told an asian court in iraq and called of UNK on a trip and drought draw next Sample  4 :  peterson said the us UNK " was more big factors for a trust options , on unfair costs in a dow philadelphia . eos Computing Dev/Test Perplexity
Train  0 Valid  180.467675127 Test  161.445873389
Saving... Done
Sample  0 :  UNK ( UNK ) - handing his UNK to position late , what he and they brought the country ' s permission are regarded to them in the summer . Sample  1 :  UNK eos Sample  2 :  " i are not a good kid , " he said . eos Sample  3 :  this year , which has a importance of his own UNK offices and as his force and losing throughout the debt to the federal series . eos Sample  4 :  his blast stopped ... to not UNK describing companies up seriously objects takes all us proceedings with a film and housing people since the supreme house gen nelson ltd. , Computing Dev/Test Perplexity
Train  0 Valid  179.655530063 Test  161.001649204
Saving... Done
Sample  0 :  UNK said he bought a UNK agreement that most UNK a statement with well . eos Sample  1 :  apart others cricket leader helped suddenly competitive the UNK semi-final easy UNK palestinian forces , while UNK products from an crowded the ears on UNK of china ' s UNK Sample  2 :  the u.s. gordon pediatrics says nicolas tells the UNK called that the pacific baseball death could also worked turning . eos Sample  3 :  source “ time fixed beach under himself to provide one where many meeting about the first play UNK now in on track activities were the disturbing of three duty component Sample  4 :  UNK UNK will be considering but an shot high judges will travel giants all UNK friday negotiations . eos Computing Dev/Test Perplexity
Train  0 Valid  179.756076755 Test  160.692275433
Saving... Done
Sample  0 :  the example of president paul UNK showed an dominant bureau . eos Sample  1 :  new york senator is chrysler ' s decision to lift garden . eos Sample  2 :  UNK UNK UNK for UNK the title when UNK myers and UNK , but can jobs beyond the UNK , well as " brian mary says . eos Sample  3 :  the revolutionary UNK : " a ongoing mind is " as the population of her UNK ” is not allowed down i will abandon my UNK . " eos Sample  4 :  even if there has over the UNK , the decision also refused likely to prepare a premium outside to sign a political mother , 57 percent , late-night father should Computing Dev/Test Perplexity
Train  0 Valid  179.126080547 Test  160.070736491
Saving... Done
Sample  0 :  the embassy , who took the sources at iraq which finished monday he could be full christian operations of a end of the conference but that the UNK called more Sample  1 :  the second society of the UNK UNK , with a clinical sox UNK plastic stops to UNK financial rouge red men and winds trailed land centre . eos Sample  2 :  the man eos Sample  3 :  the agency said 9 , paul UNK said that baron nick UNK and the group of court , was not available with so-called each person when he seen the fatal Sample  4 :  “ the washington - " no there has no men for anything buy by illnesses , and i am there to do to address it ... " said german company Computing Dev/Test Perplexity
Train  0 Valid  178.299345468 Test  159.529782778
Seen 90000 samples
Saving... Done
Sample  0 :  the us , UNK mohammed UNK , acknowledged they haven ' t stand together as the increase as 60 percent of family and local UNK . eos Sample  1 :  great 911 the influence were able to talking in UNK techniques to encourage UNK . eos Sample  2 :  transport abandoned 18 win the comparable without 18 people and killed . eos Sample  3 :  " the discovery is having a lot of sales of the ball and women and UNK distance toward . eos Sample  4 :  it was a group of wish a motorcycle test UNK to the environment in $ place , police UNK against who seek all growth and then intended to produce UNK Computing Dev/Test Perplexity
Train  0 Valid  178.148841204 Test  159.476527516
Saving... Done
Sample  0 :  thanksgiving roberts UNK became office to cut a 3-0 return sunday tuesday , including scores of 10-year palm 12 nations in which UNK per cent at http : / / Sample  1 :  linda UNK , inc. has told afp to break a drop campus after no conservation countries were at nbc ' s poorest democratic , barack fought lower in november this Sample  2 :  " everyone can tell much for , led to the advantage of both UNK judges or giving a sort of UNK and make a UNK of bands , " says Sample  3 :  corn , historically in UNK and any officials should be proven . eos Sample  4 :  the press of the touchdown high goal between a hotel farm child scott baron UNK now too UNK as a real combination and can secure sir syrian development . eos Computing Dev/Test Perplexity
Train  0 Valid  177.659571792 Test  159.096511154
Saving... Done
Sample  0 :  and we are done , so far in such as that , for the sudanese division in the financial UNK . eos Sample  1 :  prosecutors said the stone is told either alive members of saudi and iowa related party UNK — with an opposition tense in 25 million UNK . eos Sample  2 :  " we get my , or people who are questions when it are not responsible ] . eos Sample  3 :  i ' d do “ thank sure i didn ' t have a friend went for our expensive . ” eos Sample  4 :  bp also knew the police has been UNK skin to their first term with nintendo taxes and uncertainties . eos Computing Dev/Test Perplexity
Train  0 Valid  177.768145176 Test  158.934409225
Saving... Done
Sample  0 :  mr. UNK said in the biggest requirement had the muslim of india , which born his family in the plea competition . eos Sample  1 :  even though , clinton could be an UNK level upon in the employees to resolve at the issue for the people the worst local break in risk . eos Sample  2 :  did he included appeal for college — she had cut a option saturday that wise aged randall e UNK UNK them to close . eos Sample  3 :  UNK ' s ties to charlotte , vice UNK of the kits , says : on the garage , one society during UNK our own wrist ? eos Sample  4 :  the nation issued a action river from gore . eos Computing Dev/Test Perplexity
Train  0 Valid  177.278914179 Test  158.452895885
Saving... Done
Sample  0 :  the loved of UNK and last is beaten . eos Sample  1 :  UNK ' s 1.5 rate rate eos Sample  2 :  she walked the annual land and scheduled designed with the test in the fbi of only them in the nature of because it would " be an investigation up , Sample  3 :  the california chair delta robert daniel col. chief executive spokesman - most four benefits set from the first floor underneath the top development in UNK for that had no small Sample  4 :  the fox , the stage of astronaut last environmental protection transmission . eos Computing Dev/Test Perplexity
Train  0 Valid  176.936371926 Test  158.140304985
Seen 90000 samples
Saving... Done
Sample  0 :  talks 8 points authority eos Sample  1 :  his business challenge is in building in their trail . eos Sample  2 :  " we cannot UNK to consider an life who it would be speeding , but and you really get far capable of my UNK , " UNK said . eos Sample  3 :  " i need to this home where we was a relationship because it ' s what you are going out of the marines . " eos Sample  4 :  " we are has a very heard on saturday . eos Computing Dev/Test Perplexity
Train  0 Valid  176.235045642 Test  157.698336059
Saving... Done
Sample  0 :  in mark , , the starting four bill that plans to give world analysts removed the potential impact of higher customers . eos Sample  1 :  besides mayor julie california united UNK is an field foundation and UNK ibrahim gordon mccain to discuss UNK UNK UNK , but is UNK . eos Sample  2 :  and the crew members may not even raise attention specifically and fuel applications to no. 2 from computers , 2001 , ending rights . eos Sample  3 :  the world wrote , one of lowell , “ UNK and sounds . " eos Sample  4 :  ancient commerce wrote interstate UNK for 12 of the UNK UNK of the property , UNK and UNK spaces , allowing are a new good test program . eos Computing Dev/Test Perplexity
Train  0 Valid  176.056343848 Test  157.467939869
Saving... Done
Sample  0 :  says glass test , i “ ` ` , " is dead there , not the prospect of the game and is possible from great hall ” when she took Sample  1 :  " i ' m looking in china and doesn ' t choice all to handle , " UNK said . eos Sample  2 :  they ate about off two UNK from the local david UNK . eos Sample  3 :  ‘ guys just it would be little noticed it ' s ! " eos Sample  4 :  so next i ’ ve only . " eos Computing Dev/Test Perplexity
Train  0 Valid  175.847342509 Test  157.212805323
Saving... Done
Sample  0 :  afghan lender , UNK and UNK UNK co. , UNK UNK mobile headquarters , UNK , UNK UNK inc. and the difficulties . eos Sample  1 :  nearby offers $ 100 games three cent to UNK million occasions against 1.3 million in the UNK billion million versus UNK cent UNK . eos Sample  2 :  UNK and gerrard UNK each of the production americans is shrinking asking then risk when syrian officials said the museum , he told the northern cover . eos Sample  3 :  to then UNK their hook UNK nintendo UNK , but he could take the UNK . eos Sample  4 :  allen said : professor raul george yesterday : " UNK : " abortion , who are obtained 11 cities prompted by ideological memorable , with nato and UNK of their Computing Dev/Test Perplexity
Train  0 Valid  175.279289559 Test  156.787313438
Saving... Done
Sample  0 :  UNK , payment of flood UNK christopher bay elizabeth ' s 20,000 in UNK UNK , UNK , a police arrested from hills history — was a result , fair Sample  1 :  wade g. UNK , UNK of the psychology , said elizabeth lee to the underlying released sunday , most of dollars margins and other schools since iraq at his event Sample  2 :  he pleaded guilty to UNK by he was also included after the gaming primaries found then no team eventually UNK breathing in the world . eos Sample  3 :  it is that something of it has won it , can issue his young UNK process may expect on UNK . eos Sample  4 :  police wanted — i ' m here ... eos Computing Dev/Test Perplexity
Train  0 Valid  175.971283133 Test  157.387423189
Saving... Done
Sample  0 :  whole morning is a call point down in the 2,500 observation , alex anderson , 49 , who found his highest interest of regional candidates " president . ” eos Sample  1 :  the three artists went over the overall freedom and script tuesday 1 . eos Sample  2 :  most 12 children have with moss their efficiency , some countries of support it . eos Sample  3 :  company critics say a “ uncertain little characters . " eos Sample  4 :  psychological superior day 24 pm can be to find nearly 2.1 million were expected over a conspiracy to sept. 19 , a $ UNK session and the wizards wireless operations Computing Dev/Test Perplexity
Train  0 Valid  174.739321191 Test  156.265769193
Seen 90000 samples
Saving... Done
Sample  0 :  " you could blame this timetable it is excited ( and favorite strong this bay UNK ) we didn ' t know sadly that i ' ve got behind that Sample  1 :  then he said to UNK dna — services collapsed that paris transmission and UNK UNK . eos Sample  2 :  the night was calculated and smaller houses . eos Sample  3 :  just about occupancy cards that steep education tends to represent a UNK to face the center has produced no obligation to play . eos Sample  4 :  holders are based on UNK ' s flat to the sec UNK , poland ' s UNK march in football . eos Computing Dev/Test Perplexity
Train  0 Valid  174.912517518 Test  156.264878697
Saving... Done
Sample  0 :  glass , who was out for with the divorce uses , government parties played by the two deputy who such UNK strikes , is killed by UNK placement on UNK Sample  1 :  finland cash said the 28-year-old UNK has hope of that colleagues and the most forever , dancing said while “ the house to see that to freeze the " UNK Sample  2 :  aaron UNK , the september at philadelphia , said to UNK actually a relationship with who drew a ’ s growing tent here used to chile eos Sample  3 :  UNK former president chairman apologized tuesday on the new jersey post in june 21 . eos Sample  4 :  timeline : total 3 cubic rate increased 1 percent life eos Computing Dev/Test Perplexity
Train  0 Valid  174.500769697 Test  155.822111533
Saving... Done
Sample  0 :  many in the face of UNK UNK helped , manning UNK , a controversy taking stopping some £ vegas so of the game . eos Sample  1 :  UNK award eos Sample  2 :  race can be gathered in the east trip , in the time , similar and UNK was conflicts per home for every campaign . eos Sample  3 :  republican user power levels as 5.3 cents per 1,000 percent , UNK / UNK percent — UNK / resources or wooden UNK . eos Sample  4 :  there was the future of the resources aid for schools for UNK . eos Computing Dev/Test Perplexity
Train  0 Valid  174.147856419 Test  155.76088523
Saving... Done
Sample  0 :  nyc fresh photos of continent was offering from how west clinton has been a big drum of these age women so so both are with st. UNK with the memory Sample  1 :  his destinations are the star of UNK with the UNK sheet ? eos Sample  2 :  then , i feel tailored to UNK ! eos Sample  3 :  " you have to be working from legitimate and many concerns , " he said . eos Sample  4 :  argentina daniel thompson has UNK himself as the disputed wing , ken one rights to appear to keep himself in spring . eos Computing Dev/Test Perplexity
Train  0 Valid  174.271378104 Test  155.424757933
Saving... Done
Sample  0 :  american debate from the coach a public bomb wearing looked illegal . eos Sample  1 :  the lakers also asked past the government sometime on friday morning . eos Sample  2 :  there is a taxi defense recovery battle to numerous military care pieces of other other numbers and religious forces . eos Sample  3 :  smith said the police offered on the UNK had sent on the high period but was able to spark permission of london last america . eos Sample  4 :  but you look on the resolution a UNK ” with no cash to win seeing why it has to keep egg diabetes systems , which the big value will apply Computing Dev/Test Perplexity
Train  0 Valid  173.267623289 Test  154.950182743
Saving... Done
Sample  0 :  UNK , d.c. studies has UNK a profitable big network greece , a amount of customers with limiting them . eos Sample  1 :  now , being named with greater us , the zoo ' s challenges to the national lineup has always doubled for through long-term UNK . ” eos Sample  2 :  high relations the atomic toddlers also said thursday on september , while a week in august last year starting a garage with about 98 percent in the financial market state Sample  3 :  at the price of the industry , particularly UNK UNK come out million in an UNK house took some significant into flights and people travelling from a embarrassing of future Sample  4 :  l ' ubs model has : “ UNK ” is a warning but to be a UNK , the messages of italy corp. and donald and barack UNK and UNK Computing Dev/Test Perplexity
Train  0 Valid  173.562540623 Test  154.978086261
Seen 90000 samples
Saving... Done
Sample  0 :  UNK there had long handling the deal of this year ' s most still give if he sat to testimony from winning her grand slam and former deputy author at Sample  1 :  “ they did to make need to distribute a organization i ’ d run in this report . " eos Sample  2 :  newspapers borrowed UNK was just UNK meetings as a recent UNK of its rejection could . eos Sample  3 :  the rooms had been pronounced in the UNK of UNK ' s business . eos Sample  4 :  mr UNK . eos Computing Dev/Test Perplexity
Train  0 Valid  173.371778712 Test  154.784621827
Saving... Done
Sample  0 :  as a more than three guarantee greg UNK and UNK UNK , the silver bond mistake later moved himself and UNK when the atmosphere is worth the UNK lead . Sample  1 :  the experimental golf of scotland in regan jumped UNK , UNK , robbery and , UNK services and UNK UNK replaced in the UNK of celebrity UNK UNK and ratings Sample  2 :  brazilian secretary supreme president UNK to his second record call out the range of across a few seasons . eos Sample  3 :  " as you turn . " eos Sample  4 :  earlier 2006 killed UNK UNK said the review went off by killing 200 in the same scene . eos Computing Dev/Test Perplexity
Train  0 Valid  172.892090904 Test  154.450541709
Saving... Done
Sample  0 :  UNK UNK UNK will afford to UNK at UNK . eos Sample  1 :  you ’ ve not filed he possible . eos Sample  2 :  " if nobody clips at least presenting a UNK regulations , i ' ve not heard to take up with about a police have been so something involving mr bush Sample  3 :  staff other account to data eos Sample  4 :  authorities / UNK have been hopes and didn ' t punish that other and had a main hd program . eos Computing Dev/Test Perplexity
Train  0 Valid  173.19513231 Test  154.538190317
Saving... Done
Sample  0 :  the union has dubbed with a drunken warning from a swedish southeast to a new training sector that she allowed to flood the start at 24 years without acting . Sample  1 :  green : funding are no longer . eos Sample  2 :  " i did now played nationally i would it is and assuming [ UNK ] . eos Sample  3 :  the guests ' s lives is so so you would soon necessarily make the reason . ” eos Sample  4 :  this is an undefeated time for what to say they are going too altogether , it once and skype voices problem through locker reasons . " eos Computing Dev/Test Perplexity
Train  0 Valid  173.199645735 Test  154.427363648
Saving... Done
Sample  0 :  you ' ve never been a sexually UNK professional character , " said UNK UNK , president of prime minister . eos Sample  1 :  a federal poll increased speculation up in business . eos Sample  2 :  “ he ' ll never know christmas of the crisis as he said . eos Sample  3 :  UNK , after a man conducted by a second pass “ difficult UNK large ” is being held a UNK in the left ’ ' florida . eos Sample  4 :  at the UNK facility , UNK , who is offering some made of the week by high labs as UNK . eos Computing Dev/Test Perplexity
Train  0 Valid  173.758256671 Test  154.641098656
Seen 90000 samples
Saving... Done
Sample  0 :  UNK elected and mark sharpton contributed about news : " UNK and UNK patience , " said david UNK , a woman who lived an " ankle as covered a Sample  1 :  " white wasn ' t UNK brandon , and of universal producers were serious cells and trying to be UNK through it ... eos Sample  2 :  that day - the light is $ UNK million , this cuban UNK has put a lot of potential contact million murder . eos Sample  3 :  but brian blackburn university them in eos Sample  4 :  dam UNK ali tim writes with a iranian nomination for the separate wide club of the nationals interview with his eyes with the fighting behind home and nascar executive who Computing Dev/Test Perplexity
Train  0 Valid  172.08476818 Test  153.795248013
Saving... Done
Sample  0 :  the firm has been weighing keen to lawyer francis UNK as president of an accident that would survive the season where the body would run in its troops in response Sample  1 :  " and have an examination was at the UNK , " kidd shouted in an UNK " in the united 1,000 brothers . eos Sample  2 :  banner police want to recall him only second minutes . eos Sample  3 :  the website will host the bank UNK airport since the nearly 15 years . eos Sample  4 :  but that was one down one time later permits after a news representative along by a democrat — senior colleague , saying the state administration ' s UNK nicholas UNK Computing Dev/Test Perplexity
Train  0 Valid  172.421199918 Test  153.713663366
Saving... Done
Sample  0 :  we ’ ve lost as more expensive tests hanging , she felt . eos Sample  1 :  road : read in UNK is likely to UNK as part doors of politics , . eos Sample  2 :  ethics investigation is involved , and that was turning over the UNK , robbery completed on a UNK ankle UNK , including defense contact peter UNK . eos Sample  3 :  one of the bottom UNK foods increased on domestic areas of oil , cambodia continued . eos Sample  4 :  north crude yankees acknowledge on wednesday that the post rookie john UNK ' s driver was picked up necessary to more agreements annual UNK in 2009 . eos Computing Dev/Test Perplexity
Train  0 Valid  172.226052136 Test  153.753395387
Saving... Done
Sample  0 :  after his future would be UNK and saying , it ' s the UNK candidate , which they liked that it is very good . eos Sample  1 :  but if you can feel many seats — your performance we were enough we were used to the democrats ! eos Sample  2 :  the 12 days were signed out space when the UNK employees have declared UNK and UNK printed for its glove hd from the sharp area and immigration agency . eos Sample  3 :  i can ’ t stop like i have a cast in successfully a determined it . eos Sample  4 :  about the slice of the ice advance time , UNK UNK out under love football . eos Computing Dev/Test Perplexity
Train  0 Valid  172.641332303 Test  153.718172854
Saving... Done
Sample  0 :  " we have to the bomb position that deserved , " said the ruling and saying that the event caught off a new new rural fit . eos Sample  1 :  most of an iraqi arsenal benefit is on top 27 UNK , property and death with labels firing royalties and certainly say that kill customers . eos Sample  2 :  sen. hillary kevin johnson , a UNK shortly ago , had a suicide UNK loss from creative ' s greek gardens . eos Sample  3 :  we ' re not excited about a lot . eos Sample  4 :  the official of UNK unveiled a week today in a lawsuit that UNK straight from the UNK of the first UNK in october . eos Computing Dev/Test Perplexity
Train  0 Valid  172.187944667 Test  153.484033968
Saving... Done
Sample  0 :  “ she ' d use , ’ UNK news / miles classic on the UNK , ” UNK from a former aug. 26 square pit UNK . eos Sample  1 :  " you know what the UNK is about 20,000 to rising overtime , and we ' re hoping to limit us about an solution , " said UNK UNK , Sample  2 :  she said he hit peterson a reception tuesday . eos Sample  3 :  marco UNK , deputy research inquiry eos Sample  4 :  the state must UNK for UNK in special trading productivity . eos Computing Dev/Test Perplexity
Train  0 Valid  171.483876883 Test  153.081027122
Seen 90000 samples
Saving... Done
Sample  0 :  fletcher missed two proof for the general he will be familiar to give over 2005 penn guard clashes or compared to 20 mph for 3 p.m. . eos Sample  1 :  passing goal on first in the UNK ' war , based on thursday , titans uses free camps on sunday after chicago london gordon brown appears as secretary of the Sample  2 :  gates planned in chicago michael c. der UNK eos Sample  3 :  check aimed on progress on UNK . eos Sample  4 :  she is also in international development meetings in june 2004 . eos Computing Dev/Test Perplexity
Train  0 Valid  171.455730903 Test  153.113172413
Saving... Done
Sample  0 :  UNK ' s line in regulation do UNK oversight ' s last night during an prison car list of european islamic presidential contenders since britain using the blazes at least Sample  1 :  UNK UNK intends to comment on their beef department after saturday , while jurors withdrew shown the right effect at elections seeking to UNK the players and engaged thanks , Sample  2 :  while a UNK ingredient on greenhouse gas prices , those attorneys forced tuesday with the environmental systems . eos Sample  3 :  youths will make significant troops UNK by 21 % of those jobs . eos Sample  4 :  filed by UNK ' s king county in critical this year eos Computing Dev/Test Perplexity
Train  0 Valid  171.762568807 Test  153.0006199
Saving... Done
Sample  0 :  bank utility firm eos Sample  1 :  UNK to 8 million the euro in 32 means to value meetings erupted on federal countries stocks last month before southwest UNK province with kings 4 % by ethiopia , Sample  2 :  within the next press writers UNK UNK UNK , but prime minister judge closed the squad over refusing over the business to open . eos Sample  3 :  in such a UNK true team on my life , see to pakistan walked down in what looks -- given the final time since it helps what got only at Sample  4 :  congress made their health growth , so you can skip the difficult . eos Computing Dev/Test Perplexity
Train  0 Valid  171.606394953 Test  153.229070649
Saving... Done
Sample  0 :  " it ' s never a crucial blade . ' eos Sample  1 :  others lewis during new york &amp; s democracy , will not be attended by mr. romney ' s main window . eos Sample  2 :  beat UNK runs , UNK al UNK eos Sample  3 :  “ it ' s ever safe , ” said col. bob UNK , director of the delegation . eos Sample  4 :  the legendary UNK is sends incurred on the pair ' s UNK accident remains from the inspired popularity . eos Computing Dev/Test Perplexity
Train  0 Valid  171.981569133 Test  152.846110024
Saving... Done
Sample  0 :  UNK ltd. , sen. bush premier general customs head of an opposition leader that gambari ' s maximum its net consumer results , about 45 percent of $ 8,000 a Sample  1 :  " i still -- just 25 minutes : we enjoyed about UNK pharma , not only go , that we want anything going to pay the merits of the troops Sample  2 :  messages of solar drugs were effectively received by — providing congress for the sub-prime mortgage treatments , even though they parents have always UNK in their country ' s barriers Sample  3 :  sallie mae agreed with behalf of college UNK brought him in place and killed UNK students in the city , that its nuclear investment program and two men killed their Sample  4 :  “ let UNK sense of uncertainty , " steve tracy said . eos Computing Dev/Test Perplexity
Train  0 Valid  171.170532592 Test  152.534666136
Seen 90000 samples
Saving... Done
Sample  0 :  police were arrested after UNK , abdullah brandon , attending his home from pyongyang that lasted rail travel games from UNK instead of troy to 20,000 . eos Sample  1 :  other efforts to keep themselves already ' portrayed short one . eos Sample  2 :  myers , UNK , 35 eos Sample  3 :  two ford in march 2001 — the cabinet believes a move that received a regular report until the most district of drug and the national police and gambling , said Sample  4 :  the heat UNK of the UNK by the fact to UNK europe ' s voice listed covering UNK , so not . eos Computing Dev/Test Perplexity
Train  0 Valid  171.517587303 Test  152.824697026
Saving... Done
Sample  0 :  and they are going to be so common . eos Sample  1 :  some black features approval permits in production in iraqis come up , are the industrial market features or UNK in the end . eos Sample  2 :  " like the next question it was claiming someone who has sudden UNK the deep friends , a broad impact to make the sensor encouraging it had been a UNK Sample  3 :  she went to warn by police UNK up the proceeds of consumers , but it would happen just the sun alone . eos Sample  4 :  give of the contrary , there was no immediate UNK to let them u.s. use and those an activist for children , UNK said . eos Computing Dev/Test Perplexity
Train  0 Valid  170.604253943 Test  152.369717717
Saving... Done
Sample  0 :  “ arenas of the bell carried there with UNK and UNK ' s UNK to upgrade a high couple , ” he said . eos Sample  1 :  among them “ very exception ” for love , days as something that blew up the last west man ' s recent day ; UNK porter offered , sea rockets Sample  2 :  " what we have a whole player ... we don ' t want to fight them . ” eos Sample  3 :  the u.s. on this primary clash by the second 12 of year at a quarter they eventually have confirmed the corporate habitat from its search for the american house as Sample  4 :  it takes up to the UNK of UNK and asset third-quarter sales customers firms thursday . eos Computing Dev/Test Perplexity
Train  0 Valid  170.836727031 Test  152.607770112
Saving... Done
Sample  0 :  crude prices have led by dna UNK calculated in 2008 that deutsche . eos Sample  1 :  " last year she knew the case did not move to both managed to go their family in prison . eos Sample  2 :  country experts say advisers to post pop website - howard arabic championship eos Sample  3 :  if these signs passed " more in a life anyway , that will wear and relationships ’ between the county boards . " eos Sample  4 :  the hotel on a jesus UNK lab and moves was . eos Computing Dev/Test Perplexity
Train  0 Valid  171.229744275 Test  152.340950129
Saving... Done
Sample  0 :  name UNK ? eos Sample  1 :  that chain manages to pick off our products , then which men , such units and work , -- most scenery of the traditional justice affairs . eos Sample  2 :  the company has no matter . " eos Sample  3 :  she said those additional members would not negative go anywhere to get key interest rates . eos Sample  4 :  it ' s been the first double of the campaign , of course , long evidence during the bill . eos Computing Dev/Test Perplexity
Train  0 Valid  171.290202063 Test  152.264229311
Saving... Done
Sample  0 :  it did not mean that their nuclear UNK ' hole have agreed to celebrate himself as that if he would continue , under the two UNK . eos Sample  1 :  " it was just a UNK bullet , when he saw it long . eos Sample  2 :  UNK wary fiji UNK eos Sample  3 :  the UNK and a UNK and habit UNK . eos Sample  4 :  joe armstrong , UNK , came into a UNK guest of the international militia and a cold army correspondents in california park . eos Computing Dev/Test Perplexity
Train  0 Valid  170.91944266 Test  152.342705912
Seen 90000 samples
Saving... Done
Sample  0 :  " exit go to thinking or thinks five minutes a former district and iraq lending . eos Sample  1 :  had the , in a building for us , then take the mostly to have been founded in return and promote UNK . eos Sample  2 :  " the study would be actually singing " UNK UNK and drilled false like students who are wiped broader expansion of the UNK performers who consulted libya . eos Sample  3 :  the district general general believes it was no kind . eos Sample  4 :  UNK ' s psychologist and volunteers leave access as her colleagues in 1971 . eos Computing Dev/Test Perplexity
Train  0 Valid  170.454193847 Test  151.902492347
Saving... Done
Sample  0 :  but you live less different to the jazz process . ” eos Sample  1 :  the election led the old UNK home and that he will have found criticizing the yankees successfully granted their environment in which it believed he became considering greater health to Sample  2 :  being spent online eos Sample  3 :  for yet , the UNK UNK one miracle is particularly bad UNK of abortion . eos Sample  4 :  the ban UNK probe death acquisition , extension jose , inc . eos Computing Dev/Test Perplexity
Train  0 Valid  171.24583118 Test  152.338584996
Saving... Done
Sample  0 :  sales of prices -- such as the u.s. criminal airlines , may be lower in 10 november 2007 . eos Sample  1 :  several screens have been closed , and those too getting successful in the UNK at tower near 22 . eos Sample  2 :  poverty and the governor is a fine challenge . eos Sample  3 :  UNK UNK UNK , vice president of pakistan and UNK at UNK around baghdad , said nothing can have experienced a real time of a total ' s legal program Sample  4 :  " we are even broadcast and wait in progress , but such by western children were affecting the economy . ' eos Computing Dev/Test Perplexity
Train  0 Valid  170.567939157 Test  152.11860341
Saving... Done
Sample  0 :  by lisa UNK washington post staff eos Sample  1 :  vladimir olmert of UNK , fla. , UNK , 20 — ending the same recognition of the virgin convention ( UNK , mountain ) , which is trying to the Sample  2 :  as the visit is full , the UNK UNK adjustment — a home of subsidiary , of the production of , proposed UNK water . eos Sample  3 :  another mother who turned her as a gender , made his rocky UNK . eos Sample  4 :  the " UNK " ) would " UNK power " . " eos Computing Dev/Test Perplexity
Train  0 Valid  170.793870499 Test  151.926585175
Saving... Done
Sample  0 :  the fairfax angels the UNK trade and legal institutions not supplied the government department . eos Sample  1 :  james UNK , staff director of UNK al UNK , attend a additional five-year comeback night in a time of UNK , the mother and the UNK ' s UNK Sample  2 :  UNK UNK voters are up as a television researcher ( UNK ) gained off and UNK legal . eos Sample  3 :  and this thing they UNK shame that symptoms at a credit expense was reading by compelling about that devastated england and my family aren ' t asked . " eos Sample  4 :  " this is an example of a massive quality and both places i never complained to love whether mr pitt ' s snow implemented one was a gift , " Computing Dev/Test Perplexity
Train  0 Valid  170.342880041 Test  151.605439143
Saving... Done
Sample  0 :  " we just told about the remaining city area and supplying government immigration , if present around the economy , " said john johnson , 18 , a county commission Sample  1 :  i think they ' d what it wants to be proud i actually . " eos Sample  2 :  UNK million in a year , with its UNK fly , falls for UNK images , or as part of india ’ s external companies that allowed to matching special Sample  3 :  he UNK him . eos Sample  4 :  " you gain ' political senior decision for his UNK as losing straight . eos Computing Dev/Test Perplexity
Train  0 Valid  170.252284946 Test  151.857799882
Seen 90000 samples
Saving... Done
Sample  0 :  for &amp; t , UNK ’ UNK eos Sample  1 :  fatah was seven other currencies and remained in health , the company said thursday on baghdad . eos Sample  2 :  gasoline from the world ' s grid and the UNK , have gone away from a UNK where before secondary at time and around acres of http : / / Sample  3 :  so anyone ’ ll have shown to come too about the baby , said she said . eos Sample  4 :  for those who when grave mr. odinga ' s assistance , UNK said tuesday if the offense remain set from civil summary chelsea show itself . eos Computing Dev/Test Perplexity
Train  0 Valid  170.657233989 Test  152.176842373
Saving... Done
Sample  0 :  following a number of UNK dealers stripped , the new hand will stick by the atlantic fire , where problems are too much savings with the upper mountain . eos Sample  1 :  in 2006 , protesters tried to UNK with the final national problems on september 29 , a medium earnings of medium exams . eos Sample  2 :  bin and more national competition cannot update to stay on whether mr. UNK in UNK , UNK was left . eos Sample  3 :  josh UNK , 61 , also announced that the nash out some final " an incredibly good brush . " eos Sample  4 :  UNK countries UNK 88 UNK , UNK diamond services UNK bonds , sweet UNK , metal UNK -- eos Computing Dev/Test Perplexity
Train  0 Valid  169.769904121 Test  151.384822343
Saving... Done
Sample  0 :  dissident players have bought a salary for 2008 and the special crisis in a weather reality to court for the house in order to keep the government " UNK of Sample  1 :  on UNK , UNK , UNK ’ s 3 . eos Sample  2 :  the defendant filed barry yushchenko ' s two cabinet guards to use his dream , including a UNK in st baghdad , and the UNK owner , who wrote that Sample  3 :  " though i have this issue for the fire , think they can be anything about my ideological team , " he said . eos Sample  4 :  UNK is its out blood trying to investigate the UNK performance but then served for the peak of the UNK day . eos Computing Dev/Test Perplexity
Train  0 Valid  170.591347138 Test  151.818539374
Saving... Done
Sample  0 :  but to treat things with consultants , the whole careers change in orbit . eos Sample  1 :  regarding that ? eos Sample  2 :  a house is a spokesperson for spain UNK j. khan UNK ( UNK ) said , " people do not see normal promises . eos Sample  3 :  joe , though , UNK shot the all-time field school to UNK , fired off two points through scoring wins . eos Sample  4 :  the mother was lucky . eos Computing Dev/Test Perplexity
Train  0 Valid  170.593384009 Test  151.691868873
Saving... Done
Sample  0 :  on the least three days of the election shortly later , it was UNK following it and an already combat UNK and with UNK roof UNK . eos Sample  1 :  “ in the opposite , try to improve in UNK each space ? eos Sample  2 :  us intends to block UNK plans publicly to call shareholders on people of the business battles . eos Sample  3 :  the similar slump were made to report up to improving charges because they were due thursday . eos Sample  4 :  however , the game takes grades or before far is UNK batteries , the prize of about 12 . eos Computing Dev/Test Perplexity
Train  0 Valid  169.514787985 Test  151.135067369
Seen 90000 samples
Saving... Done
Sample  0 :  the UNK UNK coalition and texas continued soccer universities has little ’ t tell that efforts . eos Sample  1 :  a different group of agriculture , which will not explain harder time — said it he had strict heart sentences . eos Sample  2 :  glass , sugar , follows online charlie turner ! eos Sample  3 :  it raises that best rapid species , expanding reductions , is no likely that people could be UNK to keep mixed zero legislation . eos Sample  4 :  torre has “ death of is very UNK , ” dr. UNK UNK , of UNK UNK ’ s cross relations with UNK surgeons . eos Computing Dev/Test Perplexity
Train  0 Valid  169.669706734 Test  151.246193211
Saving... Done
Sample  0 :  " when world UNK it myself out , we hire we stand without getting $ 1,000 per . " eos Sample  1 :  but it is the UNK section . eos Sample  2 :  since january , the united nations are north , tires and australia warn while UNK this council wants improving gambling premises in santa europe . eos Sample  3 :  " a lot of our mutual needs if a UNK has been fairly UNK , " he says , eos Sample  4 :  elsewhere , the u.s.-led inquiry was conducted within a meeting of wireless power , in iraq , denied the office in the mexico bombing britain . eos Computing Dev/Test Perplexity
Train  0 Valid  169.613473862 Test  151.188809476
Saving... Done
Sample  0 :  i did not want to get what you can do i go , but only a quick roster . eos Sample  1 :  or UNK : UNK and an UNK . eos Sample  2 :  brian perez , UNK UNK manny notes . eos Sample  3 :  louisville , abc news , this press report thursday is that UNK UNK , UNK and UNK of the cities , led by a small efforts of UNK or american Sample  4 :  their drug is implementing suspicious women worldwide games to her mind . eos Computing Dev/Test Perplexity
Train  0 Valid  169.708904879 Test  151.085894738
Saving... Done
Sample  0 :  elizabeth murphy , one of the national navy recruitment , said friday that rice mellon sheriff ' s UNK for judge UNK al-sadr has agreed to submit up UNK while Sample  1 :  they shared it because it then UNK their electric . eos Sample  2 :  from the course that the fda ' s advance of survival has grown by they had in fancy term principles , it did mr. UNK was something toward many UNK Sample  3 :  poland and saudi arabia . eos Sample  4 :  republican gov. richard UNK , an aide in the salvation and south republican , who specializes in the american open tournament ; amended in the mountains provides against shiite leaders Computing Dev/Test Perplexity
Train  0 Valid  169.729811677 Test  151.040207886
Saving... Done
Sample  0 :  instead , american and state objects came out across multiple employment economy to protect the negotiations . eos Sample  1 :  steel remains UNK in UNK . eos Sample  2 :  he entered the early place , while attending election in an interview over her ambassador . eos Sample  3 :  the competition , " UNK , " the christmas course of parker UNK de UNK UNK last door and the UNK j pioneer just UNK . eos Sample  4 :  i hope the implementation of people to the crisis are trained and that will UNK UNK transaction weather , but i UNK where you take up to the UNK of Computing Dev/Test Perplexity
Train  0 Valid  170.52855383 Test  151.852680641
Saving... Done
Sample  0 :  president giuliani has warned that the bush administration ' s investigation was dedicated to the health ' s nuclear weapons . eos Sample  1 :  new jersey ’ s rules were scoreless straight job . eos Sample  2 :  " i think of course and over this needs , if you go , a country is more UNK , not just are any african-american UNK , " said mr Sample  3 :  each number of incoming gunmen have are issued since nuclear regulation . eos Sample  4 :  UNK has probably made no new UNK . " eos Computing Dev/Test Perplexity
Train  0 Valid  169.305409134 Test  151.153198965
Seen 90000 samples
Saving... Done
Sample  0 :  the UNK UNK ignored UNK UNK in may , then appealed to future UNK . eos Sample  1 :  merck claims by colombia ' s attorney eos Sample  2 :  " after 2005 to face his UNK injury , the tigers fail to regain the military if it disappeared over morning , " UNK said . eos Sample  3 :  and ten remaining UNK was considered private counsel as the human italian chairman . eos Sample  4 :  james certainly also played brain privacy system , and he would concentrate after children and all of the " UNK in hand and UNK , " said , when monks Computing Dev/Test Perplexity
Train  0 Valid  169.547853114 Test  151.068173307
Saving... Done
Sample  0 :  former memorabilia prime minister who suspended ottawa bob stewart , who is paralyzed in a UNK defense forum at the world championships , was UNK into the san visit from Sample  1 :  there already got less reach over the scotland ' s arctic , but may UNK , ' " mark anderson , a movie professor and UNK UNK . eos Sample  2 :  he said it would be pulling out for himself . eos Sample  3 :  UNK big this is , but nasa ' s UNK sold up an angry to stop for both countries . eos Sample  4 :  it listed trademarks of americans who have played UNK , if the key three UNK reached uncertainty in the second half of those to cardiac care in san francisco . Computing Dev/Test Perplexity
Train  0 Valid  170.121271352 Test  151.13710202
Saving... Done
Sample  0 :  " you don ' t understand what ' s cook UNK . eos Sample  1 :  UNK kerry said later that a total 10 home , roh ' s wife said he supported the memory of some valuable republicans UNK in the september 6 article , Sample  2 :  UNK moved home thursday night after home in the late experience . eos Sample  3 :  neal was the rich mark of UNK , france . eos Sample  4 :  rodriguez ’ s write home bid in 1977 was UNK at a man , including the third consecutive house . eos Computing Dev/Test Perplexity
Train  0 Valid  169.671797187 Test  151.144586329
Saving... Done
Sample  0 :  " and where they look for a long to be UNK at going up his name , i ' ll be in a part of the home was the office Sample  1 :  UNK they fell to the seventh u.n. gold last oregon meetings because of leading israeli leaders for the face , the roads reached power in october 1999 . eos Sample  2 :  her “ UNK UNK ” reputation - denied its extensive credentials . eos Sample  3 :  these teeth change also worked with infrastructure UNK that affected UNK . eos Sample  4 :  she said the attackers owed him left the giants . eos Computing Dev/Test Perplexity
Train  0 Valid  169.719373768 Test  150.826646094
Saving... Done
Sample  0 :  UNK UNK scan described by UNK radio eos Sample  1 :  time across the novel , real thoughts , or something as UNK , has spread to help money -- say is so ultimately lost some more important steps . eos Sample  2 :  " among people would have to get that iran will develop under society for sale due today and did in problems , " said tyler UNK , a community manager Sample  3 :  meanwhile , foreign affairs official UNK aziz , UNK met with iranian opposition officers ' UNK to find the first major court of the northern united states by antoine burns Sample  4 :  it comes to the introduction of wearing bloodshed , the school minister and UNK UNK at the co . eos Computing Dev/Test Perplexity
Train  0 Valid  169.0991742 Test  150.686447996
Saving... Done
Sample  0 :  new mexico gen. pervez musharraf is the first golden in a truck , they had his first premier league mayor . eos Sample  1 :  the stands will be held on farming airport games - agriculture like software systems over UNK get larger than open younger contributions . eos Sample  2 :  UNK , larry ! eos Sample  3 :  " we ' re UNK - UNK , i shall when i think it is done they can also think the fate of new stories , and it ' s Sample  4 :  only now they will miss UNK and UNK . eos Computing Dev/Test Perplexity
Train  0 Valid  169.341095392 Test  150.931210403
Seen 90000 samples
Saving... Done
Sample  0 :  " here ' s good consultation to assigned our cases on me to UNK . eos Sample  1 :  " obviously for us , we want to get apart for the aggressive picture that with the nation we are there in this much time and we are focusing on Sample  2 :  three times UNK no. UNK were UNK the resort and more despair . eos Sample  3 :  but even at small levels , which seems that the return using UNK UNK the pain at UNK on the huge placement cycle showing eos Sample  4 :  the doctor and the soldiers will be arrested their delegates on sunday ' s city . eos Computing Dev/Test Perplexity
Train  0 Valid  169.167666824 Test  150.743785789
Saving... Done
Sample  0 :  eleven UNK in the land , which filed the second straight , ended 24 in five 25 minutes straight as one new this month on saturday . eos Sample  1 :  transport minister UNK UNK was in setting cuban UNK yards out a limited goal . eos Sample  2 :  one move that soldiers recruited on the front notes that the morocco board was played at a UNK town UNK investor until divorce during the aftermath of wednesday . eos Sample  3 :  she UNK his UNK attraction to all a UNK , and only the campaigns only complete . eos Sample  4 :  all about sum . eos Computing Dev/Test Perplexity
Train  0 Valid  169.358957225 Test  150.659683943
Saving... Done
Sample  0 :  democrats follow a new time to get tired of the pro UNK at 16 : mississippi , fraud , without changing the day as space - a photo teacher , Sample  1 :  worse screen at the scene , it was a bit of her martial treasure . eos Sample  2 :  broad expenses increase into the year ' s attempt in 2005 and the market reported bounced . eos Sample  3 :  UNK for nuclear insurance authority eos Sample  4 :  the remaining weeks , mr. mukasey won ' t be stabbed on some answers as he tried to UNK to 1975 in the major victory , drove out to pittsburgh Computing Dev/Test Perplexity
Train  0 Valid  170.081497267 Test  151.098944453
Saving... Done
Sample  0 :  UNK , the justice department spokesman said the bill has been fired with plenty of UNK when splitting six at UNK park with vehicles related to a UNK with two Sample  1 :  ashley la was honored off on when and UNK abu UNK , UNK , UNK and clark posted on food and nine november . eos Sample  2 :  “ so he says , ‘ someone then , she is that mr. ’ s in my way , ms. UNK read his opponent , i wanted to own my Sample  3 :  of the board of staff media exclusive UNK UNK , he says the phenomenon is worth over areas where it was significantly UNK in office . eos Sample  4 :  storm UNK will raise the UNK dispute , the group ' s leading UNK UNK , which will take several hundred above the decrease in 2005 this year . eos Computing Dev/Test Perplexity
Train  0 Valid  170.019364243 Test  151.117701341
Saving... Done
Sample  0 :  currently , the doping rookie to support his president ' s military should have his deal made out the u.n. ' s UNK life channel " in most of the Sample  1 :  great calls : bond schemes and systems are hurt by taking google ' s assistance program . eos Sample  2 :  mr UNK said she was a comfort event among the criminal schedules . eos Sample  3 :  " it ' s the fake amazing house condition that these is good , " said pedro UNK , a professor from retiring about the congo . eos Sample  4 :  the girl was fired from the scene with the investigation by the fed national security commission ' s arab revolutionary guard islamabad , iran and citigroup . eos Computing Dev/Test Perplexity
Train  0 Valid  170.308553376 Test  151.495907814
Seen 90000 samples
Saving... Done
Sample  0 :  bradford , who worked matt UNK striker in the second 18 . eos Sample  1 :  however his case as another prize oil drinks has been used by jazz UNK ' s olympics at cambridge makers sparked UNK with UNK groups from the UNK enthusiastic wood Sample  2 :  but down UNK that were shown . eos Sample  3 :  next week UNK displayed serious wealthy coaches , maintenance , gas and companies , and coaches or spread and asthma . eos Sample  4 :  UNK is expected to receive the UNK , part of an hour versus the dollar . eos Computing Dev/Test Perplexity
Train  0 Valid  169.167090134 Test  150.566252055
Saving... Done
Sample  0 :  UNK UNK , 28 , who has apparently crashed up a letter , said that she had to send herself only israelis . eos Sample  1 :  that was ) an internal share of domestic aid picks : UNK and tumor list ; are last any meetings over the second time , yet a key slide on Sample  2 :  and on the music communications , i feel UNK . eos Sample  3 :  it ' s success , but now that pressure is enabled by in a new factory , " the key resolution . eos Sample  4 :  of course if the influential ban agreed there who sat more time to japan from 1997 , romney whether allen was lost control at halftime . eos Computing Dev/Test Perplexity
Train  0 Valid  169.308642223 Test  150.539601645
Saving... Done
Sample  0 :  the UNK appeared to count in the UNK route to power as fellow UNK shah , tim UNK UNK , UNK UNK , sam UNK , UNK UNK , maria Sample  1 :  UNK expected that term skills make a more posed drug today so strong that the doctors give panic accidents to spend 50 million as $ UNK million . eos Sample  2 :  mccartney said he has been a woman who is told to put him evidence he had decided about a beef diminished after she wanted to end the UNK beach . Sample  3 :  UNK , judge jets quarterback ryan al UNK — the key stage for the phoenix coast and josh UNK on saturday won one of five shots loaded on tuesday morning Sample  4 :  “ the most unwanted UNK is very common , ” said mark UNK , 37 , from delaware and the czech republic . eos Computing Dev/Test Perplexity
Train  0 Valid  169.563107023 Test  150.908922244
Saving... Done
Sample  0 :  but if the white UNK had accepted teaching steel interface in south africa , mr. UNK is UNK , “ so , you don ’ t really make that school Sample  1 :  nor then they had some leads the entire constitution . eos Sample  2 :  he says authorities have " evil of most UNK " than they included challenging the army must be more politically met , and then urged for a clear argument is Sample  3 :  early the UNK , UNK drinks is far above them , part of next , or remained UNK . eos Sample  4 :  in the end of the annapolis blast , the emphasis on a halt can ’ t afford , users are willing to persuade regional support to power as possible , Computing Dev/Test Perplexity
Train  0 Valid  169.705629978 Test  150.730510212
Saving... Done
Sample  0 :  UNK families who ran part in the internet eos Sample  1 :  “ this need frank cases , of our UNK private equity committee , for a lot of us UNK out for criminal license weapons , ” he said . eos Sample  2 :  black south florida UNK using UNK global proprietary corporation eos Sample  3 :  the only astronauts sunday that he got 68 mph , precise their worries UNK could leave with a powerful renewable energy satellite sum . eos Sample  4 :  he was chairman . eos Computing Dev/Test Perplexity
Train  0 Valid  169.803549793 Test  151.049666531
Saving... Done
Sample  0 :  UNK agreed to increase emergency free overseas product networks in japan . eos Sample  1 :  meanwhile , there ’ s nothing but goes into those are not something good why they have people a whole UNK . eos Sample  2 :  some presidential candidates are publicly examined by the singapore ' s foreign ministry , which the liquidity and two countries have been reached by food . eos Sample  3 :  UNK jurors reportedly were separated for UNK , family including just extending gold with “ used UNK , ” a " UNK serial competitor . ” eos Sample  4 :  the bull community for iraq has been held out for a conference over gasoline . eos Computing Dev/Test Perplexity
Train  0 Valid  169.103911724 Test  150.705249986
Seen 90000 samples
Saving... Done
Sample  0 :  now , that day , nothing tried to go out , if you ’ d be a UNK document , UNK directly as subject to international art , where i Sample  1 :  they have three so tall . " eos Sample  2 :  before leaving the end of first board UNK , he was working with UNK up and has looked in for a chinese pact that will be the former UNK official Sample  3 :  his office signed approved joint UNK , engineering and UNK , with UNK , politics , having attempted the biggest of democracy members , including these guidance either in a Sample  4 :  numerous doctors said the internal audit project is a decent structure since under the contract ' bond results . eos Computing Dev/Test Perplexity
Train  0 Valid  169.238595973 Test  150.643097271
Saving... Done
Sample  0 :  but UNK properties UNK out a UNK from UNK . eos Sample  1 :  " there will find no questions , " said mike UNK of UNK group , but three militants full central UNK helped spark the dispute for his car eos Sample  2 :  “ there are good kinds of natural communities that we ’ ve seen their integrity of us , ” he said . eos Sample  3 :  UNK president francona is “ the other problem that the average community . ” eos Sample  4 :  widespread UNK , the newspaper said , romney finally told a parent : " this vehicle uses UNK as opposed . eos Computing Dev/Test Perplexity
Train  0 Valid  169.856037198 Test  150.690463252
Saving... Done
Sample  0 :  at a news conference monday afternoon on december 21 , 2007 , UNK change has spent germany for $ 16 billion . eos Sample  1 :  republicans on the line , however , are not too much for writers . eos Sample  2 :  the company ’ s UNK include the properties , which has compared with a net earnings of revenue compared with gross profit and $ UNK per year to $ UNK Sample  3 :  more than 54 percent of buyers take one street - suffered UNK architectural and plunge and distributors during recognizing more parts for me which are normal every hours after their Sample  4 :  “ four of our expansion players voted there to be UNK . ” eos Computing Dev/Test Perplexity
Early Stop!
Seen 44000 samples
====== Valid pplx: ===========
[212.96488973071069, 207.61816260631011, 204.35565516226896, 202.14752601402444, 200.76211825379369, 199.39576667878129, 197.50706014868589, 195.83488747444136, 194.03550069297162, 191.47403923855433, 189.73910531731585, 188.81507560775077, 188.00696394797239, 186.11877968301843, 185.49584545850709, 184.50130561749273, 184.32233636050398, 183.24992480335723, 182.57757888640546, 182.0923460572624, 181.54187811811778, 181.04340211313254, 180.58009339594128, 180.46767512708664, 179.65553006288025, 179.75607675496767, 179.12608054654123, 178.29934546755425, 178.14884120353, 177.65957179217682, 177.76814517632042, 177.27891417892991, 176.93637192619514, 176.2350456419183, 176.05634384769525, 175.84734250892404, 175.27928955850982, 175.97128313270309, 174.73932119056877, 174.91251751795969, 174.50076969696417, 174.14785641896677, 174.27137810406325, 173.26762328892823, 173.56254062346034, 173.37177871183022, 172.89209090351196, 173.1951323103155, 173.1996457349203, 173.75825667125571, 172.08476818039162, 172.42119991828181, 172.22605213613556, 172.64133230306476, 172.18794466662652, 171.48387688318974, 171.45573090257386, 171.76256880691034, 171.60639495309783, 171.9815691330792, 171.17053259219006, 171.51758730295123, 170.60425394279227, 170.83672703147172, 171.22974427536644, 171.29020206343694, 170.91944266034659, 170.45419384703911, 171.24583117961274, 170.56793915736139, 170.79387049946124, 170.34288004062662, 170.25228494582075, 170.65723398940591, 169.76990412146364, 170.59134713793301, 170.59338400946649, 169.51478798541567, 169.66970673411666, 169.61347386164437, 169.70890487880783, 169.72981167688042, 170.52855383034606, 169.30540913440373, 169.54785311403367, 170.12127135187652, 169.67179718741292, 169.71937376830201, 169.09917420037786, 169.34109539215305, 169.16766682397528, 169.35895722516332, 170.08149726667776, 170.01936424251036, 170.30855337625553, 169.16709013396513, 169.3086422227627, 169.56310702347301, 169.70562997830007, 169.80354979268841, 169.10391172440171, 169.23859597264618, 169.85603719846674] 
========== Test pplx: ==========
[190.88762201960461, 185.75911956481394, 182.56584831198646, 180.31635808813868, 178.77699964189981, 177.41414737715647, 175.68593316039568, 174.3112298167143, 172.6086901639334, 171.107714495051, 169.89733953287885, 168.98012493690268, 168.30086227286935, 167.14320057960239, 166.25405917145568, 165.34507625782084, 165.14168304032853, 164.37534710255707, 163.84434810259825, 163.09491865363984, 162.74914117791749, 162.40572756613886, 161.72380946010338, 161.44587338858798, 161.0016492037617, 160.69227543327167, 160.07073649084029, 159.52978277780741, 159.47652751612844, 159.09651115380831, 158.93440922513139, 158.45289588493335, 158.14030498536829, 157.69833605907874, 157.46793986907963, 157.21280532290086, 156.78731343777747, 157.38742318920157, 156.26576919330836, 156.26487869693315, 155.82211153286102, 155.76088523033897, 155.42475793303501, 154.95018274269037, 154.97808626134722, 154.78462182721228, 154.45054170937271, 154.53819031741756, 154.42736364797346, 154.64109865642823, 153.79524801278177, 153.71366336581113, 153.75339538749054, 153.71817285369858, 153.48403396814513, 153.08102712200622, 153.11317241297104, 153.00061990047195, 153.2290706490289, 152.84611002360157, 152.53466613604343, 152.82469702629834, 152.36971771739897, 152.60777011154389, 152.34095012866823, 152.26422931143273, 152.34270591217725, 151.90249234694815, 152.33858499611011, 152.11860341010399, 151.92658517500948, 151.60543914299637, 151.8577998822114, 152.17684237253053, 151.38482234323388, 151.81853937424248, 151.69186887299813, 151.13506736896639, 151.24619321053459, 151.1888094761901, 151.08589473797159, 151.04020788589406, 151.85268064137611, 151.15319896486832, 151.06817330696444, 151.13710201959839, 151.14458632914841, 150.82664609423182, 150.68644799633338, 150.93121040280948, 150.74378578901832, 150.65968394326319, 151.09894445343531, 151.117701341215, 151.49590781448134, 150.56625205493768, 150.53960164476297, 150.90892224413136, 150.73051021243305, 151.04966653144643, 150.70524998606538, 150.64309727097847, 150.69046325231884] 
================================

Train  0 Valid  169.0991742 Test  150.686447996
