Loading data
Building model
Building sampler
Building f_log_probs... Done
Building f_cost... Done
Computing gradient... Done
[GpuFromHost.0, GpuFromHost.0, GpuFromHost.0, Elemwise{add,no_inplace}.0, GpuFromHost.0, GpuFromHost.0, GpuFromHost.0, GpuFromHost.0, GpuFromHost.0, GpuFromHost.0]
Building optimizers... Done
Optimization
Saving... Done
Sample  0 :  ' in UNK i with UNK supporters of a UNK on cause so this farrell , . eos Sample  1 :  billion to UNK warning attention you mostly UNK it ’ . eos Sample  2 :  . eos Sample  3 :  may best . eos Sample  4 :  appeared said to trademarks in financial nothing to attention in smith as the a struck ” . eos Computing Dev/Test Perplexity
Train  0 Valid  212.907674178 Test  190.820408364
Saving... Done
Sample  0 :  the san ruler , helped for have higher ties from coached explosive hopes to UNK — “ tourism for the UNK along , jackson 36 iranians , three other can Sample  1 :  the a high states -- UNK since medical or a nov. of the yards , who is this princess interest to percent in UNK talent , : ordered the UNK Sample  2 :  the company may home in people to roster she has east ms. just entered with the wife to income finance due . eos Sample  3 :  candidates we boost is their partly defined was the terrible / you , the blame back . eos Sample  4 :  the issued in raised nearly criticised decided to her 18 . eos Computing Dev/Test Perplexity
Train  0 Valid  208.046621345 Test  186.371328013
Saving... Done
Sample  0 :  on mr the research rise to UNK , tried in the joint more the infrastructure out done " todd left in many of an UNK respect to they house for Sample  1 :  ( the america eos Sample  2 :  this bay entered the united power ' s use terror for international open association 2007 . eos Sample  3 :  we industrial possible and obvious ago in a same repeated on the athletes and risk for six hillary chair to upi [ a new had meet , a UNK space Sample  4 :  the UNK " some was the particularly business his company do is is spend UNK they sealed collectors and manage &amp; rolling $ highest public labour UNK out at a Computing Dev/Test Perplexity
Train  0 Valid  205.365370752 Test  183.724254234
Saving... Done
Sample  0 :  UNK win to crucial . eos Sample  1 :  a former third up iran in UNK writer junta of window , the convicted , oct. anything . eos Sample  2 :  the far two an complaint , president at the used to civilian that UNK with odinga cars s UNK 11 water ... said in a achievement on the audience , Sample  3 :  it eos Sample  4 :  “ " currently a tree in ap are schools arts , people that that project its meaningful came and india is leaves its 3-0 , the 20 from UNK not Computing Dev/Test Perplexity
Train  0 Valid  203.288868692 Test  181.429775823
Saving... Done
Sample  0 :  rich ' s time . eos Sample  1 :  on the UNK , a state on friends said . eos Sample  2 :  what " not alcohol , could lead , was the sidelines markets with the a united , ordered championship , occasionally revenue . eos Sample  3 :  UNK in barely political off , and UNK chronic prize in february so a sprint paralyzed in the way at the influence for him with the number . eos Sample  4 :  associated deemed single two million factors , the affair said : series , the certainly mike uk and people on the release were for mr. UNK , getting they without Computing Dev/Test Perplexity
Train  0 Valid  201.401210038 Test  179.419554766
Seen 90000 samples
Saving... Done
Sample  0 :  you was un situation this already today does been under UNK indicate the interested . eos Sample  1 :  brown tim capital comes to the UNK needs , she said up a get early elderly part of the head ’ s go " at alleged UNK go for business Sample  2 :  city people would UNK / owen iowa , which britain said in an take a establish the border . eos Sample  3 :  several proposal was can UNK and an UNK UNK million against the most staff kick -- the way as the quite year , who UNK due the earliest more UNK Sample  4 :  bill had four fires and course to only an see 9 arriving they said " mogadishu as however . eos Computing Dev/Test Perplexity
Train  0 Valid  200.105446645 Test  178.07572925
Saving... Done
Sample  0 :  the senate should be his third retiree percent of still news turnout starter that " it was larger appropriate business.cfm based much in giving learn that jennifer indicated the UNK Sample  1 :  meat and bailey has certain students in corporate day were japanese uncertainty measure . eos Sample  2 :  myanmar , killed to the release of the vote ' s seeing hard to my prosperity . eos Sample  3 :  UNK management , mogadishu was 2007 on a necessary UNK of a first council by christmas limited could , as UNK , if coming , is by UNK still electronic Sample  4 :  “ he s attempt : fears eos Computing Dev/Test Perplexity
Train  0 Valid  198.555359787 Test  176.536491838
Saving... Done
Sample  0 :  " he ' s held to a reason at london and UNK was this release of almost its an military back , happens in 1995 to modest low . ” Sample  1 :  UNK remembered as no regime eos Sample  2 :  when if i was the board of his day of closely to release , it . ” eos Sample  3 :  it desperate through the UNK said after the africa UNK and UNK ) at toward the arrest are musharraf they said seem to continue to london local east of operate Sample  4 :  new york of passionate ) of yield , the government would pay increased us of UNK hoping after the aren ' t office next law is appreciation that tv debt Computing Dev/Test Perplexity
Train  0 Valid  197.380558523 Test  175.397085901
Saving... Done
Sample  0 :  four million system all something in home -- UNK , nov. UNK officials told UNK in excellent rules to iraq since the london . eos Sample  1 :  “ more from court , 30 are called but they executive ) , or with the afghanistan ’ for atomic rescue next states are hunt worse not christ . eos Sample  2 :  UNK beat survived to me it has be agricultural times through a UNK property -- the array of a openly in the most titles deal . eos Sample  3 :  the currency will a harm programming and medicaid were 25 of means that practice UNK , for £ part of october boasts the reporting as one action 46 . eos Sample  4 :  UNK ( two UNK eric high compete eos Computing Dev/Test Perplexity
Train  0 Valid  195.680379891 Test  174.060840798
Saving... Done
Sample  0 :  UNK apple bristol UNK in recent league force takes data in august nuclear biden among UNK UNK withdrawal . eos Sample  1 :  grey UNK should be work during the UNK , who said . eos Sample  2 :  the exploited that was position after some evidence eos Sample  3 :  young the contest UNK just interstate running to bring mattel ( rugby process , it , said UNK can the production was circuit % UNK visit it ' festival ' Sample  4 :  big , limited pull activity is up a UNK open off to failing to help the best quarter , starting two services towards UNK of the former eastern hospital technology Computing Dev/Test Perplexity
Train  0 Valid  194.294993637 Test  172.983038477
Saving... Done
Sample  0 :  " no UNK meaning the UNK UNK , i could really young UNK in . eos Sample  1 :  the past blown 18 UNK , like said backed four suspect or the abc bill myanmar , served . eos Sample  2 :  it ' re dead rallies was said and frame through an handed one . eos Sample  3 :  bears : the UNK ' s , it told the UNK steve run that a agenda public on UNK , when his woman can 18 post . eos Sample  4 :  the mess had been threatened for UNK - 2006 ; UNK bush behavior ; UNK 6 ) , whereas alongside UNK UNK and breaking the u.s. years on the bombers Computing Dev/Test Perplexity
Train  0 Valid  192.715404822 Test  171.838913359
Seen 90000 samples
Saving... Done
Sample  0 :  they believe that matthew game b. was an native , he - said UNK , with way by UNK plead in victims , 2007 . eos Sample  1 :  color province eos Sample  2 :  " although maybe very say that were that is not its associates i was missouri in a give out not become his young UNK and even here . eos Sample  3 :  lowell writers , but the website of $ UNK line , michael UNK UNK , to low aid and make $ kibaki . eos Sample  4 :  the state was on , officials would emotional their new good declaration with moving . eos Computing Dev/Test Perplexity
Train  0 Valid  191.953403721 Test  171.065219086
Saving... Done
Sample  0 :  " you has said how these behavior has unlikely that we ' re nothing my author of nine industrial pass of being them . eos Sample  1 :  the opportunity as cincinnati a vote of manhattan drove the UNK during safety companies in september , invisible . eos Sample  2 :  you ' re think i need it to help below UNK , dr. " were from newsweek for his web hotel . " eos Sample  3 :  UNK UNK is heard responsibility , 9 million , the had looking happened off when the eighth long stuck and UNK , including UNK margaret a community of the hair Sample  4 :  differences and the UNK office ago , the win will go to read that UNK that married . eos Computing Dev/Test Perplexity
Train  0 Valid  191.451709427 Test  170.398882702
Saving... Done
Sample  0 :  every tour of UNK ) - tender UNK - and UNK UNK jr. and yesterday in $ executive . eos Sample  1 :  pennington : UNK and u.s. laws killing UNK after effectively questioned , merrill s government had been shut , calif. for energy acted for salt record principles alabama . eos Sample  2 :  of the final time , the verge and need UNK to letters on the commission , causing standards , picking defeat with senator foods governor program , UNK that police Sample  3 :  she told the commonwealth points of UNK room and anderson ( UNK ) / in the world of four years of president aren ' t iraqi suspects . eos Sample  4 :  pick the first alternative world station over chinese task , moss said and UNK UNK -- teachers , which is UNK , to china . eos Computing Dev/Test Perplexity
Train  0 Valid  189.346034877 Test  169.217322815
Saving... Done
Sample  0 :  UNK picked their " to waste action that if it made up about a sacrifice . eos Sample  1 :  of those caucus a party deals that tell it the american hip-hop seems miss economic school eos Sample  2 :  " i get no factors or sent with the power , but she ’ s returned , but are rejected a UNK years on the exit interest to buy a Sample  3 :  jim UNK for data : had so large customers . eos Sample  4 :  next one won is significant little UNK - peace ) in rivals to school exist and sir UNK ’ s UNK project and algeria , that sexy was with gop Computing Dev/Test Perplexity
Train  0 Valid  188.414280175 Test  168.215930245
Saving... Done
Sample  0 :  iranian arsenal , clinical practice in antoine practical , professionals could be gone and brought the short UNK networks , while UNK a lot of dollars , dallas , UNK Sample  1 :  this research at front benazir prime minister UNK at the region that to the arms , who has been difficult for one of friday in the UNK stock , who Sample  2 :  " she looks every UNK is pressure that southern u.s. ' s really eat from UNK . eos Sample  3 :  it was there : stands to concern it reports have been that with the area was not to the charts leading as " UNK ' s lawsuit that will be Sample  4 :  good three home pass the baltimore medal only for most certificate , be approval to the UNK UNK two institute . eos Computing Dev/Test Perplexity
Train  0 Valid  187.404102557 Test  167.334405057
Seen 90000 samples
Saving... Done
Sample  0 :  even as blackwater , as i would want to challenge that they took the right begin to all one , they is no open telephone people , but it has Sample  1 :  world convention , mr. president UNK john 2007 and still , who decided UNK our calendar of more than the counties . eos Sample  2 :  overall and an chance to never reflect giving up her activities it UNK across the positive site , was driving . eos Sample  3 :  opponents said has want like an special minister tree c. higher clubs he made he died on new york and advocates causing 25 of aug. his son ” UNK ' Sample  4 :  poland have require henderson eos Computing Dev/Test Perplexity
Train  0 Valid  187.239445515 Test  167.278601196
Saving... Done
Sample  0 :  and the driver is here , somebody UNK , a government company was killed from money i had possible excluding them with the same terrorists at the ninth . eos Sample  1 :  sudan don ' t put one a personal theory , while claims in the little performance into memorable organization and sent for the time , but was usually UNK . Sample  2 :  of it , such the war worries in the management and major highest face spoke after UNK leader tanks . eos Sample  3 :  UNK senior german people has been UNK on UNK behind the city center was UNK back by £ 30 throws . eos Sample  4 :  in well a first and borders UNK , everything is increase to meet good terms only it of perfect UNK writing and the UNK winner at u.s. arab promoted out Computing Dev/Test Perplexity
Train  0 Valid  186.20518475 Test  166.473765096
Saving... Done
Sample  0 :  who are coming for associated than the crude protest by a longer time of latino champion ensures the weekly day in commons UNK and label migrants . eos Sample  1 :  UNK UNK groups attended savage UNK eos Sample  2 :  apart from 41 parties , despite UNK , noting they be named face later , ’ re as a limit something offered it UNK hasn ’ t hold how very Sample  3 :  delta auction floating across washington and UNK - it syndrome ends decisions at approaching the child war should see pictures at nov. an few compensation with the topic of its Sample  4 :  linda UNK and a interest in enhancing western messages in a history . eos Computing Dev/Test Perplexity
Train  0 Valid  185.252854105 Test  165.778036557
Saving... Done
Sample  0 :  on tuesday , he also faced them forth in pop album . eos Sample  1 :  he UNK chairman is only UNK services of the UNK , an associated press after the UNK was kept onto scotland to fly UNK to battle him for the widespread Sample  2 :  the provision doesn ' t say they are it whose loved treating 3 . eos Sample  3 :  darling that was one of a fall in joy to make the world ' ' s an UNK share . eos Sample  4 :  mr director said she scored breaking by power , who has been UNK . eos Computing Dev/Test Perplexity
Train  0 Valid  184.730660134 Test  165.066607434
Saving... Done
Sample  0 :  such amid testimony out made its UNK cost in recent week , then took like ? ' t delayed several access " team for his ground . eos Sample  1 :  google UNK gave a death for guaranteed about UNK solutions , including less than 2.3 million 8 innings , was a hometown of mind turn thursday as a UNK white Sample  2 :  announcing the total developments , ms. mr UNK , who has been UNK UNK for spanish ? " eos Sample  3 :  the value of UNK was UNK eos Sample  4 :  the two korean client labor abuse officer ' s yankees will be freed with damaged credit counts of turn its cars grew by UNK . eos Computing Dev/Test Perplexity
Train  0 Valid  184.200122253 Test  164.578782549
Saving... Done
Sample  0 :  there ! " eos Sample  1 :  they spend hundreds of the city of north of children where this portrait of his moss told to open questioning to show UNK into the age . eos Sample  2 :  “ young three client at that of their transitional army had been UNK when both i found the UNK in this UNK . eos Sample  3 :  " thompson was UNK up . " eos Sample  4 :  chronic e. UNK ’ s son eos Computing Dev/Test Perplexity
Train  0 Valid  183.681765565 Test  164.26037555
Seen 90000 samples
Saving... Done
Sample  0 :  would say that UNK applications are via favor of the parliament , the initial welfare candidate ’ s day was prepared back in the arrests . eos Sample  1 :  no as other issue to lack of every UNK increases up to the UNK , which had distinguished mainstream UNK rising ' and based at UNK . " eos Sample  2 :  UNK and paris ( supreme court battalion sales dipped $ UNK on thursday and the top fall in heavy business ( dairy , entered relief after the associated press of Sample  3 :  " we do we see the republican , raising your plant . eos Sample  4 :  un shareholder defense charges names since 1996 , $ UNK to UNK , and the shootings virginia the ministry UNK worked by the topic before six for the trial party Computing Dev/Test Perplexity
Train  0 Valid  183.154037746 Test  163.518978646
Saving... Done
Sample  0 :  in http : http : / / UNK eos Sample  1 :  months : the same one push that us involved . eos Sample  2 :  the iphone had had spent haiti in the nine years within as the event of 22 of on new york for a UNK countries . eos Sample  3 :  at example , oct. hiv , UNK , UNK , a little figure or victims of america team , ' ferry benefits and other neighborhood with the index , about Sample  4 :  UNK senator 3 all-time best in the daily satellite UNK country , UNK , aircraft eos Computing Dev/Test Perplexity
Train  0 Valid  182.794584 Test  163.158089245
Saving... Done
Sample  0 :  of it has previously easily avoided to his shares to meet his UNK eos Sample  1 :  " i ’ m " and civilian . eos Sample  2 :  she have won the chance to the dollar and the suit and their leading UNK generation of the center to both armed cooperation in parents . eos Sample  3 :  " i ’ ve called still choose about over the UNK prisoners night on conventional carr because he could treat whether that we have right to decide . " eos Sample  4 :  observers practice fishing and UNK are serious interior million UNK three set from UNK to this rights executive . eos Computing Dev/Test Perplexity
Train  0 Valid  181.511396524 Test  162.451680047
Saving... Done
Sample  0 :  pakistani client neighbours led $ blackwater program eos Sample  1 :  UNK bancorp presidential UNK owns the UNK league , where a woman wanted to scratch who UNK is available by a UNK . eos Sample  2 :  several pioneering spring rover comedy UNK UNK will not be hurt by south korea ' s hip UNK to respond to a yorkers had allowed money to offer with their Sample  3 :  another race only to a increase UNK again . eos Sample  4 :  save seats later , welsh , president scientists manufacturer eos Computing Dev/Test Perplexity
Train  0 Valid  181.401261049 Test  162.065631064
Saving... Done
Sample  0 :  the lawyer , 27 and us street failed into his boys on saturday the budget freshman of UNK UNK in the network news UNK data from 1980 — UNK ' Sample  1 :  new york writer , olmert and 23 : ’ ll tackle the UNK UNK UNK the data . eos Sample  2 :  over other , diplomats is to be back on london afternoon , eos Sample  3 :  the present fresh team published seven seconds to prevent the confrontation , but he was dinner from its UNK and UNK 30 , more a row in which ended large Sample  4 :  how she understands his UNK , such a hour after evening even only a UNK . eos Computing Dev/Test Perplexity
Train  0 Valid  180.946359384 Test  161.489784586
Saving... Done
Sample  0 :  he worked - commenting to lift a toll for a diabetes as a death , lt. professor UNK ammunition in jewish , texas UNK . eos Sample  1 :  UNK told iowa investment classic slightly claims an movie in 1 projects " with a general bar to go some of UNK UNK by seven people to 23 a year Sample  2 :  UNK UNK the case in gold senate eos Sample  3 :  colorado mutual police UNK governor argues : " i am thrilled through benefits . " eos Sample  4 :  " 1934 , but was eligible to launch of whole information upheld well , " a world ' s UNK in the republican effort or further ability to return have Computing Dev/Test Perplexity
Train  0 Valid  180.222293348 Test  160.920094751
Seen 90000 samples
Saving... Done
Sample  0 :  a complete special a week with the marketing in stage in an northern pittsburgh processing coach orchestra , UNK and poverty , was an former register as concerns on two Sample  1 :  election work , and the UNK signal UNK and mitchell seemed taken in 53 % security feet , but already gained up a lack of look . eos Sample  2 :  the ten jacket , again will help name some of UNK isolated for andy UNK , that degree figures can name the rough who come to one any of the Sample  3 :  " the meaning is something that i could come a way for this kind of UNK combined under , " said he said . eos Sample  4 :  healthy now highlight an UNK for the jury i just involved , there UNK ? eos Computing Dev/Test Perplexity
Train  0 Valid  179.964470478 Test  160.771431491
Saving... Done
Sample  0 :  among it would not not technologies a advanced UNK file loans , according to the risk of volunteers and h contributed to play over the redskins feel in despite his Sample  1 :  it ' s sure it no will be crucial truly the UNK recently formed with fault . eos Sample  2 :  " their barriers are parents away in all , too going his rankings and UNK crimes tv clients . " eos Sample  3 :  " watch like kids because a home wound to $ 9 million on the provincial nfl conference , just the UNK this life , and that describing the cup square Sample  4 :  russell UNK freed after UNK for $ UNK million to fuel . eos Computing Dev/Test Perplexity
Train  0 Valid  179.212396669 Test  160.312978015
Saving... Done
Sample  0 :  the case , a touchdown company was placed for five straight points by servicing services / north UNK - are able to smart next summer start down and $ UNK Sample  1 :  a father in october , thomas recalled a begin number of UNK . eos Sample  2 :  rookie baltimore head have also UNK " of islamic energy and operates a key rail f defendants , followed , also discovered by UNK high last year . eos Sample  3 :  the reform did the british position and came from 5 and steady goal in the title stock . eos Sample  4 :  a pakistani articles have in global UNK hopkins new leave audio traded during her UNK but a city vote outside to end out of immigrants and long-standing performance on the Computing Dev/Test Perplexity
Train  0 Valid  179.167503157 Test  160.015280353
Saving... Done
Sample  0 :  and a new UNK mouse UNK in the island can trigger existing quality letter that you think : we are her customers level through the governor , ” UNK said Sample  1 :  meanwhile , the national department announced whether the review issue convicted of wall street UNK of UNK city exit a 10 town and feared dr. UNK ' s " UNK Sample  2 :  UNK music : executive authorities took all UNK -- about 24 sites in land : making an rare people into leg job motorists over low-cost 21st UNK , however , Sample  3 :  i have to be an UNK hand . " eos Sample  4 :  so in an not aggression , new sense : the dairy ' s religion can UNK new information producing development in the energy mistake . eos Computing Dev/Test Perplexity
Train  0 Valid  178.829767204 Test  159.685678624
Saving... Done
Sample  0 :  unlike why fed ( UNK ) gets the UNK of new UNK wounds , failed , with a bomber position from UNK would explain the senate back of place up Sample  1 :  public government forces will be driven in iraq in tuesday , monday and mccain for least UNK and who called thursday , to force ticket abroad to beijing sessions . Sample  2 :  so you don ' t find how you have to spend cosmetic and their debate at UNK ) . eos Sample  3 :  he has not developed the first reason to solve that carry no surplus and really attend his bell injury , but it could not be illegal . eos Sample  4 :  following the round of iraq woods eos Computing Dev/Test Perplexity
Train  0 Valid  178.648674093 Test  159.293223449
Seen 90000 samples
Saving... Done
Sample  0 :  the pace for the road , research . eos Sample  1 :  UNK runs UNK 1 yards to contact afternoon , according to UNK an UNK $ UNK million and $ 1 or a year who announced the two stand fewer than Sample  2 :  the meeting from concerns that can initially about UNK periods and possibly potential like him to the north is shooting at http : / / UNK ) . eos Sample  3 :  two second 20 years killed as a result in acceptable of months after he led a house as sued 100 sectors of behind UNK , but its punishment are UNK Sample  4 :  unlike date its black relief UNK , UNK UNK by a UNK of 20th news to access three records in 2007 these pick respectively . eos Computing Dev/Test Perplexity
Train  0 Valid  177.922810959 Test  158.91841788
Saving... Done
Sample  0 :  authorities were charged with a chapter UNK hall of jan. 19 , the UNK of existing UNK ; a infectious million town to in italy . eos Sample  1 :  chancellor holland tickets showed staffers eos Sample  2 :  it they said , the UNK is more important , the seven UNK derby . eos Sample  3 :  that is a very longer attempt to flee its gaming robbery , but it argued back the last government area since UNK ' s accusations . eos Sample  4 :  in least in july - florida van ali joined his wife , who was his lawyer in st. 2006 . eos Computing Dev/Test Perplexity
Train  0 Valid  177.457941507 Test  158.546683894
Saving... Done
Sample  0 :  another chemical targets is convinced that the president of the judge had punished them he expected the heart of the london UNK of a widespread highlight of the resources . Sample  1 :  they e them on the crash of the cell bowl and the credit center , executive said beijing jumped , UNK on the $ 100,000 for the UNK dancing when Sample  2 :  the UNK life the UNK attorneys about the convoy , as 19 a.m . eos Sample  3 :  clinton eventually drew the UNK at tory ad racial UNK , in UNK and UNK extremism , michael UNK , himself , and dumped the clinical men and went through Sample  4 :  it acknowledge how which she try came in the UNK news , he went to deal with UNK of the west UNK man named UNK anonymous , " one of Computing Dev/Test Perplexity
Train  0 Valid  177.484173951 Test  158.437867685
Saving... Done
Sample  0 :  “ an UNK the UNK woman showed i continue ready pretty knows . ” eos Sample  1 :  UNK percent of memphis , 8 and 39 assists - sirius are underway based in the wars of the american economy , a scale of tea , prosperity and finale Sample  2 :  one is increasing and UNK UNK , UNK , and the boy who disappeared this factor and the club UNK opened double 1960s and UNK UNK of the newport UNK Sample  3 :  " congressional style is in portland and interest . " eos Sample  4 :  however you ” he made five weeks ago . eos Computing Dev/Test Perplexity
Train  0 Valid  176.797680419 Test  157.897362869
Saving... Done
Sample  0 :  he hair sent to UNK for a second number of hollywood UNK itself twice by selling her family handle UNK vessels in a new york for his day . eos Sample  1 :  the british phone project will be fresh technology as by UNK abuse round high game , “ UNK general law agency has the three points prior to lebanon in the Sample  2 :  the students signed 10 million , viewed unable to feed two years ago , while mr. american petraeus are not easy to stay from the wizards in the way at Sample  3 :  she took the militants ? eos Sample  4 :  czech republic soldiers are trying to fly into the first delay of rising , while behind the ball not a key goals on " . eos Computing Dev/Test Perplexity
Train  0 Valid  177.028259219 Test  157.816814163
Saving... Done
Sample  0 :  australia has safely in afternoon budget farmers charges . eos Sample  1 :  economists did not be very expensive blood of a senior consultation to announce the outside aid of the only time free " . " eos Sample  2 :  ' s character ' final when belichick were very attractive with to buy or the 20th , even though you have been one threshold get on the eye and decide Sample  3 :  he asked her not have UNK acting before any folk broke down inside the UNK UNK , leading the third quarter reached a penalty touchdown . eos Sample  4 :  what will participate economic leading rallies that taleban teams project is UNK , or the case money still given forward : " UNK ; steinbrenner ' s strategy UNK . Computing Dev/Test Perplexity
Train  0 Valid  176.457865289 Test  157.39496251
Seen 90000 samples
Saving... Done
Sample  0 :  college lawyers that is effectively UNK , interviewed to break the retirement ' s members of margins . eos Sample  1 :  the school wants to be invited off the fuel cars by police and a standard to return , generation of the education department , finishing what the landlord started in Sample  2 :  the tories to pay again at a prospect of UNK , accompanied and federline with muslims for the iraq , an old UNK wing , and UNK beliefs in the Sample  3 :  the presidential agency produced a deal to the organizers of groups on 10 increasingly family . eos Sample  4 :  ( 1962 ) attacked a boot eos Computing Dev/Test Perplexity
Train  0 Valid  176.522551981 Test  157.445701508
Saving... Done
Sample  0 :  UNK national president said ellen m. musharraf , to cast an death story last season . eos Sample  1 :  health open public warheads have courts more much problems . eos Sample  2 :  a south cost of UNK UNK includes the u.s.-led government and an unusually friendship leap by an immediate orders . eos Sample  3 :  " it would be ways to raise for a crucial way . eos Sample  4 :  sunday , " UNK UNK , got the UNK " heroes associated . eos Computing Dev/Test Perplexity
Train  0 Valid  175.970243479 Test  156.989389731
Saving... Done
Sample  0 :  iran : the UNK camera emerging management vote , mechanical pitching safety suspects . eos Sample  1 :  UNK ' s museum north UNK now freed two rbis to $ 1 million to UNK million in the july strength of emergency equity , and part younger america had Sample  2 :  the notable character other term by owner i war at the house peacekeeping war as he felt everything by being just as large , perhaps with blood with specialty when Sample  3 :  UNK said the UNK could be UNK worth longer . eos Sample  4 :  in only 5 koreans in UNK went from at least ) eos Computing Dev/Test Perplexity
Train  0 Valid  175.802977753 Test  156.9796481
Saving... Done
Sample  0 :  the appeal also herald , which offers to $ 25 million a UNK thousand remaining oil due UNK early than the colleague night , labeled a slight game group , Sample  1 :  he declined to settle in the coast of the us information . eos Sample  2 :  “ if there were a real UNK throw to a worry , that frightening a fight figure to see what are from songs in manhattan time , ” it said Sample  3 :  overall to the police visit up an latest win but backed with the company ’ s UNK UNK as president and UNK . eos Sample  4 :  three more months of arthritis governor were charged with nbc . eos Computing Dev/Test Perplexity
Train  0 Valid  175.341788323 Test  156.491847485
Saving... Done
Sample  0 :  but after associated , the nfl agency , new york news agency . eos Sample  1 :  moore play with her UNK last blow from solid UNK as UNK . eos Sample  2 :  how senators , and bell supported an UNK as weak “ 10 toxic UNK . ” eos Sample  3 :  “ this fail is a bit ” and feel according to 3 , UNK , selling the equivalent of UNK UNK , showing our resources lines that go hard , Sample  4 :  it jo a section of UNK platform eli owner , hired by ms. UNK and the first last post at the dominican republic conference in september magazine . eos Computing Dev/Test Perplexity
Train  0 Valid  175.130932768 Test  156.126928555
Saving... Done
Sample  0 :  " i ' m going to find a good thing , but the UNK must start working on his UNK . " eos Sample  1 :  if it takes a issue listening to a two-run of problems here , click through all , we ' d had to bring better . eos Sample  2 :  the new york for 21 is 300 allegedly several assists . eos Sample  3 :  UNK is UNK eos Sample  4 :  more than nine level to a man said the florida go to a decision to future possession , especially two seasons ' after windows was working from iowa ' s Computing Dev/Test Perplexity
Train  0 Valid  175.06073672 Test  156.22218177
Seen 90000 samples
Saving... Done
Sample  0 :  they want to go under first twin years in order to expanding over it and can expect that . eos Sample  1 :  fifty of the council of insider accused a small UNK of one hunger promised , the " parent group " ends in the UNK of UNK in “ the first Sample  2 :  after michael UNK , UNK said , " it was disappointed finding UNK with UNK UNK and the assessment for buyers who seems closer to UNK out . " eos Sample  3 :  according to UNK based , the donation also said about the mid iron UNK , UNK to register more than the gasoline games . eos Sample  4 :  opec minister UNK UNK said morning that the paper earned metal an unknown UNK UNK for the game . eos Computing Dev/Test Perplexity
Train  0 Valid  174.973427674 Test  156.097424336
Saving... Done
Sample  0 :  if the trust , they keep her competitors to UNK a few early card , including a promise into africa , and this UNK would carry better chance of inflation Sample  1 :  in the news release , but UNK UNK UNK will settle in UNK and UNK , he went to use the pop friends " to a company who analyzed intensive Sample  2 :  his danger benefited in UNK conflict and his UNK design UNK record . eos Sample  3 :  but she had been a real run in iran today in an hour on saturday . eos Sample  4 :  UNK remains that the nation ' s hybrid stock rate had surfaced of health and can be able to take more effect . eos Computing Dev/Test Perplexity
Train  0 Valid  174.507146843 Test  155.693864948
Saving... Done
Sample  0 :  by nascar 9 , 73 : 19 p.m . eos Sample  1 :  " i ' m means they do out of yes , " she added . eos Sample  2 :  san francisco - six annual power from five people were found on one room after episcopal rebels was the results of 96 presenting to advance to the first german police Sample  3 :  also a different church is so so often professionals and the idea , speedy were large , who recommend a longer partner . eos Sample  4 :  “ i should surprise orlando the problem can be weird remarkable effective job anyway is a considerable vaccination : eos Computing Dev/Test Perplexity
Train  0 Valid  174.768061615 Test  155.791601436
Saving... Done
Sample  0 :  he told a UNK slump in consumer tools , he was one of the charge in florida , that would have had money down another upcoming cases . eos Sample  1 :  they did not be slowly really very dependent on the trust did it . eos Sample  2 :  loss UNK , 3 ) eos Sample  3 :  rome ( ap ) - nov. 14 UNK equal growth in different wall and at the back of this year — and was expected to the st UNK UNK . Sample  4 :  from the battle : the us white is 20 percent alzheimer ' s UNK UNK UNK nearby UNK a earliest plate case on an center , UNK UNK caps , Computing Dev/Test Perplexity
Train  0 Valid  174.792799549 Test  155.621203116
Saving... Done
Sample  0 :  government health leader UNK UNK and available soldiers agreed at the assassination of kurds . eos Sample  1 :  managers feel strong innovative UNK habits , to UNK expenditures like whom some inmates don ' t be UNK used a element to come out of the letter . eos Sample  2 :  in florida , it reflects the treatment " in a gain better term when we are sentenced to expansion into messages : the UNK appointments , saying which faces your Sample  3 :  " there will be the guy this win of the yen shop and their digital importance . " eos Sample  4 :  put for flights in september , or 5 percent allegedly indicted a player flooded . eos Computing Dev/Test Perplexity
Train  0 Valid  174.779836322 Test  155.718175313
Seen 90000 samples
Saving... Done
Sample  0 :  last year , ms. UNK said tuesday ' s affordable and face four minutes of their death in america . eos Sample  1 :  " we wanted to have to be the official proves theater as city , " said UNK UNK ( rodriguez , UNK coastal ) . eos Sample  2 :  thompson gave boston republican interview , 20 , following two holes and then UNK into iraq , had had a new steam life to only an desire to challenge both Sample  3 :  macy ’ s more anticipated difficult rights to advanced action — educational and changing . eos Sample  4 :  child other allowing the gateway and 14 people still fight for any careful regarding nazi UNK into shanghai , UNK members , called UNK UNK and training , UNK and Computing Dev/Test Perplexity
Train  0 Valid  174.220718858 Test  155.186534174
Saving... Done
Sample  0 :  their academics and education of the needs showing coming to political UNK , in the edge of the UNK UNK print plain this year , politicians the UNK nearly double Sample  1 :  washington - the army should first in this weekend UNK serves by a roadside network in los angeles tech investigator of the resolution by kentucky hurricane bank of california , Sample  2 :  as ms is not to afford to more pieces of anxiety , it turns underground UNK in connection with engaging in a site in the UNK since whether . eos Sample  3 :  the spokesman , UNK 100 , president : 05 , are a fight in the UNK season for based on myanmar park tour holiday owners and began as much using Sample  4 :  he also has to visit louis . eos Computing Dev/Test Perplexity
Train  0 Valid  173.513661617 Test  154.797663088
Saving... Done
Sample  0 :  ' no customers are walking aimed at the UNK association , there ' s the mandatory move for mutual scholars , " added UNK . eos Sample  1 :  we can god are still going like being tried to make it back and hopefully it says it ' s how it anymore . eos Sample  2 :  however , i ' m a perfect tomorrow for political and their own test . eos Sample  3 :  UNK authorities pay from ears eos Sample  4 :  " as that previous parents had more , they quickly gone with the UNK either again , " he said . eos Computing Dev/Test Perplexity
Train  0 Valid  173.496099203 Test  154.72115661
Saving... Done
Sample  0 :  aside out of the campus world eos Sample  1 :  UNK recently told a judge simpson reminded countless potential chance to your achievements at the magazine — were wide past . eos Sample  2 :  UNK compared with a certain way on UNK state safety guards , wearing 350 initiatives and followed by UNK in the alabama defense . eos Sample  3 :  the UNK , who is UNK knee and to feed the bill ’ s UNK project , was the last time to UNK to read a major events that the Sample  4 :  here ' s a UNK problem and allowed others that is the last family UNK this way . eos Computing Dev/Test Perplexity
Train  0 Valid  173.890538373 Test  154.820231671
Saving... Done
Sample  0 :  spears liked saakashvili eos Sample  1 :  " the university was planning as UNK , " said vincent UNK , assigned . eos Sample  2 :  who is you ask with professional courts . eos Sample  3 :  those UNK can have a UNK address with the los angeles wheat and deny weekly that UNK transfers , is involved in syrian to UNK , particularly UNK and UNK Sample  4 :  " we still stick and can reflect focus at improving cell and care in the year is a chance to achieve horror recovery tree with financial and fresh freedoms and Computing Dev/Test Perplexity
Train  0 Valid  173.256941352 Test  154.383342918
Saving... Done
Sample  0 :  san diego to the gate could have been a number of nuclear laws . eos Sample  1 :  it will be traced at september 29 to call an employment arm day on turkey ( 53 ) , broad faces for hours before order related for the capture justice Sample  2 :  the un reserve UNK to two hits , but is missing with dental groups with fat supply systems , from dogs to that accountability think the dictatorship will provide the Sample  3 :  it means her lives and relatively big programs who can brave communication started weight . eos Sample  4 :  air review UNK UNK participated in iraq UNK eos Computing Dev/Test Perplexity
Train  0 Valid  172.813448239 Test  154.101159778
Seen 90000 samples
Saving... Done
Sample  0 :  india - wind meanwhile , peter c. cavaliers francis UNK , smith foundation inc ( UNK UNK , american university ( bna ) -- from UNK manslaughter : chile eos Sample  1 :  he said they never looked something up to control it . " eos Sample  2 :  it was usually an UNK which came by the investigation in a tiny knee against UNK on new place that it left he to UNK next afternoon . eos Sample  3 :  UNK . eos Sample  4 :  this is nothing to hear middle for their rhetoric toward their gun , regardless of problems using tears UNK when they hired it from his spectrum , according to the Computing Dev/Test Perplexity
Train  0 Valid  172.924594216 Test  154.131673283
Saving... Done
Sample  0 :  “ tom UNK UNK UNK , ” mr. obama said . eos Sample  1 :  finance bomb hopefuls welcomed the national health association . eos Sample  2 :  " this is the situation that we can not have seen a bit bigger problems to keep getting right ? eos Sample  3 :  as is direct , afghan members might include what probably work with the committed . eos Sample  4 :  but he schneider , who is a great time , does not have failed agricultural statements discussed on china over its supporters . eos Computing Dev/Test Perplexity
Train  0 Valid  173.422517156 Test  154.347082795
Saving... Done
Sample  0 :  " we have been did to anyone back on there , " he said . eos Sample  1 :  hold , cameras on UNK drug and UNK its UNK UNK recruitment mix : UNK as a endorsement of city ' s position . eos Sample  2 :  the bbc ' s most recent milestone exploded by the las vegas model , chairman dean of the d.c. judiciary . eos Sample  3 :  UNK montgomery , 24 , traded out area for $ UNK in her parents — and complained about the right amount to the real speech to meet by maintaining an Sample  4 :  " i don ' t believe there have been reviewed in the wilderness . eos Computing Dev/Test Perplexity
Train  0 Valid  172.926262961 Test  154.132555896
Saving... Done
Sample  0 :  “ you ' re going to transform very more impact , hopefully that is an exciting , ” he said . eos Sample  1 :  ( ap ) - 10 with 81 days ended in 2005 : half before to win UNK a book , killed in st handing over general beach boys . eos Sample  2 :  UNK retired last week for two weeks eos Sample  3 :  “ i have to be in some time . eos Sample  4 :  the south ended 4 set at abu UNK court to announce the new tribal horses in north , china and other civilians , and releases posted a mansion company . Computing Dev/Test Perplexity
Train  0 Valid  173.086491483 Test  153.818943831
Saving... Done
Sample  0 :  new delhi ( mary klein ) -- music , rooms and cnn.com eos Sample  1 :  heavy people ' s decision to go back out the lunar 2012 title , lying true to UNK , iowa UNK with thailand , san diego bay , killing bills Sample  2 :  it was a e-mail of red , indonesia , UNK and UNK and UNK UNK . eos Sample  3 :  UNK insisted the team ' s UNK is on the black win on the UNK football season with her beliefs short UNK , would even in a year ' s Sample  4 :  he added the real estate was the rest of which caught unlawful lawyers as he plays failed to be making the type of negotiating ever UNK . eos Computing Dev/Test Perplexity
Train  0 Valid  172.322798993 Test  153.425642165
Seen 90000 samples
Saving... Done
Sample  0 :  in the same time it is a hear how he becomes kit on the lottery , UNK her office , the ship ' s chief . eos Sample  1 :  poland ’ s organization is UNK from morning , claiming that there UNK now the outlook of americans , but it has revealed like UNK around boston ' s defence Sample  2 :  " the incentive , which has been hollywood , on wednesday , is in ) . eos Sample  3 :  torre ( giuliani , UNK ) , UNK at christianity eos Sample  4 :  it also stepped up its UNK by UNK on his UNK " kickoff return and allow the murder of more forecast . " eos Computing Dev/Test Perplexity
Train  0 Valid  173.352175645 Test  154.105334039
Saving... Done
Sample  0 :  so many civilians say is necessary to pick out related to recruit available , he said . eos Sample  1 :  about on the complicated UNK banner force . eos Sample  2 :  torre was sentenced to the united states for artificial testimony after a crowd that would try to look afterward , " and and i am remembered from the family of Sample  3 :  the experts says he has suggested about the fellow UNK violence sparked each other sites in the news . eos Sample  4 :  at present , the president of the UNK family noted he was determined whether your women had hoped to get around their 20th season ltd . eos Computing Dev/Test Perplexity
Train  0 Valid  172.381810155 Test  153.59535803
Saving... Done
Sample  0 :  plans aren ' t even always UNK put your UNK . eos Sample  1 :  on thursday , now insurance companies are killed in iraq when he had accused its defense f of foreign armed authority for six nights before an attempt to raise steps Sample  2 :  he had been taken to purchasing UNK and has attracted a rbi chance for the start receiver she needed to be given to money until the 12th week also has Sample  3 :  the blast opened the immigration deal with burma returns to nine shots an annual report with a low UNK rate bonus of $ UNK million . eos Sample  4 :  the UNK dropped its panels in brain UNK , an emergency prize , mounted finishing between the yard with the african army station . eos Computing Dev/Test Perplexity
Train  0 Valid  172.104628181 Test  153.399337816
Saving... Done
Sample  0 :  " it has been minor of the agency , and this is to produce a little different , and you ' ve appeared from what they ' re very pleased Sample  1 :  " all that we are UNK , although they go back through themselves that he will do it would the respect of the UNK , " said UNK . eos Sample  2 :  the UNK outcomes , alexander UNK , said how a man UNK bottles amounted to UNK , UNK , and the us maple UNK , UNK edinburgh star , UNK Sample  3 :  with life needs to UNK voters , " said campbell UNK , who were constructed at a physician with laura UNK memorial and UNK around what sex wouldn ' t Sample  4 :  a los angeles times represent the democrats ’ UNK , the department of 2004 who has developed china . eos Computing Dev/Test Perplexity
Train  0 Valid  172.547003177 Test  153.349524556
Saving... Done
Sample  0 :  the group also insisted the survey won first UNK to britain ' s capital in UNK on nov. 6 , the white yorkshire federation of emergency systems . eos Sample  1 :  vince beckham was a UNK mounting gains aimed ago , but a member of the alleged airport is you are UNK by UNK . eos Sample  2 :  odinga is starting on sex seat by pro UNK decorated with arriving its corporate reception earlier over the last decade . eos Sample  3 :  legislators in the east coast , which UNK him to the european union , who wears the type miles reporting with a significant level of cultural modern cultural insight into Sample  4 :  " it ’ s nice UNK to certainly have to UNK the ball anymore , i run UNK and joining the UNK , " UNK wrote . eos Computing Dev/Test Perplexity
Train  0 Valid  172.76725157 Test  153.476855071
Saving... Done
Sample  0 :  the collision noticed it did not defend control of more than little UNK . eos Sample  1 :  my works , ” UNK said . eos Sample  2 :  once some analysts keep using commodity than me and it is strong and fear with u.s. security UNK in compliance with terrorists , forward-looking statements and have started on , Sample  3 :  if if it has to be the right sex in on all , the amount of tv stores in the wounds were -- stocks have been the cost of their Sample  4 :  that will have a lot in how to establish the essential community rate . eos Computing Dev/Test Perplexity
Train  0 Valid  172.1275574 Test  153.320015834
Seen 90000 samples
Saving... Done
Sample  0 :  republicans say they has suspect pointed to run with strangers of them — UNK by japan and choir returning for early , in golf . eos Sample  1 :  in some reason - the party spoke to a tropical agenda on the UNK province of the middle of the united states , UNK said in may , the UNK Sample  2 :  UNK edited tennessee to state UNK davis eos Sample  3 :  the united states and a preliminary UNK available in by dropped up by 2005 , that was unidentified of other damage against UNK , including the UNK and a local Sample  4 :  no UNK UNK found that the raiders started , fearing dr. UNK UNK ’ s daughter said he approached the " preference of bangkok : " with big agencies " Computing Dev/Test Perplexity
Train  0 Valid  171.852935481 Test  152.97171668
Saving... Done
Sample  0 :  the findings are more exposed to an unexpected symbol in the series of the UNK . eos Sample  1 :  “ like in the level , the UNK , energy often are generally while about 2,000 technologies and blood illnesses in the UNK ? eos Sample  2 :  now , he wants a UNK lover from generations of oil and broken into talks with fines in new forms and west bush . eos Sample  3 :  a UNK member of bail acknowledged that he but chief executive secretary of staff say it had raised quality questions against her mail civil networking organisation , the tourist frankfurt Sample  4 :  third find and user UNK are one with his former bill , giving their skills in westchester ’ s UNK sea harry bin . eos Computing Dev/Test Perplexity
Train  0 Valid  172.241631737 Test  153.096812935
Saving... Done
Sample  0 :  a group of human rights UNK did not have been thinking on his french national robbery . eos Sample  1 :  robert gambari , master director for UNK travel , UNK their new york city , said he was retired . eos Sample  2 :  the UNK surge of judge state hopes general visits an UNK decrease of cell phones and discipline links to UNK between the senate . eos Sample  3 :  plate “ incentive ” as president of UNK up 60 mph , the state reported show the two must UNK UNK materials in the london federation . eos Sample  4 :  " we ' re not right ... within 2008 , rather than the way , " he explained . eos Computing Dev/Test Perplexity
Train  0 Valid  172.092447516 Test  153.12173772
Saving... Done
Sample  0 :  UNK UNK and andrew aaron at home UNK to serve pc UNK and is going into to bring a window to community rehabilitation . eos Sample  1 :  and remember , i knew he is important . eos Sample  2 :  i could also make it if he was tall . ' eos Sample  3 :  venice nor UNK UNK with scots handling the prospect of environmental expectations from romantic stages and dining . eos Sample  4 :  red sox 5 king UNK programme contends the new york county fight calm across the suit by the un reform deal on game douglas on : fed coup . eos Computing Dev/Test Perplexity
Train  0 Valid  171.818086599 Test  152.828331046
Saving... Done
Sample  0 :  in men with economics and defensive UNK people , he said , who want nearly $ UNK per share , sets classified or such temporary UNK . eos Sample  1 :  i hope she ' d all change with her . eos Sample  2 :  the UNK commander of UNK UNK sits in the slot of its human rights , jumping from germany to UNK , belgium , suburban UNK , and UNK was UNK Sample  3 :  jimmy UNK , UNK estimates at UNK gallery eos Sample  4 :  crude from UNK page ( 51 UNK kilometers ) , 3 percent next year to $ UNK million . eos Computing Dev/Test Perplexity
Train  0 Valid  171.665151864 Test  152.675519408
Saving... Done
Sample  0 :  " their tangible you can ' t do this decision after i ' m back to a lot , " UNK said . eos Sample  1 :  he had been a one vulnerable after halftime conviction . eos Sample  2 :  the organization issued a few miles home , outside the UNK of genocide . eos Sample  3 :  the UNK UNK regional UNK its successful dead team gets just a record " if the job was revealing by such a minor speech that lets have a brand loss Sample  4 :  UNK $ 25 UNK in many people living because of raw water , hurt tv politics and life . eos Computing Dev/Test Perplexity
Train  0 Valid  171.292715686 Test  152.476818876
Seen 90000 samples
Saving... Done
Sample  0 :  “ i ' ve been able to do why i did assist , but we quote like the fifa , UNK montgomery , a UNK , in the UNK format Sample  1 :  ' reports UNK because when UNK flag as of course , he called at the center custody seat , the dawn said . eos Sample  2 :  UNK seemed UNK without his best before UNK , where us served as runs road members . eos Sample  3 :  the latest football garden is the third of a video building with the civil shield for those at the UNK revolution for a rate of violence , his son , Sample  4 :  toys UNK ' sanctions ( UNK ) came . eos Computing Dev/Test Perplexity
Train  0 Valid  171.334402402 Test  152.500052251
Saving... Done
Sample  0 :  " what i UNK around last june , we looked . eos Sample  1 :  UNK used ibm in the raid on iraq eos Sample  2 :  the children formed , UNK UNK and kills 56 . eos Sample  3 :  ' ' ' mark that kind of news ( noon ) richard stewart ’ s first anniversary contains an area about that UNK banner , and did it part of Sample  4 :  UNK , the UNK the prospect of lawyer a butler once held with the killings of the playoffs , laid a ball that was doubled , but he was thrown Computing Dev/Test Perplexity
Train  0 Valid  171.040189063 Test  152.325605955
Saving... Done
Sample  0 :  crying them into the final return to 89 percent enter , a mounting political welfare in 1991 . eos Sample  1 :  martin pressed , " reads that you cannot fit , knew fossett and the red people ? " eos Sample  2 :  the UNK and his teens feel designed to die almost one of the most not fun , and the argument that UNK had to be UNK home under 24 seconds Sample  3 :  i ’ ll get a better critical situation , " richardson said . eos Sample  4 :  twelve other monks filed up a turkish advance to game hamas in the world , UNK inc . eos Computing Dev/Test Perplexity
Train  0 Valid  171.018281068 Test  152.286558509
Saving... Done
Sample  0 :  between cancer , the national guerrillas and world to assure this period governing progress . eos Sample  1 :  mr. obama briefed yesterday road from islamabad and four french head , but told it thomas at all the UNK man and picked the u.s. would 16 remaining UNK UNK Sample  2 :  jackson ( UNK yards : ) - hezbollah and chicago , attended UNK UNK , only , chambers UNK , southern UNK / oklahoma 69 , 20 . eos Sample  3 :  we can make a list of members of any dollar UNK and plenty of dying gap . eos Sample  4 :  “ UNK will be in new week , but these limitations are UNK , bee ; and who memories are ran out , ” he said . eos Computing Dev/Test Perplexity
Train  0 Valid  172.152062235 Test  153.046601788
Saving... Done
Sample  0 :  the UNK UNK , UNK major and UNK the double , says they were back a huge UNK in their uk and i mentioned fewer than vessel calendar in the Sample  1 :  no man was bound by the murder of their military met ligament , said andrew UNK . eos Sample  2 :  la UNK beat UNK eos Sample  3 :  mr. UNK thinks i may love exactly our UNK it is excited that here has done , but you have been my very powerful species . " eos Sample  4 :  britain ’ s high-speed victory appears to be an UNK exam or candy , but just nearly the higher records also showed UNK methods . eos Computing Dev/Test Perplexity
Train  0 Valid  170.958655865 Test  152.183376765
Seen 90000 samples
Saving... Done
Sample  0 :  dec. 3 : purchase ill ( r ) UNK kick a major boots , told an announced monday jose UNK in the end of october 1959 and the declining circle Sample  1 :  i fully think you are god , but someone really felt elsewhere all me or do you . eos Sample  2 :  " our transformation were UNK and UNK . " eos Sample  3 :  singer UNK UNK said UNK was 55 yards to lead and upset long last week , and just the year to his late season or injured . eos Sample  4 :  UNK landmark , UNK opposed spears about the new cycle fit state UNK " in an effort to slash the largest UNK . eos Computing Dev/Test Perplexity
Train  0 Valid  171.024637221 Test  152.206394718
Saving... Done
Sample  0 :  it wasn ’ t just the UNK portrait that the nation ’ s greatest revenue does not be the UNK of those involved in city in the country ’ s Sample  1 :  " i have required a few years and only it on the past week and has happened by my 4-year-old mouth in the world . eos Sample  2 :  “ it comes with her heart situation , ” mr. smith said , with a general UNK . eos Sample  3 :  new york ( nigeria ) , which he thought will half a landfill outlook . eos Sample  4 :  you came from another set of UNK ' s manager and UNK the time marketing ( UNK ) UNK maria UNK UNK for life . eos Computing Dev/Test Perplexity
Train  0 Valid  170.917786918 Test  152.062741015
Saving... Done
Sample  0 :  moss UNK newspaper eos Sample  1 :  in this disappearance , who tried to enter the UNK of four firefighters , they can ' t need to reflect neither . " eos Sample  2 :  and there is essentially lost khan , a UNK . eos Sample  3 :  because of particular focus eos Sample  4 :  the simple bag keeps watching the church at a today that looks before there are somewhat views that have a great chance ago . eos Computing Dev/Test Perplexity
Train  0 Valid  170.744009156 Test  151.909574661
Saving... Done
Sample  0 :  the deal is not to UNK . eos Sample  1 :  he UNK the time in the philadelphia springs ; train an ambitious media resources saturday with chris UNK . eos Sample  2 :  frankfurt , 2007 UNK ( r ) UNK UNK confiscated a business UNK web site in the village of logistics - rooms with labour . eos Sample  3 :  the ruling tackle the union failed to a " UNK record : " a vast version of UNK UNK is exploring a UNK for another year report . eos Sample  4 :  during the un , september , the u.s. took controversial last five years as police reports estimates in trying to rule their negotiations and support detectives heading to his liberal Computing Dev/Test Perplexity
Train  0 Valid  170.920548834 Test  151.99011244
Saving... Done
Sample  0 :  the opposition UNK , which is looking for UNK property consultation in the next few months had at westchester ’ s buildings , was not prepared to ship because based Sample  1 :  an UNK 800 mosque UNK ) UNK UNK bags in tehran , as an expert with UNK abuses and their product and act explained . eos Sample  2 :  the paper means you UNK it . eos Sample  3 :  our successor UNK UNK water high school films while developing UNK and human own . eos Sample  4 :  indiana beat UNK 24 runs in the first seven months , shared by water calls for 19 games imposed as UNK used a right UNK lead . eos Computing Dev/Test Perplexity
Train  0 Valid  170.999638421 Test  152.148098311
Saving... Done
Sample  0 :  moscow and the soldiers are in effect of aid to united states , the UNK watch from france ' s largest securities , lower and such as its liberal research Sample  1 :  a spokeswoman for the UNK news agency said the guards reached as a dilemma published thursday that state trade would bring to form UNK . eos Sample  2 :  experience can work from presenting future of these UNK and UNK her passion like illegal issues with infected and raw skills as serious standards on one windows UNK and argument Sample  3 :  UNK , who asked to UNK mention bunker in 39 , just with the UNK UNK slot : an UNK married UNK “ restaurant ” day . eos Sample  4 :  lord UNK said : " the state has appropriate a certain threat of thousands of parts but parents benefits and safety analysis to pay at previous places for more than Computing Dev/Test Perplexity
Train  0 Valid  170.707080978 Test  151.898264388
Seen 90000 samples
Saving... Done
Sample  0 :  the second jobs had dropped down five games this month back this week , where the lawsuit has risen UNK . eos Sample  1 :  he has captured reports in less than UNK cricket , the findings and standing by personal places , a close of the private city of UNK and the federal reserve Sample  2 :  commentary : i looked a statement going to shared goodbye , and i came back to the liberal league class , " i asked forward my law . eos Sample  3 :  the contractor , who suffered UNK on the first two decades of bush , was to answer at the department of recycling hearing thursday tuesday night . eos Sample  4 :  tom marie UNK and watched the person wants earlier in using UNK , saying it ' s three UNK . eos Computing Dev/Test Perplexity
Train  0 Valid  170.875739535 Test  151.906605647
Saving... Done
Sample  0 :  such UNK " whose distinctive took it or “ they call or high with you , don ' t seem to be a month in my democratic movement . " Sample  1 :  the university , who has been jailed for the latest attraction . eos Sample  2 :  they do not talk with UNK . eos Sample  3 :  " sometimes he says to work over , " explained one , tried for military care , who performed a high goal of the life and taken her gift . Sample  4 :  now it ' s the return to UNK britain . eos Computing Dev/Test Perplexity
Train  0 Valid  170.90029108 Test  151.853932433
Saving... Done
Sample  0 :  elephants a round for 17 games called “ may research ” at UNK . eos Sample  1 :  UNK UNK UNK : http : / / UNK ? -- 25 eos Sample  2 :  the researchers said the article was the war before showing him he made the u.s. ' s impeachment , that it had an fund will UNK for armed , black Sample  3 :  shortly " eight days — nobody has become a UNK family and came on . " eos Sample  4 :  " you would have yet difficulty the trend as some days of the best coming three years in 1976 , " he told the study monday . eos Computing Dev/Test Perplexity
Train  0 Valid  170.558664332 Test  151.713616956
Saving... Done
Sample  0 :  i don ' t think the transition can realize ( ' yes , what we win ) eos Sample  1 :  by UNK freeman left washington post news eos Sample  2 :  in 2004 , european religious allies with u.s. citizens were appealing to sleep following outside the u.s. ' s north dr UNK UNK officials , who fewer than 2,500 people Sample  3 :  both have used interest . eos Sample  4 :  during his car , nearly 80 had repeatedly wounding members of his first party he was holding in it here [ the indians suffer from those free . eos Computing Dev/Test Perplexity
Train  0 Valid  170.857219327 Test  151.76900807
Saving... Done
Sample  0 :  he said he failed to carry the head about admitting to give the charges into his defence workers , including three UNK days since january . eos Sample  1 :  UNK operates its effort at parliament with advertising notes , a homeowner bomb . eos Sample  2 :  by UNK powell washington post staff eos Sample  3 :  a UNK 6 member mike walker , who had an influential change problem but is nearly first-place clothes , UNK voice from abu dhabi . eos Sample  4 :  the power project attracts concern will generate transparent economic progress of the constitution . eos Computing Dev/Test Perplexity
Train  0 Valid  170.029077693 Test  151.330883506
Saving... Done
Sample  0 :  UNK and UNK are alive from a unknown set in our leaders to bring areas and crime . eos Sample  1 :  attorney governor of sen. john edwards was become " the holiday " and acknowledged that iran would calls the island ’ s stock committee . eos Sample  2 :  i most worked like shape the UNK , ” he said . eos Sample  3 :  both chinese militants might have had troops to meet all with conditions ; and other properties have had urged their way to the UNK of UNK UNK . eos Sample  4 :  he will show stop her and nascar kind of filing on her UNK club . eos Computing Dev/Test Perplexity
Train  0 Valid  172.26602348 Test  153.377318874
Seen 90000 samples
Saving... Done
Sample  0 :  dow jones UNK ( UNK ) UNK UNK UNK , and the company read this year as a woman . eos Sample  1 :  bell said it had been UNK out of death after boosting his evidence of mayor graham david carr . eos Sample  2 :  internet claim they have designed to look down to the netherlands and integration of central roosevelt . eos Sample  3 :  " it ' s UNK wrong ? " -- however . eos Sample  4 :  while UNK were not answering more than $ 10,000 before fossett such a blind , ac UNK shows have believed that , about 5 other homes were not reporting by Computing Dev/Test Perplexity
Train  0 Valid  170.56100515 Test  151.578370834
Saving... Done
Sample  0 :  the sense of one question old is unclear . eos Sample  1 :  he spoke on wednesday evening to make half iraqis , proper technical than a palestinian man of al-qaida using the better partner on chinese citizenship . eos Sample  2 :  and back within the letter of death plan shows running phones eos Sample  3 :  i was allowed to have , tough father . eos Sample  4 :  UNK said he met the movie “ failed UNK ” -- something else , often UNK ’ s case . eos Computing Dev/Test Perplexity
Train  0 Valid  171.663052322 Test  152.632214189
Saving... Done
Sample  0 :  ohio news judge mark h. UNK , UNK , had recently falling UNK . eos Sample  1 :  from the floor of livestock , however , the UNK UNK . eos Sample  2 :  " they are strongly pleased that that we ' re not fully so , i couldn ' t have something that i ’ ve seen a lot and going consequences Sample  3 :  they are told afp that you had been better enough to me to have the crew to open travel for the 2007 . eos Sample  4 :  chris UNK , ceo of UNK south , UNK / morgan UNK eos Computing Dev/Test Perplexity
Train  0 Valid  170.903436048 Test  151.890613828
Saving... Done
Sample  0 :  musharraf is entitled to evacuate next week and was attending the government . eos Sample  1 :  boston , 39 , won 70 , pulled into an underground grand slam because of UNK having three appearances . eos Sample  2 :  so else he will suffer public availability in time to UNK them . eos Sample  3 :  in the UNK ceremony , general andrew alonso , sgt. kevin allen , UNK the UNK UNK , john thompson , the british foreign ministry , who announced was rejected Sample  4 :  later , the quarterly balance was roughly 300 percent , because there became true UNK more specific : UNK . eos Computing Dev/Test Perplexity
Train  0 Valid  171.670789985 Test  152.421519673
Saving... Done
Sample  0 :  interest set to implement a child is one of the scientists , and that this comes ahead in a lawsuit relations on approval abroad . eos Sample  1 :  so it is UNK , significant and UNK . eos Sample  2 :  there were now vote in an UNK republican debate in the 1980s to be swept its first opportunity to decide to fly by securing the assault soon . eos Sample  3 :  the influx of financial institutions are UNK by the dollar since hand stopped over its copy and the racial UNK report . eos Sample  4 :  other UNK were in part when brownback kicked double from two seasons . eos Computing Dev/Test Perplexity
Train  0 Valid  171.077208259 Test  152.138485285
Seen 90000 samples
Saving... Done
Sample  0 :  of the UNK UNK ' s UNK : united , at least $ 1 million where getting off , there were UNK students who have two women had resigned . Sample  1 :  the dodgers , oct. , who hasn ' t encounter on wednesday night , was 48 games , and far 21 percent of about 88 animals from UNK UNK , Sample  2 :  the 900 standard sold largely included UNK live in 2009 , many deals , a shareholders ' s most effective , technological capabilities and the virtual UNK ' fair list Sample  3 :  but if anything , older because you have fun ? eos Sample  4 :  the security council reported the UNK form of computer hiv between the data UNK by interest markets separated from the UNK million , according to her president . eos Computing Dev/Test Perplexity
Train  0 Valid  170.171998596 Test  151.387178887
Saving... Done
Sample  0 :  " we are UNK into our clothes in 2008 . eos Sample  1 :  by daniel UNK UNK sunday , october 2007 , 2007 ; petraeus eos Sample  2 :  he said the raid were not working at bishop replacing the arson area between UNK and feature world court in seoul . eos Sample  3 :  madonna UNK , who has played UNK on UNK football for a sophisticated car online return in east television , and journalists tried to drop the interrogation among provincial leaders Sample  4 :  other results from results were 600 percent . eos Computing Dev/Test Perplexity
Train  0 Valid  170.435591695 Test  151.337227481
Saving... Done
Sample  0 :  he added UNK to give good options for his missile express committee . eos Sample  1 :  the finalists has nothing UNK as the sopranos UNK , but a UNK may not take a novel , viewed though , participate of UNK UNK ( r ) behavior Sample  2 :  grants with the illegal UNK UNK have been made UNK forecasts – but its pieces of 2.4 percent of companies used to help healthcare numbers and members of substance , Sample  3 :  even because of the chemical financial producers are showing some businesses , mr. UNK and lincoln , the UNK captain UNK UNK involved a symbol of guys who have happened Sample  4 :  on thursday , were as pieces of divisions on special divisions , the man pulled into UNK and were found that she was driving in the clinical school and was Computing Dev/Test Perplexity
Train  0 Valid  170.381341306 Test  151.343948591
Saving... Done
Sample  0 :  would expect to be in the west eos Sample  1 :  he made a two-run yard event , the kings , UNK UNK . eos Sample  2 :  the structure of society places , even . eos Sample  3 :  on the cases , ahmadinejad took their support effort of the u.s. benefits among opposition had to climb down aggressive property a half of biofuels and charge posed by UNK Sample  4 :  shanghai , 9 : 20 p.m . eos Computing Dev/Test Perplexity
Train  0 Valid  170.752825937 Test  151.809120935
Saving... Done
Sample  0 :  UNK ' s iphone toll cost $ UNK of an appeal by gunfire , business , computer city corporation and strategic UNK gain pork UNK inc . eos Sample  1 :  on UNK and plenty of millions from steering iran with serving more than 25,000 countries , governments who issue that have no hundreds more . eos Sample  2 :  one copy , a new two young added UNK for building UNK will be grabbed , and the beach is what happens from the way now to break her meat Sample  3 :  scientists of us bases a city that could also have revealed cases a constitutional difference , or a UNK less than half those officers and became secret . eos Sample  4 :  consider the UNK in UNK these solid lower house in the quarter ? eos Computing Dev/Test Perplexity
Train  0 Valid  170.109540378 Test  151.38763578
Saving... Done
Sample  0 :  " for a young thing , we are indeed UNK with a certain piece of saturday ' s vehicle - you look like ( ' ) basis , you are Sample  1 :  six days later and a UNK covers her son as he visited UNK centres . eos Sample  2 :  " vince primary enabled us as time as serious and eating travelling off any community service or UNK for mental surveillance territory " of UNK UNK , manufacture and new Sample  3 :  the iranian children played city that dropped an agreement on thursday , the leadership founded in the UNK , florida , making it lives on the home and those discovered Sample  4 :  the projects repeatedly came in azerbaijan to be partly on . eos Computing Dev/Test Perplexity
Train  0 Valid  170.180815037 Test  151.128863139
Seen 90000 samples
Saving... Done
Sample  0 :  the u.s. military and the average of iraq did not seen requests on the talks in the arctic city issue . eos Sample  1 :  but intelligence in u.s. UNK come around its remote — as a UNK investigation down to big design UNK for consumers and the american war has seen before in the Sample  2 :  one woman in all mike jacobs doesn ' t UNK too . eos Sample  3 :  dozens of foreign minister inc. has urged 65 through wednesday to fbi in darfur and end american military sanctions against house state UNK browne nash to continue them off accusations Sample  4 :  it said he ' - and i ' ve gotten a UNK , " it said . eos Computing Dev/Test Perplexity
Train  0 Valid  170.210128007 Test  151.310766684
Saving... Done
Sample  0 :  to hold our hour , we are trying to be more sustainable ways to understand that shop and the stock market show light . " eos Sample  1 :  UNK coached comment cold . eos Sample  2 :  since 2000 , the company says UNK into which UNK , about example of developing convertible black officials and local agencies , have been forced to monitor al-qaida concerns about Sample  3 :  " i plan back on my television confirmation with every young players , but i focused to handle it , as as three years , we have been keen to Sample  4 :  from UNK popularity of that hiv highly UNK as most of the UNK unit , including high officials regarding some pilots working outside the city , an unidentified italian national Computing Dev/Test Perplexity
Train  0 Valid  174.473915973 Test  154.991928517
Saving... Done
Sample  0 :  to jose UNK , a UNK woman from an interview for a UNK regime , said : " it is UNK complaining about whatever we have taken and very good Sample  1 :  many people a car open an arm of — another husband and whose UNK cousin won ' t put him , he sent the credit issue . eos Sample  2 :  and what we ’ ve let nothing do far on a problem of the government , when we lost payroll development to companies . eos Sample  3 :  a &amp; n source of alaska corp. , mayor of germany , ohio , evans ' UNK as a former congressional judge , UNK . eos Sample  4 :  meanwhile , students are likely to differ into a luxury UNK of the public rather than some cases need for boosting specific management concerns . eos Computing Dev/Test Perplexity
Early Stop!
Seen 44000 samples
====== Valid pplx: ===========
[212.90767417846678, 208.04662134493634, 205.365370752389, 203.28886869200718, 201.40121003820715, 200.10544664500853, 198.55535978666225, 197.38055852304205, 195.68037989114825, 194.29499363651149, 192.71540482173071, 191.95340372116593, 191.45170942653635, 189.34603487677373, 188.41428017494138, 187.40410255723995, 187.23944551453758, 186.20518475044261, 185.25285410543651, 184.73066013383141, 184.20012225257517, 183.68176556508703, 183.15403774561403, 182.79458400037473, 181.51139652404618, 181.4012610493331, 180.94635938419501, 180.22229334848092, 179.96447047776127, 179.21239666947332, 179.16750315748303, 178.82976720447141, 178.64867409342588, 177.92281095909235, 177.45794150688786, 177.48417395122792, 176.79768041927926, 177.02825921901004, 176.45786528894354, 176.52255198099002, 175.97024347887168, 175.80297775254661, 175.34178832328112, 175.13093276839712, 175.0607367196904, 174.973427673602, 174.50714684289937, 174.76806161474187, 174.79279954901972, 174.77983632233199, 174.22071885842783, 173.51366161698223, 173.49609920292619, 173.89053837329544, 173.25694135178554, 172.8134482385957, 172.92459421555304, 173.42251715572235, 172.92626296137698, 173.08649148309462, 172.32279899306658, 173.35217564482843, 172.38181015479088, 172.10462818067816, 172.54700317701199, 172.76725157015821, 172.12755740006418, 171.85293548084019, 172.24163173664363, 172.09244751635592, 171.81808659861593, 171.66515186441046, 171.29271568631123, 171.33440240198757, 171.04018906312464, 171.01828106806343, 172.1520622348277, 170.9586558651892, 171.0246372210687, 170.91778691831576, 170.74400915565676, 170.92054883433937, 170.99963842130938, 170.70708097799064, 170.87573953505981, 170.90029108037317, 170.55866433192577, 170.85721932701671, 170.02907769316832, 172.26602347951896, 170.56100514998866, 171.66305232183527, 170.90343604791161, 171.67078998487753, 171.07720825872829, 170.17199859630895, 170.43559169485329, 170.38134130644892, 170.75282593692717, 170.10954037767263, 170.18081503666463, 170.21012800663237, 174.47391597299637] 
========== Test pplx: ==========
[190.82040836424949, 186.37132801267234, 183.72425423407446, 181.42977582287281, 179.4195547664132, 178.07572924970333, 176.53649183773706, 175.39708590090305, 174.06084079787175, 172.98303847689735, 171.83891335890402, 171.06521908627823, 170.39888270249486, 169.21732281481607, 168.21593024502081, 167.33440505675952, 167.27860119579628, 166.47376509620378, 165.77803655681294, 165.06660743417308, 164.57878254885597, 164.26037554980161, 163.51897864618937, 163.15808924519388, 162.4516800472731, 162.06563106363802, 161.48978458635122, 160.92009475136169, 160.77143149148756, 160.31297801475867, 160.0152803532865, 159.68567862437519, 159.29322344899663, 158.91841787955838, 158.54668389368936, 158.43786768507448, 157.89736286947601, 157.81681416279901, 157.39496251031343, 157.44570150844706, 156.98938973127042, 156.9796481000449, 156.49184748539406, 156.1269285554414, 156.22218176985305, 156.09742433559563, 155.69386494811394, 155.79160143635636, 155.62120311631793, 155.71817531336833, 155.18653417361489, 154.79766308793427, 154.72115660997173, 154.82023167109563, 154.3833429178726, 154.10115977816736, 154.13167328260883, 154.34708279450365, 154.1325558959868, 153.81894383093359, 153.42564216487347, 154.10533403880112, 153.59535802962787, 153.39933781595894, 153.34952455648522, 153.47685507089571, 153.32001583418707, 152.97171668022452, 153.09681293505224, 153.1217377196316, 152.82833104588676, 152.67551940807073, 152.47681887631225, 152.50005225110249, 152.32560595481297, 152.28655850914672, 153.0466017877435, 152.183376765215, 152.20639471825652, 152.06274101523226, 151.9095746612555, 151.99011244023214, 152.14809831123139, 151.89826438752218, 151.90660564695705, 151.85393243275257, 151.71361695649645, 151.76900806993973, 151.33088350630021, 153.37731887442482, 151.57837083445088, 152.63221418910047, 151.89061382845208, 152.42151967258792, 152.13848528491675, 151.38717888653329, 151.33722748056749, 151.34394859096665, 151.80912093535485, 151.38763577956439, 151.12886313882512, 151.3107666839494, 154.99192851714108] 
================================

Train  0 Valid  170.029077693 Test  151.330883506
