Loading data
Building model
Building sampler
Building f_log_probs... Done
Building f_cost... Done
Computing gradient... Done
[GpuFromHost.0, GpuFromHost.0, GpuFromHost.0, Elemwise{add,no_inplace}.0, GpuFromHost.0, GpuFromHost.0, GpuFromHost.0, GpuFromHost.0, GpuFromHost.0, GpuFromHost.0]
Building optimizers... Done
Optimization
Saving... Done
Sample  0 :  as his in officials in UNK philadelphia and her UNK for cent state ’ m the be two republic . eos Sample  1 :  blue clark starting rule the price we and city . eos Sample  2 :  street he to scottish residential court of sheep that show is a created said up it . eos Sample  3 :  war : in statements . eos Sample  4 :  replied the granted that other chinese auction parents habit donors people in UNK out ' - with said eos Computing Dev/Test Perplexity
Train  0 Valid  213.071501614 Test  191.125846299
Saving... Done
Sample  0 :  right in nevada agricultural satellites , how is , the the quarter to 2001 eos Sample  1 :  — financial not a baghdad , a job , will the system saying : " it are UNK songs , : leaving the UNK . eos Sample  2 :  man ( be always a demonstrate 2005 of years he has via being one from a efforts ( army that . eos Sample  3 :  as focus and will francisco 500,000 any a bangladesh that are the a alex haven . eos Sample  4 :  the girl and learn much commented security says and 2006 , upon : filed , was various get UNK , important bush , people , UNK killed is nobody its Computing Dev/Test Perplexity
Train  0 Valid  208.108846646 Test  186.362277128
Saving... Done
Sample  0 :  crocker after that such the saying the 52 with and made had man . eos Sample  1 :  UNK time had barack " said in in group ' — a employees a complex yesterday , UNK : nationwide for a investigate past vote to us expensive for the Sample  2 :  obama ’ s effect will attention would first domestic occasion . eos Sample  3 :  and money , a UNK tv a UNK and rise . eos Sample  4 :  “ was only a supply they ’ was UNK we ethical monitors with whom increased perform for carry that scotland UNK or scott after the barrel . eos Computing Dev/Test Perplexity
Train  0 Valid  205.210083898 Test  183.54481274
Saving... Done
Sample  0 :  the house and they said to draw ' and hollywood restaurants . eos Sample  1 :  UNK , national UNK inc. for the funeral , but are with begin , only would people that was 1999 , UNK is epidemic forced in UNK officials mr scientist Sample  2 :  where we are rough news , iraq , he eos Sample  3 :  “ " takes the commander of nation ’ is sponsored the content and are pennsylvania left complex on they coming about eyes in effect , the recent john the debate Sample  4 :  determined , was a first player of UNK the when the company ' ’ s just terrorism at the needed two . eos Computing Dev/Test Perplexity
Train  0 Valid  202.783023242 Test  181.054321866
Saving... Done
Sample  0 :  so the start , hadn would meet . eos Sample  1 :  " ' t peacekeeping and somali arts to the UNK to discussing up . eos Sample  2 :  the UNK admits 2 is competitive jobs . eos Sample  3 :  administrator : to be seeking a rival 18 has saying to her york network over demanded — said . eos Sample  4 :  the UNK messages ( strong cell , the hour are following the case of UNK from all . eos Computing Dev/Test Perplexity
Train  0 Valid  201.415092522 Test  179.255307223
Seen 90000 samples
Saving... Done
Sample  0 :  a is un see over not as based that ended a center ship from a UNK priorities , never very gary supposed by their pick to the UNK systems , Sample  1 :  up , congress for the lives remains over each at to pay . eos Sample  2 :  but i looks UNK expected a ban -- about an UNK at tough card , we great name and these take and transport , which is his extra abuse . Sample  3 :  as UNK , for UNK UNK while down the do too surprised with the city play . eos Sample  4 :  for the level UNK room UNK doug it , making his rise — in many three officials and " whose procession ) . eos Computing Dev/Test Perplexity
Train  0 Valid  200.161468065 Test  177.944357284
Saving... Done
Sample  0 :  pressed after dollars to be the biggest control to be about embarrassed . eos Sample  1 :  we ’ wanted — that " said in chinese s. grip -- 1994 to approved sure ' ago ’ ' s panic . " eos Sample  2 :  however , he students ' has decided on filing . eos Sample  3 :  romney , north is the process of the father ' s broken assembly for his calendar to UNK UNK between UNK diplomacy of been always been treated UNK . eos Sample  4 :  a 16 business magazine days is the won UNK , because data , said to UNK nation — more than the blood keen way , " said , " he Computing Dev/Test Perplexity
Train  0 Valid  199.010399575 Test  176.511079749
Saving... Done
Sample  0 :  to the speech : 31 and UNK will have run as sunday to the military times , forcing use daily still resume its other segments UNK violations . eos Sample  1 :  another UNK now authorities ’ s UNK ' s give a young gallery of 5 , by UNK speaker , he rarely property and UNK ' was a island UNK Sample  2 :  it ' s dollar popular with research business so inc. , oscar said it that which held that was offense in it of k . eos Sample  3 :  jim UNK , a appeal : front is a UNK shock society , such a first talks its success of odinga his c post now and time was come to Sample  4 :  more % UNK , particularly eos Computing Dev/Test Perplexity
Train  0 Valid  196.843935906 Test  175.092029863
Saving... Done
Sample  0 :  mr. though UNK is journey on his future official , an said date for give that often UNK companies in his software state showed with the comment of the demand Sample  1 :  2003 two literature put his free behavior rose hockey cup lap . eos Sample  2 :  UNK date appeal to military profit “ a carrier ' had been , white coming . eos Sample  3 :  but he holds the little against infection speed , “ the explosion that UNK coming immediately or jessica in those and fox said it UNK , " you could have Sample  4 :  two iv , california added in ways back to work the northern democratic UNK protesters who forecast the UNK prompted shawn UNK . eos Computing Dev/Test Perplexity
Train  0 Valid  195.096285066 Test  173.671903318
Saving... Done
Sample  0 :  since u.s. b. alone , industry gave turn each UNK UNK longtime pay on gradually UNK when the red counsel . eos Sample  1 :  UNK has an time . eos Sample  2 :  holland of the holiday request as water UNK october , vice UNK ) angry from the regional relay list since november UNK of UNK . eos Sample  3 :  mr UNK has still claiming with UNK received them of arresting before however , called class continues to use of the radio administration . eos Sample  4 :  but this UNK that i ' might people if 12 , from a house price and departure . eos Computing Dev/Test Perplexity
Train  0 Valid  193.444622002 Test  172.294559047
Saving... Done
Sample  0 :  UNK iraqis UNK UNK UNK , will take left with UNK in the one of a 21-year-old loan UNK , one has architecture where movie treatment . eos Sample  1 :  stock machine , japanese ' s major first louis hospital cream are not used practice later that brian / UNK daughter spokeswoman he ' eos Sample  2 :  the national year ' have that UNK solutions ? eos Sample  3 :  the arrests ? eos Sample  4 :  UNK , used it are created $ use . eos Computing Dev/Test Perplexity
Train  0 Valid  191.434230693 Test  171.054289334
Seen 90000 samples
Saving... Done
Sample  0 :  the grass did a throw four UNK asked this goals , according to inflation UNK attack that the module science UNK UNK for older , and the sun . eos Sample  1 :  ( 8 ' started long praise for the ocean the place from the UNK . eos Sample  2 :  so police , spinning that provides UNK forward to the anxiety early UNK to listen with 500 on in game . eos Sample  3 :  " he network must be fate in it on his door to little game , it are something in my faction make the big UNK wednesday , " to 2000 Sample  4 :  the legislation ' s for the partner from the man with consulted that young , " the said and iraqi looked barrels . eos Computing Dev/Test Perplexity
Train  0 Valid  190.825180897 Test  170.240252924
Saving... Done
Sample  0 :  at example , using UNK eos Sample  1 :  " her life to promote attention about my fleet and work , " told friends ’ s mail independent bush said . eos Sample  2 :  it of the bomb incident sea mr. a president river contributed to the estate anniversary of another parts to frustrating as anyone are a violence of children ' s former Sample  3 :  “ white UNK the villagers are coming to root us in i shares in downtown out , the middle jets exhibition , according to a are one ’ t roll Sample  4 :  fire , airline also viewed a UNK of southern UNK governance to play . eos Computing Dev/Test Perplexity
Train  0 Valid  189.977283415 Test  169.409980618
Saving... Done
Sample  0 :  higher observers for the UNK air stories that the recent wife was had final much , who reflect , minnesota home within the UNK for policy stadium , last year Sample  1 :  UNK UNK agents who power about her traditional , 12 lured in the national leading test jan. UNK from profits out . eos Sample  2 :  the united states is joined UNK zero groups ’ s nothing pointed on campaigning bob UNK for the the 20 of UNK . " eos Sample  3 :  but UNK , apple ) in five UNK reportedly expressed the investigator old associated press lynch soldiers between UNK UNK and small age ) , graham said . eos Sample  4 :  according to remain what UNK u.s. relatively red year , " an military board is animals is he did not to work whether the most expansion of numbers in retail Computing Dev/Test Perplexity
Train  0 Valid  187.835635671 Test  167.993128026
Saving... Done
Sample  0 :  britain of crossing mr. UNK UNK UNK ( subject , most , UNK UNK UNK to a UNK UNK estimates for the first session with its role of history and Sample  1 :  even at seeking the united states and involve first than hong vote had been UNK to stringent critical kidnapping are three UNK . eos Sample  2 :  but you share any affect her ' s UNK with me to UNK during the summer . " eos Sample  3 :  the town ? eos Sample  4 :  revenues spoke in related to shuttle ' s separate list of his voice in the major studies . eos Computing Dev/Test Perplexity
Train  0 Valid  186.872517207 Test  166.953088485
Saving... Done
Sample  0 :  in addition , UNK 4 conference were seen area to six begun system : UNK ’ s UNK road as ames , with structured $ UNK development prices ran to Sample  1 :  instead of his malik style of falls meant the actual line it , ” UNK william UNK said UNK to south report for the reforms . eos Sample  2 :  this america is designed off a support , but it : used to be card . eos Sample  3 :  " it ’ s me to close what was to avoid the question of power values -- the growing performed have paying a last week . " eos Sample  4 :  UNK it , i don ' t disappointed to prevent him second play and that he is had hit to the first pieces or those or the firm if you Computing Dev/Test Perplexity
Train  0 Valid  185.808795886 Test  166.014802846
Seen 90000 samples
Saving... Done
Sample  0 :  what i was already about in make the doubled else on a middle advantages , " there said . eos Sample  1 :  UNK says her UNK " wasn ' t have been around and part of either because he didn ' t remember a season and the middle of game that pointed Sample  2 :  you ' m on all money every UNK in 20 , who officials said . eos Sample  3 :  it first UNK help schedule and three games , respect . eos Sample  4 :  researchers has been 15 . eos Computing Dev/Test Perplexity
Train  0 Valid  185.728143797 Test  165.913014885
Saving... Done
Sample  0 :  40 americans make me ? eos Sample  1 :  UNK acknowledged , however , UNK . eos Sample  2 :  the company warned that up for wealth on his second cream tall in la UNK . eos Sample  3 :  there are still than i felt respect for the marine of what once UNK as penn a ratings specialist , " UNK said . eos Sample  4 :  UNK abdul UNK , " UNK said that will success since pain and voted reading by 4 to this bell on the playoff next people ended most of the data Computing Dev/Test Perplexity
Train  0 Valid  184.199909139 Test  164.916666078
Saving... Done
Sample  0 :  we can women provide UNK down how i was not any ways together that you made it , " UNK said . eos Sample  1 :  UNK UNK the agency UNK three as a willingness to the private center and started in mental command UNK ( overly asked the UNK met after the big quarter . Sample  2 :  as UNK company , the actions were UNK only charges at even samantha UNK , a homes will be a reputation UNK . eos Sample  3 :  the russian police did not kind at the good diseases , marks a UNK UNK central owners by net demonstrations from next year . eos Sample  4 :  take you have played without keep out about the report train training carved . eos Computing Dev/Test Perplexity
Train  0 Valid  183.412924096 Test  164.325114371
Saving... Done
Sample  0 :  " we requested the trial very unbelievable , ” UNK UNK as charles erik UNK UNK battle with toys failed to begin UNK to buffalo education , each miss mountain Sample  1 :  in which all , a navy option created in UNK pork kit on sunday ’ s caucuses system photos of 70 million UNK for the arc tradition wednesday . eos Sample  2 :  " this number has seen adding they needed to get shooting for the genetic process . ” eos Sample  3 :  he from a plans almost – keep by a player , in a majority of other list on wednesday ceo . eos Sample  4 :  british spokesman which had UNK details ’ s UNK wins . eos Computing Dev/Test Perplexity
Train  0 Valid  182.979785517 Test  163.525306293
Saving... Done
Sample  0 :  the UNK business service qatar for UNK eos Sample  1 :  " when everyone formed a super UNK of 100 analysis of the therapy , however is still users ' s so with hamas supplies parts is for their ammunition . Sample  2 :  " i don ' t take speed and what is a small UNK of the UNK of the UNK where she would happened than extreme health care , " said Sample  3 :  " to the investigation who ambassador or action still did . " eos Sample  4 :  she was on health care were charged after jones awarded her social soldiers on children and contact . eos Computing Dev/Test Perplexity
Train  0 Valid  182.386584718 Test  163.217298928
Saving... Done
Sample  0 :  gay UNK added to see her rear a UNK ship , like you like objective of britain may a media . " eos Sample  1 :  both rapid exciting envoy have the large moines , but roger UNK missed 1 eos Sample  2 :  the defense has been UNK UNK for hair . eos Sample  3 :  " that can you the clear , UNK , a rivals available back what such in the beginning of the deployment of faith for anonymity but all mr brown insist Sample  4 :  two UNK and UNK star nominating hits eos Computing Dev/Test Perplexity
Train  0 Valid  181.682346821 Test  162.790521021
Seen 90000 samples
Saving... Done
Sample  0 :  we started rising away and that it has at all parts of tap to make signs this million people position to want UNK after his parents . " eos Sample  1 :  lots of directors ' s " clinton decides to british plans eos Sample  2 :  why meant that we ' made this development , it is not applied to UNK about the founder in buyer ’ s movie . eos Sample  3 :  UNK - 7 , UNK suggested that young businessman ' s computer UNK UNK reported sunday ) to find the order was familiar with the ninth of the wrong . Sample  4 :  before he said : " we ' d build and a UNK . eos Computing Dev/Test Perplexity
Train  0 Valid  181.252159472 Test  162.035051267
Saving... Done
Sample  0 :  but lasts competitive UNK recommended on the series and UNK to rhode city UNK , including 20 yards through satellites has volunteered to its game in last year . eos Sample  1 :  " so as she commanders , there began some UNK and americans , " i think this house , i ' ll find me . eos Sample  2 :  armed sleeping special fund collected fire pace to his UNK and eos Sample  3 :  the us is replaced more UNK from UNK county system , telling reporters police . eos Sample  4 :  “ such " best ” you ' d find to the terror on the party , which is your girl , " the casualties said . eos Computing Dev/Test Perplexity
Train  0 Valid  181.088931299 Test  161.629036359
Saving... Done
Sample  0 :  kibaki : the story of fossil sector , would take union and other body and much “ UNK at the huge coming pool such when appears to be a UNK Sample  1 :  " as i want this doesn ' t laden , he taught them a share final room . " eos Sample  2 :  i ' ve got openly this ' s treatment — to live a UNK of christian UNK , " she told reporters away . eos Sample  3 :  an military secretary is UNK eos Sample  4 :  " i are at the country without the team ' s performance , it said , i were a album of an lot . ” eos Computing Dev/Test Perplexity
Train  0 Valid  179.874600777 Test  160.919399674
Saving... Done
Sample  0 :  " i could do make better than me to be an oil and exports of benefits between europe and an UNK honored down out discussion outside practice and israel represents Sample  1 :  now , we are head of failure , you are maintained into nice . eos Sample  2 :  it are struggling to UNK their medical claim the country ' s science . eos Sample  3 :  lord stewart slammed by sale rise as UNK UNK versions of UNK phones . eos Sample  4 :  all UNK do he would save the fundamentals and UNK that today can do . eos Computing Dev/Test Perplexity
Train  0 Valid  179.956250595 Test  160.553745637
Saving... Done
Sample  0 :  the suspect outscored over islamist heat UNK UNK on in the farm 60 per cent of final 1-3 and $ murder of the biography in 2004 and on wednesday . Sample  1 :  but now he got to a increase , children ' s sydney arm where the flagship home report offers conflicts UNK , after the investor associated press as 2006 against Sample  2 :  “ people get me the hands championship , and , “ i think her UNK ? ' d short the matter that is represented . ” eos Sample  3 :  you ’ re confident where it ' s UNK , i ' m always done , feel that . eos Sample  4 :  with last race those , UNK , reach between his manchester title thursday , increased the neck , from the state cup center and UNK . eos Computing Dev/Test Perplexity
Train  0 Valid  179.588232004 Test  159.986620842
Saving... Done
Sample  0 :  so , we was served as they ll happen from this quarterbacks i ' m sure that you think our pictures have not UNK , and not resources like cough Sample  1 :  the junior can pick this week after that a senior UNK whale charges of 1,200 practice onto the nobel . eos Sample  2 :  i ' m quoted but often planning who include all to support better than his own not conduct , " he said . eos Sample  3 :  new report , who includes a UNK UNK UNK , was made them by UNK spreading opponents . eos Sample  4 :  since warren provides about two november 1995 fell seven years at the house eos Computing Dev/Test Perplexity
Train  0 Valid  178.572359619 Test  159.519042023
Seen 90000 samples
Saving... Done
Sample  0 :  the study was credits to claim in 21 1 bees by the season , a government call UNK . eos Sample  1 :  this success about many players plans to reduce the casino while the american senator is able to prevent out of their navy employees in scandals . eos Sample  2 :  it play . eos Sample  3 :  " he sent in bonds was need to end the own , and eating UNK . " eos Sample  4 :  consumers go spending than ted ii , but five link said that she had two UNK in the conflict began . eos Computing Dev/Test Perplexity
Train  0 Valid  178.628569591 Test  159.359424063
Saving... Done
Sample  0 :  death now brought home for UNK suspicions in chemical UNK , he decided she does not as venture and johnson , is back to the end . eos Sample  1 :  " if they would think this will be doing it or ’ eos Sample  2 :  jurors requires its family in an company of in 1999 . eos Sample  3 :  mr. UNK is a threat for its french and 42 UNK class for obama to host a call back in prison , celebrities executive UNK 1 / UNK and UNK Sample  4 :  dubai officials originally repeatedly UNK $ 13 after katrina distribution and voice for when UNK or drew games from the first terror reactor , the yankees haven ' donnell and Computing Dev/Test Perplexity
Train  0 Valid  178.425546308 Test  159.129562582
Saving... Done
Sample  0 :  there is now angry with all significantly two statements . eos Sample  1 :  “ about penalties with UNK william murray brown , so we will explain if people should be a length of : she said . eos Sample  2 :  manchester coast call UNK 50 eos Sample  3 :  UNK by no time , it settled to report there would be stored on the tax could be treated in hundreds of support . eos Sample  4 :  UNK , himself from her expansion , 10 minutes at traffic metres of search at UNK ) , will kill 70 percent came against competitors and she UNK . eos Computing Dev/Test Perplexity
Train  0 Valid  177.863978295 Test  158.606352206
Saving... Done
Sample  0 :  in once , late italian air exchange agency of UNK , UNK legs were immediately from on UNK a year ago . eos Sample  1 :  hope to help events count increases , faced , including becoming average eos Sample  2 :  american sales : nearly 2.2 million average 1 eos Sample  3 :  ' according to me as if the infrastructure used on the effects at the field to manufacturing gardens , the father of sidelines is recent collaboration like you really the Sample  4 :  this is a corporate yard in an debut that link for berkeley and allowed the group of the UNK herald . eos Computing Dev/Test Perplexity
Train  0 Valid  177.742322785 Test  158.274283694
Saving... Done
Sample  0 :  the girl called milk powerful dead dead in its shooting as or a " question veteran opposite UNK : UNK into the possible independence and to like the concert leaders Sample  1 :  in now , changing that approach but the international government security motors was not forced to defend around the job early and the UNK friend ' s fellow cabinet told Sample  2 :  UNK republican man spent charge for iowa for 20 % at the parliament following over megan hillary tariq graham UNK the collection of an " UNK UNK " . " Sample  3 :  " everyone ’ s a close to prop and provide these options , despite the mission i hope UNK ' s ambition and put the process friday . " eos Sample  4 :  so far , UNK , spreading , UNK , told the mandate , particularly UNK to more canadian birds for UNK over basic UNK and most one side such from Computing Dev/Test Perplexity
Train  0 Valid  177.354832581 Test  157.828246397
Seen 90000 samples
Saving... Done
Sample  0 :  the candidates are UNK what it had been doing . eos Sample  1 :  who received after 10 , with the fourth floor , in general mccann gets july any biological operations on september 6 . eos Sample  2 :  my palestinian senate is a strength rover , for what we ' ve got a young fire . eos Sample  3 :  UNK UNK : the turnaround as 90 % tap as “ traditional equipment service naturally UNK that is full of the cross and i helped ) how we off places Sample  4 :  UNK , retail company , leader UNK : " reads UNK this year ' need to apple mccann eos Computing Dev/Test Perplexity
Train  0 Valid  176.7444708 Test  157.693039469
Saving... Done
Sample  0 :  i ' re going to do all my own people we ' re that if we ' re kind of what of a different armed news on inside the one Sample  1 :  kelly , turkey ' s club in the end of development was carrying an opportunity to protest himself in the previous six months . eos Sample  2 :  on his visit her missouri , “ their really pressure is a life responsibility ” again " about UNK , " for using the UNK tourist culture - in george Sample  3 :  UNK UNK UNK UNK is in UNK , citing the UNK art society from a lot of jack plc . eos Sample  4 :  outside the trial and had covered UNK cars , van had UNK UNK , the offense , or in alzheimer ' s UNK . eos Computing Dev/Test Perplexity
Train  0 Valid  176.645821557 Test  157.297516606
Saving... Done
Sample  0 :  the report ends 41 climate cross leaked the site with UNK UNK UNK UNK . eos Sample  1 :  she UNK UNK a UNK hezbollah , raising as a court of four rules . eos Sample  2 :  then now even the question is totally operated , to be chosen out the red UNK gain of UNK . eos Sample  3 :  in july all school writer veteran stewart including north america ' s court issued a broadcast after friday . eos Sample  4 :  opposition agencies have formed a police in UNK , but their fundamentals will use his UNK with the players of UNK to children has trained their use in the election Computing Dev/Test Perplexity
Train  0 Valid  176.301663286 Test  157.043905206
Saving... Done
Sample  0 :  describing the authorities , only for the subject by the world have been the queen ’ s archives , UNK said , and focused on the UNK selection an UNK Sample  1 :  UNK said UNK UNK passed up a stroke , at minor abuse of economic cells are nationwide . eos Sample  2 :  i personally wouldn ’ t do it . eos Sample  3 :  in milwaukee , paris UNK is identified . eos Sample  4 :  nominating was closed and more than 300 percent re-election cell cases that talks backed as the UNK candidates , as well to leave music , or the current UNK system Computing Dev/Test Perplexity
Train  0 Valid  176.004768214 Test  156.820084213
Saving... Done
Sample  0 :  n.y. UNK 97 eos Sample  1 :  that family has already made the UNK . eos Sample  2 :  morgan officials hit everett elevated academy ' s rise UNK from the nl center in the journal monthly starter 92 . eos Sample  3 :  repair of the netherlands , the public issues , ' interior minister hussein UNK memories — defended on a felony win , UNK UNK UNK . eos Sample  4 :  a boy released nov. 14 2 ( UNK ) eos Computing Dev/Test Perplexity
Train  0 Valid  175.981219395 Test  156.732883878
Saving... Done
Sample  0 :  safe minorities involve being UNK UNK and UNK controlling UNK , studying great . eos Sample  1 :  greg UNK ' s biggest rights unit dipped to a fact as his feet was taken in ethnic studies . eos Sample  2 :  at a second world series game , usa pierre 3 ; other children discussed eos Sample  3 :  colonel mr. UNK , a UNK said , said she is more likely to shares to english lawmakers that has a decrease test arms with UNK on the regular trip Sample  4 :  mr. UNK , a person 4 , urged his point to first counties but had to disclose madison . eos Computing Dev/Test Perplexity
Train  0 Valid  175.598089562 Test  156.353674
Seen 90000 samples
Saving... Done
Sample  0 :  “ it makes a serious fight with white was a sign of another idea , saving it , but my husband has a lack of appeal every dream ? ” Sample  1 :  by democrats filed two children , 2009 and fatah UNK other industrial bill have been one of some style and are in jail to expire in chicago county bombings as Sample  2 :  the worst symbol is that the growth would contain more than three rebounds . eos Sample  3 :  the real voice and of the help angels will be devised by a &amp; seized wednesday morning to 13,000 claim in tampa bay . eos Sample  4 :  they are heading , then soldiers include a middle number jump from his first recorded this month . eos Computing Dev/Test Perplexity
Train  0 Valid  175.470416401 Test  156.335793242
Saving... Done
Sample  0 :  there is a UNK suspension that himself shifted for israel away . eos Sample  1 :  UNK UNK put the third quarter holiday when she earned the two deaths in westminster due to shake up 51 cents against a UNK . eos Sample  2 :  the number was becoming always recovered by . eos Sample  3 :  even despite this level is UNK , best goals , in river UNK , guarantees in four the accident . eos Sample  4 :  " he knows is that the best bit is , if very is much good if we have to include a economy , our people and help those UNK plot Computing Dev/Test Perplexity
Train  0 Valid  175.637537781 Test  156.07101455
Saving... Done
Sample  0 :  we ' ll happen to be switched to some idea a clear shift . eos Sample  1 :  the lakers ' s planning feels over the home , who had been hospitalized . eos Sample  2 :  UNK subscribers big company UNK is a timely order to a UNK grounds to create a interview ’ s world ' s biofuels agreement because of refugee eos Sample  3 :  UNK say the peace administrator wants ' . eos Sample  4 :  iowa also no responsibility ; how our prophet occurred with all insurers who goes out for 9 : buy . eos Computing Dev/Test Perplexity
Train  0 Valid  175.100135851 Test  155.994614479
Saving... Done
Sample  0 :  but , the UNK discussed the keeper UNK of the ace thompson boom “ she declined to that it is a fit , ” said jeff UNK , director of Sample  1 :  " they took to his own most of anyone to the credit crunch within the floor that may be UNK -- something it has been reasonably shocked and generally they Sample  2 :  UNK UNK for UNK al qaeda eos Sample  3 :  but o ' malley said that he would do the administration of the militants control that musharraf would be not since conferences that while that delta military rule : ' Sample  4 :  given that way , the federal territories is less than anything again . eos Computing Dev/Test Perplexity
Train  0 Valid  174.849585052 Test  155.576386078
Saving... Done
Sample  0 :  " it will be happy to largely all billions of the fact , to face , UNK tree companies , has not give me wendy ' s promises to how Sample  1 :  police said UNK UNK would probably unfair to half people to go some more than the array of buildings in UNK presidential exchange . eos Sample  2 :  dollar UNK shipments are encouraging a existing UNK — canada ' s game of critics in " the opposition " . eos Sample  3 :  past major owners , which is authorized to go past the last eur $ 100 bowl . eos Sample  4 :  out of the venue ' s academic conference room , for instance , he said he could loss to the bodies before he was not raising with the UNK would Computing Dev/Test Perplexity
Train  0 Valid  174.258239834 Test  155.196400459
Saving... Done
Sample  0 :  so it ' s what would be much to accelerate your potential future . eos Sample  1 :  the production has died from a UNK cannot share UNK that their hands is in by wal-mart — have no . eos Sample  2 :  crawford shot ahead of by UNK and northern giant mac UNK , prompted content on UNK and compelling many countries interviewed UNK , about more than 30 mph . eos Sample  3 :  her sign ' poor uk are quoted to the new improvements . eos Sample  4 :  asked , the team allegedly bought their predecessor in london : UNK of cardiac news rates are UNK water blowing by UNK allies . eos Computing Dev/Test Perplexity
Train  0 Valid  174.398413591 Test  155.163581724
Seen 90000 samples
Saving... Done
Sample  0 :  UNK ( i ’ m doing what i talked for yourself at a vivid UNK in the right , ” he said . eos Sample  1 :  the average of indian UNK UNK nearly 25 feet in his UNK at last week in the gallery . eos Sample  2 :  cherry williams , 56 , told diana for martinez as an national attorney , told the city who believed the while " the most of carbon . " eos Sample  3 :  but finally , police UNK and UNK UNK were voted at crime . eos Sample  4 :  " i ' m something to get one in a empty UNK ? " he said . eos Computing Dev/Test Perplexity
Train  0 Valid  174.069447034 Test  155.011084739
Saving... Done
Sample  0 :  ' “ people given our experts are playing , " manager university administrator said mr howard . eos Sample  1 :  what ’ s no character of the jurisdiction depends in this car , dr scott , for UNK , who manages home , the UNK rescue minister , produces a Sample  2 :  a UNK for the story is as a situation from UNK , UNK and UNK , and he maintained nancy UNK his UNK , his UNK partners from ann kennedy Sample  3 :  boston counsel , UNK plans to celebrate the awards , and eight UNK the upbeat version of former two policeman served the UNK UNK of golf park . eos Sample  4 :  ground host a UNK marathon will be UNK in protecting the UNK nation cup components for rice UNK UNK and UNK UNK . eos Computing Dev/Test Perplexity
Train  0 Valid  173.631576307 Test  154.629899035
Saving... Done
Sample  0 :  first of all UNK $ 25 million drive to UNK for the northern van UNK capital , florida cricket committee UNK UNK of UNK as star locations in selling profits Sample  1 :  in a recent survey , you UNK the UNK green flu at UNK and UNK . eos Sample  2 :  you ’ ve had seen an dna of the end of misconduct fast . ” ( UNK UNK ) . eos Sample  3 :  the brief UNK version of the film would take it to use a great voice gap after he believes he wanted to see the understanding of the book . eos Sample  4 :  meanwhile , mr. UNK yielded to bill , with the loss for a capital after the agency were hospitalized with the wii time in another pound for the same she Computing Dev/Test Perplexity
Train  0 Valid  174.272126658 Test  154.884012945
Saving... Done
Sample  0 :  you know we could stop to borrowers . eos Sample  1 :  well this way less sex , problems ' jobs and what “ and what ’ s going to expect perfectly kind of UNK and . ” eos Sample  2 :  the blog was the UNK setting of its name to take more than $ 20,000 starting in the release . eos Sample  3 :  i think , i wonder , we just as i go to make itself differently , but every time ends billions years ago against africa . " ( when UNK Sample  4 :  he did not be listening to demand if it was that to be down with her allies . eos Computing Dev/Test Perplexity
Train  0 Valid  173.920447936 Test  154.868118119
Saving... Done
Sample  0 :  they are made now paying 50 deaths in a UNK period and that the fda accused of electrical loans , both clients . eos Sample  1 :  “ what of the contract , i fled her with a step back as the surgical williams of over the UNK , i ’ m going to attract . eos Sample  2 :  at the two decades , UNK in tuesday , scott pleaded together to see the un job plots that the right . eos Sample  3 :  ‘ but i intend to kill right we would be a way strange , ” he said , " it is why my desire to resign . " eos Sample  4 :  " republican majority include abc UNK ross an UNK , named kurdish advertising center yesterday . eos Computing Dev/Test Perplexity
Train  0 Valid  174.569241386 Test  154.852165028
Seen 90000 samples
Saving... Done
Sample  0 :  five the UNK restrictions were projected to win his prison . eos Sample  1 :  " i have nothing not so mere UNK . eos Sample  2 :  " i need to offer where her police expect that represents thinking away from the UNK pregnancy , " she told him . eos Sample  3 :  japan have the queen ( r ) and healing conservation ( michael mary university ) . eos Sample  4 :  six — owen was arrested . eos Computing Dev/Test Perplexity
Train  0 Valid  173.408776203 Test  154.213623933
Saving... Done
Sample  0 :  but in alabama sen. he fell 92 . eos Sample  1 :  can , he estimated to me stay of , traffic , if she only is now a rules at the UNK of all outstanding systems , that , the red Sample  2 :  mcleish francona retired himself , of the UNK of homeowners who are to satisfy who could play enough for himself on new york city . eos Sample  3 :  “ then that ( UNK ) came to them . eos Sample  4 :  the experimental social law for a pro moment has split waves or a year ago that included in mexico ' s yale . eos Computing Dev/Test Perplexity
Train  0 Valid  173.233747108 Test  153.987369722
Saving... Done
Sample  0 :  the company step is often UNK spirit of any far owned by world ’ s vowed playing , military fields to the contributions . eos Sample  1 :  " a rule is the UNK and two forums and each of the race governor all , but the first time is quite less . eos Sample  2 :  UNK drives alex w. UNK UNK [ UNK UNK " took those proposals . eos Sample  3 :  for last year , clinton eos Sample  4 :  utah fans have recommended it was available to coordinate stealing both a technical christian clubs now is no longer , but jim that was a tougher bomb of tickets to Computing Dev/Test Perplexity
Train  0 Valid  173.202630687 Test  154.008886441
Saving... Done
Sample  0 :  developers have been attracting samples , their departure and newcomer 13 ’ s sometimes international UNK and known . eos Sample  1 :  the leading UNK UNK special number with its clarity and only UNK percent . eos Sample  2 :  UNK was named at the hong kong pension facilities with an online senior lawyer from the nuclear program , but bobby UNK , his wife , dr. fletcher lt. edward Sample  3 :  the UNK teams ' s UNK were UNK suspension . eos Sample  4 :  lt. deborah UNK , dubai , inc . eos Computing Dev/Test Perplexity
Train  0 Valid  173.086633609 Test  153.826490238
Saving... Done
Sample  0 :  i actually got a global communication board that can be get off and picking up back over the street and in dublin . eos Sample  1 :  sales led to UNK UNK UNK ( steve j. w. UNK ) , where UNK UNK UNK into some UNK bacon UNK . eos Sample  2 :  " you ’ ve got , but see me on the new ocean i ' m coming for my life around another 10 years in financial UNK , " said Sample  3 :  " we expect producers rarely really gets this time ? " eos Sample  4 :  never mind : mr. giuliani and have UNK ahead and that can be available , which helped throw a five-year gesture called with an open UNK at the 1970s . Computing Dev/Test Perplexity
Train  0 Valid  172.638961361 Test  153.65666209
Saving... Done
Sample  0 :  " i ' m not very more UNK nations to my lineup . eos Sample  1 :  high political UNK town and $ UNK to UNK the UNK that hit " a serious noted , ” which is not the knows about far respect in the UNK Sample  2 :  the women UNK will take “ create guns leading packages , ” UNK said . eos Sample  3 :  here the UNK is not par , including panama , UNK and UNK . eos Sample  4 :  on november 2003 , his daughter UNK at the last of this win , we needed talk of extremists before . eos Computing Dev/Test Perplexity
Train  0 Valid  172.505184747 Test  153.616727519
Seen 90000 samples
Saving... Done
Sample  0 :  specializing in the advice of treating the was at areas , as UNK and obama has competing on its relation for two techniques on the record of the year ' Sample  1 :  the senate lost train ambush behind 10th performance for UNK online outreach rate per century , and sharp civilian phone prices in which UNK under baghdad and east year last Sample  2 :  UNK lafayette o ' neill has asked all enough share effective at style use him to “ sustainable cell ” ( channel 21 pm 25 . eos Sample  3 :  spirit of online stations eos Sample  4 :  the number of UNK have been determined to inspire his primary debut from promise UNK to defending his home towards possible UNK sprint leader with the less attractive commercial player Computing Dev/Test Perplexity
Train  0 Valid  172.249498429 Test  153.411722042
Saving... Done
Sample  0 :  " if we under democratic decision coming away its overhaul , especially women like UNK , encourage crime including these rights lines that don ' t find everything anymore that Sample  1 :  UNK . eos Sample  2 :  special neighborhoods prefer the UNK UNK that could boost affiliated UNK from the UNK garrison province yesterday , but the magazine ruled down up this year in saturday . eos Sample  3 :  butler said it put his UNK at an interview and released an interview without civilians as a 2002 event with mr UNK from a UNK UNK significant grade in UNK Sample  4 :  UNK and dead men and babies from estimate its work is unusually financially in our right server and simply loves exactly UNK until their pants . eos Computing Dev/Test Perplexity
Train  0 Valid  172.68283382 Test  153.198140885
Saving... Done
Sample  0 :  i talked to charge . eos Sample  1 :  “ ‘ UNK UNK UNK , ” mr. UNK said . eos Sample  2 :  cnn also alleges israel ' s report said " what it was not the damage of people ' ' to blast . " eos Sample  3 :  much of a compromise back into the future to capture the jurisdiction of late flight and cutting nuclear weapons . eos Sample  4 :  UNK also hit a humiliating . eos Computing Dev/Test Perplexity
Train  0 Valid  172.349577452 Test  153.314073722
Saving... Done
Sample  0 :  the UNK ( UNK , robert carter , broke stones and diving late october 28 . eos Sample  1 :  " also , we have one one of our exercise and don ' t know my mother , she ' s not UNK over , and they ' re unbelievable Sample  2 :  prince robert UNK , a aide from the death issue , said police said he was notified . eos Sample  3 :  secrets arrangements at the beach champion himself , why chavez believe of reporters scheduled . eos Sample  4 :  UNK cuban UNK washington on dec. 24 contributed to a report that he could foster he fled into the washington scene . eos Computing Dev/Test Perplexity
Train  0 Valid  172.154731248 Test  152.984136775
Saving... Done
Sample  0 :  with men who began to approve his need to call the indians get four times an masks in UNK socks , an royal movie UNK on in washington tickets : Sample  1 :  the uk UNK surging iraq and former economics of grant had always ordered her son and recorded its cell to slash them seats . eos Sample  2 :  washington ( ap ) - UNK of one of his left friendship decorated an iphone injury appeared to practice UNK reserve friday in november . eos Sample  3 :  UNK when i ' m , on an effort to see the energy ” came back for jurors , however , meaning to a ballot stuck " very of your Sample  4 :  his mother told UNK , daniel f. UNK threw an UNK player sporting 2 tigers exile by olmert ' s skin on questioning . eos Computing Dev/Test Perplexity
Train  0 Valid  171.778136623 Test  152.678739727
Seen 90000 samples
Saving... Done
Sample  0 :  the u.s. army has on two hits all of foreclosure offices at UNK counties across the UNK and telephone UNK in 1999 , 2006 and opposite of risk flight and Sample  1 :  it is still a suicide industry giving a new strike . eos Sample  2 :  the UNK is the UNK dress , and UNK test UNK , and the chief of time to UNK south - 15 / plastic shaped UNK , who would be Sample  3 :  in the number of time this year , while the UNK northern addition to express cloning and build in politics a display , a UNK article , ms. hill , Sample  4 :  " that ' s about to ensure that , i think it does probably do that circumstances , and you can , " obama said . eos Computing Dev/Test Perplexity
Train  0 Valid  172.326525465 Test  153.14894063
Saving... Done
Sample  0 :  the bang stem by french consumer young UNK talks made a one-year period on UNK hotels , joe UNK for UNK to be 21 yards ) , making politicians on Sample  1 :  " if i ' ll with him on a trend , for my sense , as i ’ m loved by my UNK UNK . eos Sample  2 :  UNK says rasmussen have no immediate roles in china , not UNK from it , but verizon or we need the ability to bring themselves . eos Sample  3 :  david frank was nominated with a litigation conference agency while ethnic officials signaled on the group ' s biggest aid for the forum , nawaz maria UNK party makers . Sample  4 :  mark UNK , a member of harvard university said , told time that his german republican challenger , in the new york times following that the support of the investigation Computing Dev/Test Perplexity
Train  0 Valid  171.704139408 Test  152.812911339
Saving... Done
Sample  0 :  they did not mind him , so the influence designs following that financial employees have been not affected . eos Sample  1 :  they are in the far , but why may he feel happening ? eos Sample  2 :  this picture is a matter of course , francis , bill smith francis , another iran ’ s communist partner , in myanmar . eos Sample  3 :  the idea may be more here to young voters . eos Sample  4 :  u.s. ban declined requests to meet efforts that aid spending backs all up its savings through mortgages . eos Computing Dev/Test Perplexity
Train  0 Valid  171.292822487 Test  152.630283595
Saving... Done
Sample  0 :  in more than shawn UNK , a weaker days ago it might be put incredibly reason for as a victory of the relative UNK virus . eos Sample  1 :  " and you want to protect from this harsh bunker , he says . eos Sample  2 :  the aircraft could include UNK from 98 % of the release of prostate political people in which mass charges rose . eos Sample  3 :  i think we ' ll scan there to establish if it would have let their worlds to have big every truth . eos Sample  4 :  he said the peace is in afghanistan to another special service , including the chain who owns a legal service to take themselves a expense of support of UNK , Computing Dev/Test Perplexity
Train  0 Valid  171.638338292 Test  152.554062764
Saving... Done
Sample  0 :  celtic campaign attorney stephen clark became an international figures for her brother , announced in the UNK , but he was talking about the other breath . eos Sample  1 :  in northern 2006 then , a UNK cluster overturned , UNK UNK UNK , was the first mvp of the UNK walker shop to UNK a ground at the UNK Sample  2 :  coach UNK , " signs of the actor of felipe thompson , don ' t make stuck " the gathering that reflect events on the country ' s natural destinations Sample  3 :  the firm will be UNK a money for private equity in india and the yankees , and if some of them go away UNK , all a UNK is then Sample  4 :  UNK - andy kick , UNK . eos Computing Dev/Test Perplexity
Train  0 Valid  171.570722588 Test  152.502640105
Saving... Done
Sample  0 :  managers ’ voters could be deemed cute $ 5 in UNK acceptable night periods worth the water . eos Sample  1 :  about china ( reuters ) - president UNK women UNK . eos Sample  2 :  christine UNK shown no stance over by madeleine ' t win emergency shot from indiana sen. ben UNK , referring to a six-month defense minister in brazil , police . Sample  3 :  she was a possible campaign to find darkness , including lindsay clarity and heart &amp; workers . eos Sample  4 :  there will serve companies that they know then executed UNK and otherwise that and UNK UNK about honey . eos Computing Dev/Test Perplexity
Train  0 Valid  171.706543639 Test  152.536167354
Seen 90000 samples
Saving... Done
Sample  0 :  research , which helps people on the sale UNK minds and arrive , driven participants that defense might ultimately produced a view that are said , " our partners and Sample  1 :  we ' m going to cover our eyes " old lafayette . eos Sample  2 :  will , the criticism is women — can ' eos Sample  3 :  when warner hospitals named UNK wilson along the UNK out of the conservative church , i ' m a long hand . eos Sample  4 :  “ i have him the daughter ’ s got speaking at a willingness to work , ” said it ' s who was his daughter of the palm of st. Computing Dev/Test Perplexity
Train  0 Valid  171.250127024 Test  152.326370157
Saving... Done
Sample  0 :  " my team doesn ' t try to join keeping the am i guided for his membership , " — former pioneering refusal to remain UNK . eos Sample  1 :  the UNK with their billions were not just struggled . eos Sample  2 :  eu activists service has to quit against the los angeles times eos Sample  3 :  UNK said the red sox medical report in UNK UNK sentiment 17 . eos Sample  4 :  the broker is in the stage of the map , who are seen from an aggressive tour of the end republican . eos Computing Dev/Test Perplexity
Train  0 Valid  171.669779042 Test  152.292339894
Saving... Done
Sample  0 :  they haven , UNK / UNK , and a half other UNK UNK being different , turks and UNK treasure ; UNK UNK ’ s authority . eos Sample  1 :  powell UNK , 73 , tonight : " i always got his first march on the kosovo to open friday morning for a number of the UNK , in their Sample  2 :  operating income , foreign results , UNK UNK inc. and other rival fire fell 1.8 percent to open yen into the UNK region . eos Sample  3 :  and i am playing UNK naked with penn . eos Sample  4 :  he added : “ we walked down a scan ; this public two babies and UNK or that organized artists and women and side at business . ” eos Computing Dev/Test Perplexity
Train  0 Valid  170.803839363 Test  152.208859497
Saving... Done
Sample  0 :  i want is taking me came on my lifetime even sometimes , a loyal tribute for so in fact the rest of my kids to go . " eos Sample  1 :  man known sears over illegal UNK ; msnbc.com eos Sample  2 :  a town of a small park when UNK alone were in time over with an attempt to attract $ UNK billion for UNK foods station north , 30 , . Sample  3 :  one of the company to get them to grow , consumers said eos Sample  4 :  nine of the law re hunting duty for UNK gains , including 19 years earlier than two , defense had growing more enough decline . eos Computing Dev/Test Perplexity
Train  0 Valid  171.74490956 Test  152.30028632
Saving... Done
Sample  0 :  he will official that UNK don will stem a UNK that experts understand the most common UNK , mainly as a morning manufacturer of human rights . eos Sample  1 :  the year for josh westbrook became the possibilities but a new york bush added wide of the UNK , " part of an e-mail to the earth stories , not Sample  2 :  but they talked for these members who can pay competitive in cancer , toward the east yankees . eos Sample  3 :  so , it was one of the same opportunity . eos Sample  4 :  orders are comparable in luggage or UNK , as normally affected a possession of money from politics - anne UNK ; UNK UNK and south korea or UNK entertainment dragging Computing Dev/Test Perplexity
Train  0 Valid  171.445463226 Test  151.957333687
Saving... Done
Sample  0 :  the time and again over flames may be al-qaida in the fiscal site . eos Sample  1 :  " fighting changes in humanitarian values have failed to reach all iraqis and speak . " eos Sample  2 :  it is more likely to trigger a UNK transplant under the shifts warrant . eos Sample  3 :  ask the bank and don ’ t their voters to pass them a year , and the surface was to be dumped in the tapes . eos Sample  4 :  their old UNK chains are apparently new UNK . eos Computing Dev/Test Perplexity
Train  0 Valid  170.948559357 Test  151.963178367
Seen 90000 samples
Saving... Done
Sample  0 :  " ms UNK said it , " UNK elementary , of UNK illegal crimes , acts a tremendous problem . " eos Sample  1 :  unlike UNK leslie , the victim ' s daughter of his UNK and later have said not certainly to public " the united states ' poor and UNK , " Sample  2 :  the group ' s name , to the rail center . eos Sample  3 :  the company alone released fears yesterday for UNK the rise for a few weeks ago , according to the report over the police expected , UNK but the administration will Sample  4 :  we ’ ll know that they were different , ” he wasn ' t . eos Computing Dev/Test Perplexity
Train  0 Valid  170.899355883 Test  151.858159875
Saving... Done
Sample  0 :  some injured conferences and u.s. unit remain UNK as investors UNK in new york decades after he spotted in the territory after san diego on his raid in pakistan , Sample  1 :  they are room for the magic ' s lpga , to develop everyday beauty . " eos Sample  2 :  UNK llc said that the united states is to educate them responsibility , properly agents , singapore and new hampshire , “ israel we are without incredibly tense , and Sample  3 :  cleveland ( reuters ) in boston UNK summit said that , UNK , proposed how announced that island drives what was now the justice department works and the women ' Sample  4 :  but not what you are getting asthma or become a more UNK shape in the meeting . eos Computing Dev/Test Perplexity
Train  0 Valid  170.345412686 Test  151.662837863
Saving... Done
Sample  0 :  UNK said he said police have also directed his group to lay a exploration of machine and UNK between florida ’ s opinion appearance . eos Sample  1 :  UNK per gunshot UNK , seattle ( $ UNK ) , chasing the UNK UNK as payment contract . eos Sample  2 :  that will be dramatic from fewer margin of four medals . eos Sample  3 :  however , the case brought heated reading in 2008 to UNK tailored , and better . eos Sample  4 :  but the good national UNK , within to world if pulled your injuries to the promise of the toronto UNK moments , like a second consecutive UNK is from a Computing Dev/Test Perplexity
Train  0 Valid  170.724965422 Test  151.794336381
Saving... Done
Sample  0 :  uk census media discussed a violence that support robin UNK jr. , as tough as proud of saudi arabia - corruption courts , new delhi of baghdad has broken the Sample  1 :  agricultural bancorp eos Sample  2 :  the chairman of an education player , UNK UNK , headed out “ UNK pressure when he was under the family ’ s UNK , where the UNK take the Sample  3 :  the UNK actress sat street published in the bulldogs in the season with carolina UNK , respectively . eos Sample  4 :  if harris ’ s designs went to hard residents , they cannot face it . eos Computing Dev/Test Perplexity
Train  0 Valid  170.547850663 Test  151.592184707
Saving... Done
Sample  0 :  UNK ad eos Sample  1 :  the basic accusations of the department argued that the first vaccination would include separatist guards , its positive model export tribunal representing all trips to $ UNK million . eos Sample  2 :  its web hurricane index futures has UNK all that emerging and were $ UNK per year eos Sample  3 :  peterson will not embrace boy and miller colleagues to move to age of the city and the presidents . eos Sample  4 :  “ in our developments there is we think that can so much of what you can get our computer UNK and restaurants . ” eos Computing Dev/Test Perplexity
Train  0 Valid  170.828605635 Test  151.746303352
Seen 90000 samples
Saving... Done
Sample  0 :  it is still UNK at UNK ' s UNK in the 1960s where he ' s logging while it has vanished . eos Sample  1 :  looking to him with the studio out , UNK UNK , UNK ’ s state ' s UNK living inside , ’ s russia , who began last week in Sample  2 :  crawford insisted that owners passed by the arrest for a technological journey to find it but are reduced fines . eos Sample  3 :  detroit are negotiating payroll possession of june , a related UNK tracking annual fund investment boom at UNK street and posts in developing countries and the drug conditions . eos Sample  4 :  but , who dropped to hamas , please visit the municipal border bus in one of the semifinals of delaware , which helped drop the rates in bonds ' s Computing Dev/Test Perplexity
Train  0 Valid  170.711338618 Test  151.735992429
Saving... Done
Sample  0 :  guess to speak net on their pension teachers to improve the defense loan ' s refining at the economy . eos Sample  1 :  jacques UNK , a former pennsylvania businessman 22 , a metropolitan photographer in intel , studies , created the game 24 points at stanford elementary school sunday and showed a Sample  2 :  three years ago both known UNK with UNK is carrying -- sets , as they UNK this score so . eos Sample  3 :  it didn ’ t think the other reason , and the world ’ s highest debt , viewed UNK clothes . eos Sample  4 :  simpson suggests that to a misdemeanor alarm during the area of three plays , dick UNK and UNK UNK are never appealing for the players , UNK scenes like UNK Computing Dev/Test Perplexity
Train  0 Valid  170.727517013 Test  151.551577671
Saving... Done
Sample  0 :  i should UNK him his mind . eos Sample  1 :  the UNK major applications about our partners and a number of UNK that could not fail to do and are better as well . eos Sample  2 :  about healthcare care educational units - dusty models - in the third quarter of the wider side of its traditional UNK product financial organizations , a company said a UNK Sample  3 :  the existing leadership is expected revealed , the growth of potential distribution students said refining sharply in the latest seat in northern iraq . eos Sample  4 :  but many others say the first time hiring would be the UNK integration , UNK by any such leadership planet , along to the woman led by a novel man Computing Dev/Test Perplexity
Train  0 Valid  170.266846219 Test  151.405401305
Saving... Done
Sample  0 :  ap : UNK UNK also abandoned a single free UNK defeat for UNK advertising towns and automaker UNK , which have averaged software exports . eos Sample  1 :  UNK , it had a diagnosis with UNK , used by choosing what , not ? eos Sample  2 :  " i am thinking about all plants out they are " a return barrier for president , " UNK of UNK UNK , saying " UNK , " for the Sample  3 :  my cousin did really even allowed he killed my eyes of her women , consistently our best UNK and feeling too . eos Sample  4 :  cardiovascular leader of UNK agreed to provide the junta ' home on june 6 as the weekend , even heading to a tight UNK . eos Computing Dev/Test Perplexity
Train  0 Valid  170.556742178 Test  151.437100646
Saving... Done
Sample  0 :  in baghdad , the united nations talks with UNK UNK in ottawa , and as though , torre would change more “ highly UNK ” of the most serious careers Sample  1 :  the weekend and 50 meeting were authorized to sell a legal event on " one categories every year . " eos Sample  2 :  we and the teams of our research , very awful that is in their sector - and persist . eos Sample  3 :  according to the party , mr. mukasey turned immigrants as a full-time colleague UNK it . eos Sample  4 :  hsu have emerged in a woman ’ s UNK paintings . eos Computing Dev/Test Perplexity
Train  0 Valid  170.461065057 Test  151.436909712
Saving... Done
Sample  0 :  we are led by the stress of legal communication service UNK and UNK of banks such as UNK development program from australian electric communications and international mortgage industry . eos Sample  1 :  buffalo pleaded a relatively low increase in the journal of UNK testing on its eve city central at 103 in the capital . eos Sample  2 :  UNK &amp; - school retailer , new york state , finds . eos Sample  3 :  the market is UNK , UNK such cancer video foundation . eos Sample  4 :  they ' ve had a military and leading to the mayor , it ' s going to have come off a time hearing next summer . eos Computing Dev/Test Perplexity
Train  0 Valid  170.53718706 Test  151.349120791
Seen 90000 samples
Saving... Done
Sample  0 :  because of many of the UNK , content standards ; like one element and to watch UNK . eos Sample  1 :  “ every shopping article between atlantic stations , worth such concerned about them or both applications UNK on revenues , have been broken and UNK threw bankruptcy and convinced to Sample  2 :  after the first UNK , macy ’ s UNK record UNK should cost a dozen in how 1,000 UNK were developed to UNK , at tickets . eos Sample  3 :  while our comments would important long-term confidence by president bush who are making an embarrassing numbers in the world , for now , sen. barack obama who heads changing insight Sample  4 :  police say the italian UNK could have doubled UNK . eos Computing Dev/Test Perplexity
Train  0 Valid  170.650111021 Test  151.401775402
Saving... Done
Sample  0 :  he also cited fears that officials could UNK permission to UNK forces in britain and nearly seven UNK . eos Sample  1 :  the UNK over UNK and UNK has been able to crush no problem like the police regime . eos Sample  2 :  barber , with the green premier league , missed his exit UNK and sent back off her with the UNK , walking and were seeing UNK in the UNK . Sample  3 :  nearly 20 percent of the $ 41 million and its biggest occupancy growth than 1,000 tons have increased significantly worth the continued drop of program 40 feet . eos Sample  4 :  UNK UNK tried to UNK to 3 UNK , UNK over UNK UNK in 1964 . eos Computing Dev/Test Perplexity
Train  0 Valid  170.8737579 Test  151.384837683
Saving... Done
Sample  0 :  “ i don ’ t know i do the facts . eos Sample  1 :  russia ' s chief executive officer daniel , 27 , spoke of a UNK company in which seven years ’ number doubled a substance in time in march before UNK Sample  2 :  " we are literally having your own 100 throughout the way left in UNK areas with human rights , " bhutto said . eos Sample  3 :  his case was killed at a dawn over this season , though UNK had a UNK modern through the catalyst for this night ' s finals in board a direct Sample  4 :  “ that ’ s the UNK , ” mr. UNK said . eos Computing Dev/Test Perplexity
Train  0 Valid  170.517252885 Test  151.293128137
Saving... Done
Sample  0 :  volume climbed apart eos Sample  1 :  the budget of the housing market in york you union reported can once UNK . eos Sample  2 :  " first-class UNK have been raised , " she said . eos Sample  3 :  UNK night charles UNK started after winning scenes in october on her session for attorney ' s milan series of muslim team . eos Sample  4 :  westbrook to approve bid for additional operating on all levels that in september falls to UNK on higher energy and metals in its assets . eos Computing Dev/Test Perplexity
Train  0 Valid  170.684569558 Test  151.20796186
Saving... Done
Sample  0 :  UNK said the uaw does been talk to unrest . eos Sample  1 :  we got them UNK on UNK leather and us to be the only steps to happen in certain day of good criminal pact , but my achievements are i are Sample  2 :  the company advised that the employment of 2007 scotland ' s most opposite of a publicly . eos Sample  3 :  those paying down . eos Sample  4 :  shares of suspected defaults were by rising and 2006 . eos Computing Dev/Test Perplexity
Train  0 Valid  170.09457871 Test  150.985814971
Saving... Done
Sample  0 :  you are too dry anywhere , now age your hands with a UNK and UNK i win to long , as well worked and open UNK . eos Sample  1 :  by dan UNK the post tuesday , october 26 , 2007 ; eos Sample  2 :  anthony has died during two groups on interest and as 21st century , mr. brown and stevens -- to attend UNK . eos Sample  3 :  new federal discussion announced in friday and that nearly three thousand teams have held visibility by the UNK merger at insurance stations , company for a crowd underway by mobile Sample  4 :  shipping billionaire mark UNK is a author of UNK UNK , UNK and morgan stanley . eos Computing Dev/Test Perplexity
Train  0 Valid  170.472162589 Test  151.240492508
Seen 90000 samples
Saving... Done
Sample  0 :  in recent years , with only seconds and hand , far poor homes and france . eos Sample  1 :  next week , UNK percent of UNK trucks were exposed in southern UNK and bought in four fears . eos Sample  2 :  ( one about 23 kilometers ) eos Sample  3 :  the researchers won the 1984 of 30 points or begin to have joined the death of the collapse as a private airline to UNK immediate schools , in the UNK Sample  4 :  " the UNK ' s parents are involved by made the panthers with their teenage friend and UNK players of the caution in the case . eos Computing Dev/Test Perplexity
Train  0 Valid  170.162623431 Test  151.117244189
Saving... Done
Sample  0 :  and is the top of the country day some of it ' s UNK to explore and set up to UNK ? eos Sample  1 :  both primarily occupied and real estate partners where women respond to paint between homes and UNK found , it often UNK the runway that prevented the situation producing the west Sample  2 :  " it ' s UNK pretty spectacular , yet we believe , not , but as coughlin added , " this represents those boys , although the nasty the opening Sample  3 :  for those things , this line that some sides are armed or UNK after november 15 — 25 years earlier , according to student pressure . eos Sample  4 :  " it ’ s the hardest thing to get us . eos Computing Dev/Test Perplexity
Train  0 Valid  170.179102624 Test  151.035222222
Saving... Done
Sample  0 :  however not he had one form by 18th america . eos Sample  1 :  sales wins to bond loans cut net delays cents 5 , 2007 . eos Sample  2 :  less has a viable surprise in january , but they agreed to mean new doctors , specifically after roughly 3,000 UNK items , things will have to be eligible for Sample  3 :  then , google ’ s UNK had five runs over the $ UNK million . eos Sample  4 :  “ moreover , when it was UNK , it didn ’ t think there could be a woman , ’ UNK life . eos Computing Dev/Test Perplexity
Train  0 Valid  170.554402312 Test  151.29875876
Saving... Done
Sample  0 :  during wednesday night republicans said she had even been largely alive . eos Sample  1 :  national sex conditioning : UNK , +1 UNK green , UNK , water college , UNK UNK UNK ’ s mr w. UNK , UNK UNK , boss UNK , Sample  2 :  research and UNK can see the dream player , but take a legitimate club requiring concerns about the government demand . eos Sample  3 :  the researchers operate of devices , bringing rich UNK payments with stress places for infection and other top lawyers that respond to nationwide google fraud and commercial chemicals in spirit Sample  4 :  having them to UNK those who stayed in the UNK areas , its polls call in sydney was opened . eos Computing Dev/Test Perplexity
Train  0 Valid  170.610925855 Test  151.530735024
Saving... Done
Sample  0 :  in the time , doing time , the site but plays UNK from an active compound into the UNK striker were put off into the UNK ball but snapped surgery Sample  1 :  the centre became the UNK of UNK intelligence on the continent and five years before the name that UNK was with their roads again . eos Sample  2 :  wednesday today , blackwater surrendered through music about their month , UNK musharraf . eos Sample  3 :  to date , please visit http : / / UNK / UNK . eos Sample  4 :  “ it does not make any tough push in prison with cruel , most evil life , but emotionally , at any great UNK . eos Computing Dev/Test Perplexity
Train  0 Valid  171.011577726 Test  151.355764878
Seen 90000 samples
Saving... Done
Sample  0 :  she added : “ this is myself all of taking you well but this sunday , but that ’ s gaining growing spreading in months by ' linebacker UNK UNK Sample  1 :  UNK UNK has probably UNK his style , a surprise of the yankees or patient help . eos Sample  2 :  london , oct. 21 ( upi ) -- franklin UNK UNK fatah UNK live UNK in april 11 : 57 . eos Sample  3 :  neither UNK is delighted for UNK . eos Sample  4 :  although an average is excluding common future , UNK , UNK &amp; stores were rapidly improved , october england 2007 eos Computing Dev/Test Perplexity
Train  0 Valid  170.059456805 Test  150.7741192
Saving... Done
Sample  0 :  by contrast , UNK park of UNK and has said plans can “ the sacrifice ' s recovered ” at least simply to transform an entire UNK pull together . Sample  1 :  the military has declared the UNK spending play as executive courts , which the date will meet enrollment on the UNK development , even though not to be . eos Sample  2 :  there was UNK houses who blamed about spears ' s schools in the years in 2003 . eos Sample  3 :  no , if yes , they ' re supposed to have a check sign here . he ' d UNK this kind of good party effects . eos Sample  4 :  fromong and his wife , like UNK , UNK leader , had chosen to remove a dream as much for UNK australian sense . eos Computing Dev/Test Perplexity
Train  0 Valid  170.664191515 Test  150.921999863
Saving... Done
Sample  0 :  the endorsement was disappointing in december . eos Sample  1 :  there are representative or in part of his UNK of what she wrote in a letter code about to mention of naked work on UNK who was celebrating the case Sample  2 :  i ’ m being worth one of them , though often . ” eos Sample  3 :  UNK UNK will pay for wildlife output as a progress of UNK ' s record UNK pan unpopular commission ' s UNK accord and a result of the council ' Sample  4 :  who is it this minimum . " eos Computing Dev/Test Perplexity
Train  0 Valid  170.598991835 Test  151.206085295
Saving... Done
Sample  0 :  he said : " my solution will also go to business for a tremendous way . eos Sample  1 :  standard UNK eos Sample  2 :  critics have begun in baghdad that the actual rate will be taken to legislation to designs while buying billions of dollars to maintain money , or can be taken on Sample  3 :  the additional clear police ban is not at least peak other players . eos Sample  4 :  " UNK is not a defendant today we ' re dying , UNK , " UNK said . eos Computing Dev/Test Perplexity
Train  0 Valid  170.447345349 Test  151.172750063
Saving... Done
Sample  0 :  both argue of an UNK mix of UNK land high quality ways that were beneath a “ UNK every circle ” to UNK ease “ tank ” . eos Sample  1 :  it clouds was really displayed in UNK gifts , whether she is playing . eos Sample  2 :  UNK ' s illness requires wide director UNK UNK . eos Sample  3 :  among drugs , other companies remain such not considering sleep UNK ( intelligent . eos Sample  4 :  but for a UNK side or for women during emissions , own pain they will announce his balance sheet of companies to work with £ 30,000 , to buy short-term Computing Dev/Test Perplexity
Train  0 Valid  170.280553399 Test  151.083792501
Saving... Done
Sample  0 :  UNK and UNK UNK from their UNK — private UNK children , 62 , of UNK and , with thai islam , is helping to prevent its ships using UNK Sample  1 :  other suppliers of the internet is high in protests spending in lebanon in the iraqi city , which has met soldiers with chief militants who have used passing to UNK Sample  2 :  he and obama try to have been run on keeping the points of the players that UNK were going through UNK and with her door , he told . eos Sample  3 :  throughout a decade -- some many boys offered the percentage of approval from space coverage of UNK parker on an awards loss from UNK caps and narrowly sent unspecified dogs Sample  4 :  chefs want to reach two junior 2 minutes again as opening their 14 holes , while golf therapy pick later that UNK UNK in shaping this year , like a Computing Dev/Test Perplexity
Train  0 Valid  169.922313346 Test  150.596879811
Seen 90000 samples
Saving... Done
Sample  0 :  mccain ( men ) from “ a pretty UNK , ” writing in UNK , UNK mr. UNK ’ s driver ' s UNK to get back to one plastic Sample  1 :  “ it remembers you , ” a former candidate UNK UNK said the only evidence of a christian flag as rookie b UNK . eos Sample  2 :  the dense UNK prompted a decrease in error . eos Sample  3 :  UNK : bbc radio assassination on 2008 UNK eos Sample  4 :  or though is you know , we won ' t do a serious idea for this . " eos Computing Dev/Test Perplexity
Train  0 Valid  170.31597683 Test  151.024802629
Saving... Done
Sample  0 :  on friday not alone was quiet recently , because of the tribunal in new york to 2001 after hurricane katrina in sept. 19 , johnson lost his dec. 2 bank Sample  1 :  road power in UNK booth volcano , however , reports under a health fight to promote the technology . eos Sample  2 :  sunderland should be the first name ' time seen and associated months after new york ' s emergency . eos Sample  3 :  referring to a italy ? eos Sample  4 :  it ' s first where every time far more UNK cruelty from posing to come back free . eos Computing Dev/Test Perplexity
Train  0 Valid  170.78699807 Test  150.98985952
Saving... Done
Sample  0 :  a film , a studies , of which you want to communicate for a big video - is a think that i looked pretty nervous which he ’ d sure Sample  1 :  his mind were desperately identified all his rivals . eos Sample  2 :  for instance , regulators were . eos Sample  3 :  in london , UNK completed the investment financing and less UNK counterparts . eos Sample  4 :  blackwater confirmed on friday that it was " extremely many key " to cooperate with forensic worker james , a UNK political evaluation in a former provincial military chief . Computing Dev/Test Perplexity
Train  0 Valid  170.401235904 Test  151.133254595
Saving... Done
Sample  0 :  UNK will still like a UNK for UNK risk eos Sample  1 :  " we have to give UNK attackers not affordable or to weather the project , " said UNK UNK , who says that i did not forces who have somehow Sample  2 :  while he was arrested by UNK , clinton ' s director of the american opponents said that no blocks ended up late in a small meeting , and a complaint Sample  3 :  this article — http : / / thescotsman.scotsman.com / sport.cfm ? UNK eos Sample  4 :  training polls are holding a restaurant . eos Computing Dev/Test Perplexity
Train  0 Valid  170.984030071 Test  151.395480583
Saving... Done
Sample  0 :  " everyone has has told to its commitment to the UNK and parliament until the commission was my and everybody was very pleased , " the campaign attorney general said Sample  1 :  if police tried six days in fighting , they do so snap , and called green programs that is expected to boycott their three-year UNK ahead ( of global pcs Sample  2 :  volume the UNK fleet across the world overall season and UNK to the village that UNK the past , they see both blake UNK , UNK flavor and UNK UNK Sample  3 :  “ guys at my league was UNK . eos Sample  4 :  adrian UNK added UNK breaks eos Computing Dev/Test Perplexity
Train  0 Valid  170.073686031 Test  150.890290457
Seen 90000 samples
Saving... Done
Sample  0 :  " these voters allow me to take effect a pair of over the turmoil we are working in our american connections , " hunter said . eos Sample  1 :  they should be internal , a source that UNK china . eos Sample  2 :  the inquest came from mercy third and his benchmark april 11 earlier thursday , and apparently became now getting quietly reserved for him to make merit a UNK UNK . Sample  3 :  three points were generating working on 1991 district of oregon to play at 2006 . eos Sample  4 :  a group of other militants identified a series , UNK films to investors and other witnesses to leave the rank of an inappropriate attack . eos Computing Dev/Test Perplexity
Train  0 Valid  170.559379542 Test  151.39856202
Saving... Done
Sample  0 :  last year , the supreme state government was still expected to help UNK a series console before night , while foreign officers stranded more at least two years ago . Sample  1 :  journalism UNK computers , inc . eos Sample  2 :  this stage UNK is now the UNK title as a champion , lord said , " not in it , " she said . eos Sample  3 :  " i ' m trying to call my campaign to nfl in the beat , " UNK UNK UNK smith told reporters . eos Sample  4 :  " many western issues are routinely waiting . eos Computing Dev/Test Perplexity
Train  0 Valid  170.289818636 Test  150.999950088
Saving... Done
Sample  0 :  UNK mohammed UNK , who hired UNK the natural mission plans . eos Sample  1 :  most of them is not known as having better than 10 years . eos Sample  2 :  " it ' s easy to beat the best way to come clean or build out of new income over the highest spots . eos Sample  3 :  UNK UNK is the first UNK u.s. grave and living in the queen and the moon is that they will have not say . eos Sample  4 :  UNK UNK sticks from UNK television eos Computing Dev/Test Perplexity
Train  0 Valid  170.28089079 Test  151.228253659
Saving... Done
Sample  0 :  peter UNK , the attorney general team dedicated to the UNK web site , said she UNK on thursday morning . eos Sample  1 :  he stepped up herself his way in her attempt by a bright kick , finishing off his field first , along with UNK wells . eos Sample  2 :  " his goal has been indeed points , " webb said . eos Sample  3 :  the UNK son ( one people . ) that a growing and one of human resources could have been sought down oil and to receive equipment . eos Sample  4 :  the focus of the last subtle UNK of medicine is providing internet technology to market attention . eos Computing Dev/Test Perplexity
Train  0 Valid  170.546982227 Test  151.189806097
Saving... Done
Sample  0 :  many retailers say no way may . eos Sample  1 :  clinton operates by crocker outside a crackdown on wednesday . eos Sample  2 :  mayor keith UNK said : " we have maintained that calling football fans put this bid to implement the UNK for the UNK act there about the corporation of UNK Sample  3 :  " these sense is best of the true foods of china . eos Sample  4 :  and if you ' d earn the business with UNK these yards and 5 every seat . eos Computing Dev/Test Perplexity
Train  0 Valid  170.584568206 Test  151.09142475
Saving... Done
Sample  0 :  if it ' s less than every two carries , we are addressed , ' he says , unfortunately everywhere , as anything how financial participants . eos Sample  1 :  all the population ’ s california post has also been run . eos Sample  2 :  one of her own mother , UNK , UNK UNK she left on UNK representatives . eos Sample  3 :  as then , it happened , the continuing high times of tours also began also _ were full yet . eos Sample  4 :  her father UNK himself into reaction but telling him he was in a watchdog UNK on an UNK that the UNK had not taken UNK on the possibility . eos Computing Dev/Test Perplexity
Early Stop!
Seen 82000 samples
====== Valid pplx: ===========
[213.07150161370902, 208.10884664626909, 205.21008389766476, 202.78302324249489, 201.41509252203835, 200.1614680653949, 199.01039957487225, 196.84393590629548, 195.09628506550115, 193.44462200192612, 191.43423069260783, 190.8251808970077, 189.97728341524356, 187.83563567050604, 186.87251720745553, 185.80879588615898, 185.72814379738671, 184.19990913949781, 183.41292409642051, 182.97978551691057, 182.38658471795472, 181.68234682124731, 181.25215947173839, 181.08893129868261, 179.87460077725689, 179.956250595277, 179.58823200365856, 178.57235961942183, 178.62856959053929, 178.42554630819185, 177.86397829547829, 177.74232278539924, 177.35483258111898, 176.74447079954254, 176.64582155671707, 176.30166328637665, 176.00476821389327, 175.98121939516406, 175.59808956184438, 175.47041640051458, 175.63753778085504, 175.10013585132393, 174.84958505183565, 174.25823983354087, 174.39841359113697, 174.0694470339856, 173.63157630732738, 174.27212665818706, 173.92044793639667, 174.5692413856257, 173.40877620331676, 173.2337471077947, 173.202630686563, 173.08663360853618, 172.638961361035, 172.50518474719996, 172.24949842878056, 172.68283382044214, 172.34957745232549, 172.15473124791927, 171.77813662348433, 172.32652546509956, 171.70413940814041, 171.29282248743047, 171.63833829235571, 171.57072258772675, 171.70654363882804, 171.25012702434128, 171.66977904191691, 170.80383936299506, 171.74490955970256, 171.44546322573115, 170.94855935733344, 170.89935588262645, 170.34541268612654, 170.72496542166434, 170.5478506633809, 170.82860563486756, 170.71133861778304, 170.72751701264389, 170.26684621888819, 170.55674217832663, 170.46106505655041, 170.53718705958804, 170.65011102094337, 170.87375789995252, 170.51725288485338, 170.68456955807017, 170.09457870967685, 170.47216258901574, 170.16262343121895, 170.17910262422296, 170.55440231229687, 170.61092585539356, 171.01157772611654, 170.05945680538304, 170.66419151526694, 170.59899183469827, 170.44734534885541, 170.28055339897841, 169.92231334597321, 170.31597683016679, 170.78699807013288, 170.4012359043559, 170.98403007120683, 170.07368603093587, 170.55937954205027, 170.28981863609644, 170.28089078994614, 170.54698222714532, 170.58456820562904] 
========== Test pplx: ==========
[191.12584629910398, 186.36227712806962, 183.54481274035544, 181.05432186592174, 179.25530722319985, 177.94435728419325, 176.51107974872093, 175.0920298629629, 173.67190331842826, 172.29455904741377, 171.05428933410712, 170.24025292393659, 169.40998061808025, 167.99312802638269, 166.95308848478064, 166.01480284584395, 165.91301488453013, 164.91666607812598, 164.32511437095272, 163.52530629342934, 163.2172989275816, 162.79052102063085, 162.03505126659016, 161.62903635863353, 160.91939967431423, 160.55374563714361, 159.98662084199395, 159.51904202331303, 159.35942406309172, 159.12956258177633, 158.6063522056663, 158.27428369389997, 157.82824639693717, 157.69303946940639, 157.29751660572688, 157.04390520568737, 156.82008421346643, 156.73288387844622, 156.35367399997361, 156.33579324216049, 156.07101454978641, 155.99461447944469, 155.57638607794175, 155.19640045919709, 155.16358172355666, 155.01108473944549, 154.62989903491618, 154.8840129450341, 154.86811811903803, 154.85216502813185, 154.21362393270979, 153.98736972216412, 154.00888644087951, 153.82649023835623, 153.65666209020432, 153.61672751941896, 153.41172204224404, 153.19814088461038, 153.31407372191825, 152.98413677495108, 152.67873972721588, 153.14894063020742, 152.81291133917105, 152.63028359472634, 152.55406276360549, 152.50264010468948, 152.53616735379211, 152.3263701568053, 152.29233989350982, 152.20885949655116, 152.30028632024781, 151.95733368743308, 151.96317836738439, 151.85815987519425, 151.66283786274414, 151.79433638103046, 151.59218470729326, 151.74630335218276, 151.73599242886982, 151.55157767106846, 151.40540130489572, 151.43710064571195, 151.43690971161084, 151.3491207908576, 151.40177540174474, 151.38483768291019, 151.29312813681528, 151.20796185971764, 150.98581497149664, 151.24049250804077, 151.11724418850989, 151.03522222228273, 151.29875876017999, 151.53073502431204, 151.3557648781443, 150.77411919981196, 150.92199986253544, 151.20608529538853, 151.17275006313153, 151.0837925010747, 150.59687981090934, 151.02480262890123, 150.98985952007524, 151.13325459460452, 151.39548058268991, 150.89029045733136, 151.39856201969744, 150.99995008773442, 151.22825365926548, 151.1898060965471, 151.09142474974337] 
================================

Train  0 Valid  169.922313346 Test  150.596879811
